12-06-2018 08:29:36 1528756176359 BuildInfo[
                          Build=20180216
                          BuildNumber=20180216
                          Revision=539b124
                          Version=3.9.3
                          SerialVersion=1
                          Enterprise=false]
12-06-2018 08:29:36 1528756176359 SystemProperties[
                          hazelcast.diagnostics.enabled=true
                          hazelcast.shutdownhook.enabled=false
                          java.class.path=/Library/Java/JavaVirtualMachines/jdk1.8.0_152.jdk/Contents/Home/jre/lib/resources.jar:/Library/Java/JavaVirtualMachines/jdk1.8.0_152.jdk/Contents/Home/jre/lib/rt.jar:/Library/Java/JavaVirtualMachines/jdk1.8.0_152.jdk/Contents/Home/jre/lib/jsse.jar:/Library/Java/JavaVirtualMachines/jdk1.8.0_152.jdk/Contents/Home/jre/lib/jce.jar:/Library/Java/JavaVirtualMachines/jdk1.8.0_152.jdk/Contents/Home/jre/lib/charsets.jar:/Library/Java/JavaVirtualMachines/jdk1.8.0_152.jdk/Contents/Home/jre/lib/jfr.jar:/Library/Java/JavaVirtualMachines/jdk1.8.0_152.jdk/Contents/Home/jre/lib/ext/sunec.jar:/Library/Java/JavaVirtualMachines/jdk1.8.0_152.jdk/Contents/Home/jre/lib/ext/nashorn.jar:/Library/Java/JavaVirtualMachines/jdk1.8.0_152.jdk/Contents/Home/jre/lib/ext/cldrdata.jar:/Library/Java/JavaVirtualMachines/jdk1.8.0_152.jdk/Contents/Home/jre/lib/ext/jfxrt.jar:/Library/Java/JavaVirtualMachines/jdk1.8.0_152.jdk/Contents/Home/jre/lib/ext/dnsns.jar:/Library/Java/JavaVirtualMachines/jdk1.8.0_152.jdk/Contents/Home/jre/lib/ext/localedata.jar:/Library/Java/JavaVirtualMachines/jdk1.8.0_152.jdk/Contents/Home/jre/lib/ext/sunjce_provider.jar:/Library/Java/JavaVirtualMachines/jdk1.8.0_152.jdk/Contents/Home/jre/lib/ext/sunpkcs11.jar:/Library/Java/JavaVirtualMachines/jdk1.8.0_152.jdk/Contents/Home/jre/lib/ext/jaccess.jar:/Library/Java/JavaVirtualMachines/jdk1.8.0_152.jdk/Contents/Home/jre/lib/ext/zipfs.jar:/System/Library/Java/Extensions/MRJToolkit.jar:/Users/acrow/projects/genny/bridge/target/classes:/Users/acrow/.m2/repository/javax/money/money-api/1.0/money-api-1.0.jar:/Users/acrow/.m2/repository/javax/annotation/javax.annotation-api/1.2/javax.annotation-api-1.2.jar:/Users/acrow/.m2/repository/javax/xml/bind/jaxb-api/2.3.0/jaxb-api-2.3.0.jar:/Users/acrow/.m2/repository/javax/activation/activation/1.1/activation-1.1.jar:/Users/acrow/.m2/repository/javax/xml/bind/jsr173_api/1.0/jsr173_api-1.0.jar:/Users/acrow/.m2/repository/javax/mail/mail/1.4.4/mail-1.4.4.jar:/Users/acrow/.m2/repository/javax/servlet/servlet-api/2.5/servlet-api-2.5.jar:/Users/acrow/.m2/repository/life/genny/genny-verticle/1.0.39/genny-verticle-1.0.39.jar:/Users/acrow/.m2/repository/com/hazelcast/hazelcast/3.9.3/hazelcast-3.9.3.jar:/Users/acrow/.m2/repository/com/hazelcast/hazelcast-client/3.9.3/hazelcast-client-3.9.3.jar:/Users/acrow/.m2/repository/io/vertx/vertx-redis-client/3.5.1/vertx-redis-client-3.5.1.jar:/Users/acrow/.m2/repository/io/vertx/vertx-core/3.5.1/vertx-core-3.5.1.jar:/Users/acrow/.m2/repository/io/netty/netty-common/4.1.19.Final/netty-common-4.1.19.Final.jar:/Users/acrow/.m2/repository/io/netty/netty-buffer/4.1.19.Final/netty-buffer-4.1.19.Final.jar:/Users/acrow/.m2/repository/io/netty/netty-transport/4.1.19.Final/netty-transport-4.1.19.Final.jar:/Users/acrow/.m2/repository/io/netty/netty-resolver/4.1.19.Final/netty-resolver-4.1.19.Final.jar:/Users/acrow/.m2/repository/io/netty/netty-handler/4.1.19.Final/netty-handler-4.1.19.Final.jar:/Users/acrow/.m2/repository/io/netty/netty-codec/4.1.19.Final/netty-codec-4.1.19.Final.jar:/Users/acrow/.m2/repository/io/netty/netty-handler-proxy/4.1.19.Final/netty-handler-proxy-4.1.19.Final.jar:/Users/acrow/.m2/repository/io/netty/netty-codec-socks/4.1.19.Final/netty-codec-socks-4.1.19.Final.jar:/Users/acrow/.m2/repository/io/netty/netty-codec-http/4.1.19.Final/netty-codec-http-4.1.19.Final.jar:/Users/acrow/.m2/repository/io/netty/netty-codec-http2/4.1.19.Final/netty-codec-http2-4.1.19.Final.jar:/Users/acrow/.m2/repository/io/netty/netty-resolver-dns/4.1.19.Final/netty-resolver-dns-4.1.19.Final.jar:/Users/acrow/.m2/repository/io/netty/netty-codec-dns/4.1.19.Final/netty-codec-dns-4.1.19.Final.jar:/Users/acrow/.m2/repository/com/fasterxml/jackson/core/jackson-core/2.9.3/jackson-core-2.9.3.jar:/Users/acrow/.m2/repository/com/fasterxml/jackson/core/jackson-databind/2.9.1/jackson-databind-2.9.1.jar:/Users/acrow/.m2/repository/com/fasterxml/jackson/core/jackson-annotations/2.9.0/jackson-annotations-2.9.0.jar:/Users/acrow/.m2/repository/io/vertx/vertx-web/3.5.1/vertx-web-3.5.1.jar:/Users/acrow/.m2/repository/io/vertx/vertx-auth-common/3.5.1/vertx-auth-common-3.5.1.jar:/Users/acrow/.m2/repository/io/vertx/vertx-bridge-common/3.5.1/vertx-bridge-common-3.5.1.jar:/Users/acrow/.m2/repository/com/google/code/gson/gson/2.8.0/gson-2.8.0.jar:/Users/acrow/.m2/repository/io/vertx/vertx-reactive-streams/3.5.1/vertx-reactive-streams-3.5.1.jar:/Users/acrow/.m2/repository/org/reactivestreams/reactive-streams/1.0.2/reactive-streams-1.0.2.jar:/Users/acrow/.m2/repository/io/vertx/vertx-rx-java/3.5.1/vertx-rx-java-3.5.1.jar:/Users/acrow/.m2/repository/io/reactivex/rxjava/1.3.5/rxjava-1.3.5.jar:/Users/acrow/.m2/repository/org/apache/logging/log4j/log4j-core/2.5/log4j-core-2.5.jar:/Users/acrow/.m2/repository/org/apache/logging/log4j/log4j-api/2.5/log4j-api-2.5.jar:/Users/acrow/.m2/repository/io/vertx/vertx-hazelcast/3.5.1/vertx-hazelcast-3.5.1.jar:/Users/acrow/.m2/repository/commons-lang/commons-lang/2.6/commons-lang-2.6.jar:/Users/acrow/.m2/repository/io/vertx/vertx-dropwizard-metrics/3.5.1/vertx-dropwizard-metrics-3.5.1.jar:/Users/acrow/.m2/repository/io/dropwizard/metrics/metrics-core/4.0.2/metrics-core-4.0.2.jar:/Users/acrow/.m2/repository/life/genny/qwanda-utils/1.0.39/qwanda-utils-1.0.39.jar:/Users/acrow/.m2/repository/org/javamoney/moneta/1.1/moneta-1.1.jar:/Users/acrow/.m2/repository/commons-io/commons-io/2.5/commons-io-2.5.jar:/Users/acrow/.m2/repository/org/eclipse/jgit/org.eclipse.jgit/4.8.0.201706111038-r/org.eclipse.jgit-4.8.0.201706111038-r.jar:/Users/acrow/.m2/repository/com/jcraft/jsch/0.1.54/jsch-0.1.54.jar:/Users/acrow/.m2/repository/com/googlecode/javaewah/JavaEWAH/1.1.6/JavaEWAH-1.1.6.jar:/Users/acrow/.m2/repository/org/apache/httpcomponents/httpclient/4.5.5/httpclient-4.5.5.jar:/Users/acrow/.m2/repository/org/apache/httpcomponents/httpcore/4.4.9/httpcore-4.4.9.jar:/Users/acrow/.m2/repository/commons-logging/commons-logging/1.2/commons-logging-1.2.jar:/Users/acrow/.m2/repository/commons-codec/commons-codec/1.10/commons-codec-1.10.jar:/Users/acrow/.m2/repository/org/slf4j/slf4j-api/1.7.2/slf4j-api-1.7.2.jar:/Users/acrow/.m2/repository/life/genny/qwanda/1.0.39/qwanda-1.0.39.jar:/Users/acrow/.m2/repository/org/zalando/jackson-datatype-money/1.0.0/jackson-datatype-money-1.0.0.jar:/Users/acrow/.m2/repository/org/hsqldb/hsqldb/2.4.0/hsqldb-2.4.0.jar:/Users/acrow/.m2/repository/org/hibernate/hibernate-envers/5.2.13.Final/hibernate-envers-5.2.13.Final.jar:/Users/acrow/.m2/repository/org/jboss/logging/jboss-logging/3.3.1.Final/jboss-logging-3.3.1.Final.jar:/Users/acrow/.m2/repository/org/hibernate/hibernate-core/5.2.13.Final/hibernate-core-5.2.13.Final.jar:/Users/acrow/.m2/repository/org/hibernate/javax/persistence/hibernate-jpa-2.1-api/1.0.0.Final/hibernate-jpa-2.1-api-1.0.0.Final.jar:/Users/acrow/.m2/repository/org/javassist/javassist/3.22.0-GA/javassist-3.22.0-GA.jar:/Users/acrow/.m2/repository/antlr/antlr/2.7.7/antlr-2.7.7.jar:/Users/acrow/.m2/repository/org/jboss/spec/javax/transaction/jboss-transaction-api_1.2_spec/1.0.1.Final/jboss-transaction-api_1.2_spec-1.0.1.Final.jar:/Users/acrow/.m2/repository/org/jboss/jandex/2.0.3.Final/jandex-2.0.3.Final.jar:/Users/acrow/.m2/repository/com/fasterxml/classmate/1.3.0/classmate-1.3.0.jar:/Users/acrow/.m2/repository/dom4j/dom4j/1.6.1/dom4j-1.6.1.jar:/Users/acrow/.m2/repository/xml-apis/xml-apis/1.0.b2/xml-apis-1.0.b2.jar:/Users/acrow/.m2/repository/org/hibernate/common/hibernate-commons-annotations/5.0.1.Final/hibernate-commons-annotations-5.0.1.Final.jar:/Users/acrow/.m2/repository/com/fasterxml/jackson/datatype/jackson-datatype-jsr310/2.8.7/jackson-datatype-jsr310-2.8.7.jar:/Users/acrow/.m2/repository/org/apache/commons/commons-lang3/3.5/commons-lang3-3.5.jar:/Users/acrow/.m2/repository/com/google/guava/guava/24.0-jre/guava-24.0-jre.jar:/Users/acrow/.m2/repository/com/google/code/findbugs/jsr305/1.3.7/jsr305-1.3.7.jar:/Users/acrow/.m2/repository/org/checkerframework/checker-compat-qual/2.0.0/checker-compat-qual-2.0.0.jar:/Users/acrow/.m2/repository/com/google/errorprone/error_prone_annotations/2.1.3/error_prone_annotations-2.1.3.jar:/Users/acrow/.m2/repository/com/google/j2objc/j2objc-annotations/1.1/j2objc-annotations-1.1.jar:/Users/acrow/.m2/repository/org/codehaus/mojo/animal-sniffer-annotations/1.14/animal-sniffer-annotations-1.14.jar:/Users/acrow/.m2/repository/org/json/json/20170516/json-20170516.jar:/Users/acrow/.m2/repository/com/googlecode/json-simple/json-simple/1.1/json-simple-1.1.jar:/Users/acrow/.m2/repository/commons-beanutils/commons-beanutils/1.9.3/commons-beanutils-1.9.3.jar:/Users/acrow/.m2/repository/commons-collections/commons-collections/3.2.2/commons-collections-3.2.2.jar:/Users/acrow/.m2/repository/org/keycloak/keycloak-admin-client/3.4.0.Final/keycloak-admin-client-3.4.0.Final.jar:/Users/acrow/.m2/repository/org/keycloak/keycloak-core/3.4.0.Final/keycloak-core-3.4.0.Final.jar:/Users/acrow/.m2/repository/org/keycloak/keycloak-common/3.4.0.Final/keycloak-common-3.4.0.Final.jar:/Users/acrow/.m2/repository/org/bouncycastle/bcprov-jdk15on/1.56/bcprov-jdk15on-1.56.jar:/Users/acrow/.m2/repository/org/bouncycastle/bcpkix-jdk15on/1.56/bcpkix-jdk15on-1.56.jar:/Users/acrow/.m2/repository/org/jboss/resteasy/resteasy-multipart-provider/3.0.4.Final/resteasy-multipart-provider-3.0.4.Final.jar:/Users/acrow/.m2/repository/org/jboss/resteasy/resteasy-jaxrs/3.0.4.Final/resteasy-jaxrs-3.0.4.Final.jar:/Users/acrow/.m2/repository/org/jboss/resteasy/jaxrs-api/3.0.4.Final/jaxrs-api-3.0.4.Final.jar:/Users/acrow/.m2/repository/org/scannotation/scannotation/1.0.3/scannotation-1.0.3.jar:/Users/acrow/.m2/repository/javassist/javassist/3.12.1.GA/javassist-3.12.1.GA.jar:/Users/acrow/.m2/repository/org/jboss/spec/javax/annotation/jboss-annotations-api_1.1_spec/1.0.1.Final/jboss-annotations-api_1.1_spec-1.0.1.Final.jar:/Users/acrow/.m2/repository/net/jcip/jcip-annotations/1.0/jcip-annotations-1.0.jar:/Users/acrow/.m2/repository/org/jboss/resteasy/resteasy-jaxb-provider/3.0.4.Final/resteasy-jaxb-provider-3.0.4.Final.jar:/Users/acrow/.m2/repository/com/sun/xml/bind/jaxb-impl/2.2.7/jaxb-impl-2.2.7.jar:/Users/acrow/.m2/repository/com/sun/xml/bind/jaxb-core/2.2.7/jaxb-core-2.2.7.jar:/Users/acrow/.m2/repository/com/sun/istack/istack-commons-runtime/2.16/istack-commons-runtime-2.16.jar:/Users/acrow/.m2/repository/com/sun/xml/fastinfoset/FastInfoset/1.2.12/FastInfoset-1.2.12.jar:/Users/acrow/.m2/repository/org/apache/james/apache-mime4j/0.6/apache-mime4j-0.6.jar:/Users/acrow/.m2/repository/org/codehaus/jackson/jackson-jaxrs/1.9.13/jackson-jaxrs-1.9.13.jar:/Users/acrow/.m2/repository/org/codehaus/jackson/jackson-core-asl/1.9.13/jackson-core-asl-1.9.13.jar:/Users/acrow/.m2/repository/org/codehaus/jackson/jackson-mapper-asl/1.9.13/jackson-mapper-asl-1.9.13.jar:/Users/acrow/.m2/repository/com/google/gdata/core/1.47.1/core-1.47.1.jar:/Users/acrow/.m2/repository/com/google/oauth-client/google-oauth-client-jetty/1.11.0-beta/google-oauth-client-jetty-1.11.0-beta.jar:/Users/acrow/.m2/repository/com/google/oauth-client/google-oauth-client-java6/1.11.0-beta/google-oauth-client-java6-1.11.0-beta.jar:/Users/acrow/.m2/repository/com/google/oauth-client/google-oauth-client/1.23.0/google-oauth-client-1.23.0.jar:/Users/acrow/.m2/repository/com/google/http-client/google-http-client/1.23.0/google-http-client-1.23.0.jar:/Users/acrow/.m2/repository/org/mortbay/jetty/jetty/6.1.26/jetty-6.1.26.jar:/Users/acrow/.m2/repository/org/mortbay/jetty/jetty-util/6.1.26/jetty-util-6.1.26.jar:/Users/acrow/.m2/repository/org/mortbay/jetty/servlet-api/2.5-20081211/servlet-api-2.5-20081211.jar:/Users/acrow/.m2/repository/com/google/apis/google-api-services-sheets/v4-rev483-1.22.0/google-api-services-sheets-v4-rev483-1.22.0.jar:/Users/acrow/.m2/repository/com/google/apis/google-api-services-drive/v3-rev90-1.23.0/google-api-services-drive-v3-rev90-1.23.0.jar:/Users/acrow/.m2/repository/com/google/api-client/google-api-client/1.23.0/google-api-client-1.23.0.jar:/Users/acrow/.m2/repository/com/google/http-client/google-http-client-jackson2/1.23.0/google-http-client-jackson2-1.23.0.jar:/Users/acrow/.m2/repository/com/google/guava/guava-jdk5/17.0/guava-jdk5-17.0.jar:/Users/acrow/projects/genny/genny-verticle/target/classes:/Users/acrow/.m2/repository/com/fasterxml/jackson/core/jackson-databind/2.9.3/jackson-databind-2.9.3.jar:/Users/acrow/projects/genny/qwanda-utils/target/classes:/Users/acrow/.m2/repository/org/apache/logging/log4j/log4j-api/2.9.1/log4j-api-2.9.1.jar:/Users/acrow/.m2/repository/org/apache/logging/log4j/log4j-core/2.9.1/log4j-core-2.9.1.jar:/Users/acrow/.m2/repository/junit/junit/4.12/junit-4.12.jar:/Users/acrow/.m2/repository/org/hamcrest/hamcrest-core/1.3/hamcrest-core-1.3.jar:/Users/acrow/.m2/repository/org/hamcrest/hamcrest-library/1.3/hamcrest-library-1.3.jar:/Users/acrow/.m2/repository/com/fasterxml/jackson/core/jackson-core/2.9.1/jackson-core-2.9.1.jar:/Users/acrow/.m2/repository/com/google/code/gson/gson/2.8.2/gson-2.8.2.jar:/Users/acrow/.m2/repository/org/keycloak/keycloak-adapter-core/3.4.0.Final/keycloak-adapter-core-3.4.0.Final.jar:/Users/acrow/.m2/repository/org/keycloak/keycloak-adapter-spi/3.4.0.Final/keycloak-adapter-spi-3.4.0.Final.jar:/Users/acrow/.m2/repository/io/vertx/vertx-core/3.4.2/vertx-core-3.4.2.jar:/Users/acrow/.m2/repository/io/netty/netty-common/4.1.8.Final/netty-common-4.1.8.Final.jar:/Users/acrow/.m2/repository/io/netty/netty-buffer/4.1.8.Final/netty-buffer-4.1.8.Final.jar:/Users/acrow/.m2/repository/io/netty/netty-transport/4.1.8.Final/netty-transport-4.1.8.Final.jar:/Users/acrow/.m2/repository/io/netty/netty-resolver/4.1.8.Final/netty-resolver-4.1.8.Final.jar:/Users/acrow/.m2/repository/io/netty/netty-handler/4.1.8.Final/netty-handler-4.1.8.Final.jar:/Users/acrow/.m2/repository/io/netty/netty-codec/4.1.8.Final/netty-codec-4.1.8.Final.jar:/Users/acrow/.m2/repository/io/netty/netty-handler-proxy/4.1.8.Final/netty-handler-proxy-4.1.8.Final.jar:/Users/acrow/.m2/repository/io/netty/netty-codec-socks/4.1.8.Final/netty-codec-socks-4.1.8.Final.jar:/Users/acrow/.m2/repository/io/netty/netty-codec-http/4.1.8.Final/netty-codec-http-4.1.8.Final.jar:/Users/acrow/.m2/repository/io/netty/netty-codec-http2/4.1.8.Final/netty-codec-http2-4.1.8.Final.jar:/Users/acrow/.m2/repository/io/netty/netty-resolver-dns/4.1.8.Final/netty-resolver-dns-4.1.8.Final.jar:/Users/acrow/.m2/repository/io/netty/netty-codec-dns/4.1.8.Final/netty-codec-dns-4.1.8.Final.jar:/Users/acrow/projects/genny/qwanda/target/classes:/Users/acrow/.m2/repository/javax/validation/validation-api/2.0.1.Final/validation-api-2.0.1.Final.jar:/Users/acrow/.m2/repository/com/fasterxml/jackson/core/jackson-databind/2.8.7/jackson-databind-2.8.7.jar:/Users/acrow/.m2/repository/com/fasterxml/jackson/core/jackson-annotations/2.8.7/jackson-annotations-2.8.7.jar:/Users/acrow/.m2/repository/com/fasterxml/jackson/core/jackson-core/2.8.7/jackson-core-2.8.7.jar:/Users/acrow/.m2/repository/org/hibernate/hibernate-core/5.2.16.Final/hibernate-core-5.2.16.Final.jar:/Users/acrow/.m2/repository/org/hibernate/validator/hibernate-validator/6.0.7.Final/hibernate-validator-6.0.7.Final.jar:/Users/acrow/.m2/repository/org/hibernate/hibernate-annotations/3.5.6-Final/hibernate-annotations-3.5.6-Final.jar:/Users/acrow/.m2/repository/org/hibernate/hibernate-commons-annotations/3.2.0.Final/hibernate-commons-annotations-3.2.0.Final.jar:/Users/acrow/.m2/repository/org/slf4j/slf4j-api/1.5.8/slf4j-api-1.5.8.jar:/Users/acrow/.m2/repository/org/hibernate/javax/persistence/hibernate-jpa-2.0-api/1.0.0.Final/hibernate-jpa-2.0-api-1.0.0.Final.jar:/Users/acrow/.m2/repository/com/h2database/h2/1.4.193/h2-1.4.193.jar:/Users/acrow/.m2/repository/org/hibernate/hibernate-spatial/5.2.16.Final/hibernate-spatial-5.2.16.Final.jar:/Users/acrow/.m2/repository/org/postgresql/postgresql/42.1.4/postgresql-42.1.4.jar:/Users/acrow/.m2/repository/org/geolatte/geolatte-geom/1.2.0/geolatte-geom-1.2.0.jar:/Users/acrow/.m2/repository/com/vividsolutions/jts/1.13/jts-1.13.jar:/Users/acrow/.m2/repository/org/hibernate/hibernate-java8/5.2.16.Final/hibernate-java8-5.2.16.Final.jar:/Users/acrow/.m2/repository/com/google/code/findbugs/jsr305/1.3.9/jsr305-1.3.9.jar
                          java.class.version=52.0
                          java.endorsed.dirs=/Library/Java/JavaVirtualMachines/jdk1.8.0_152.jdk/Contents/Home/jre/lib/endorsed
                          java.ext.dirs=/Users/acrow/Library/Java/Extensions:/Library/Java/JavaVirtualMachines/jdk1.8.0_152.jdk/Contents/Home/jre/lib/ext:/Library/Java/Extensions:/Network/Library/Java/Extensions:/System/Library/Java/Extensions:/usr/lib/java
                          java.home=/Library/Java/JavaVirtualMachines/jdk1.8.0_152.jdk/Contents/Home/jre
                          java.io.tmpdir=/var/folders/jj/pnzvw3wj0632fcdzg5ldyk500000gn/T/
                          java.library.path=/Users/acrow/Library/Java/Extensions:/Library/Java/Extensions:/Network/Library/Java/Extensions:/System/Library/Java/Extensions:/usr/lib/java:.
                          java.runtime.name=Java(TM) SE Runtime Environment
                          java.runtime.version=1.8.0_152-b16
                          java.specification.name=Java Platform API Specification
                          java.specification.vendor=Oracle Corporation
                          java.specification.version=1.8
                          java.vendor=Oracle Corporation
                          java.vendor.url=http://java.oracle.com/
                          java.vendor.url.bug=http://bugreport.sun.com/bugreport/
                          java.version=1.8.0_152
                          java.vm.args=-agentlib:jdwp=transport=dt_socket,suspend=y,address=localhost:60873 -Drebel.base=/Users/acrow/.jrebel -Drebel.env.ide.plugin.version=7.1.5 -Drebel.env.ide.version=4.7.3 -Drebel.env.ide.product=Eclipse -Drebel.env.ide=eclipse -Drebel.notification.url=http://localhost:17434 -Drebel.workspace.path=/Users/acrow/eclipse-workspace -Drebel.properties=/Users/acrow/.jrebel/jrebel.properties -agentpath:/Users/acrow/eclipse/java-oxygen/Eclipse.app/Contents/MacOS/../../../../../.p2/pool/plugins/org.zeroturnaround.eclipse.embedder_7.1.5.RELEASE/jrebel/lib/libjrebel64.dylib -Dvertx.options.blockedThreadCheckInterval=2147483647 -Dhazelcast.diagnostics.enabled=true -Dfile.encoding=UTF-8 
                          java.vm.info=mixed mode
                          java.vm.name=Java HotSpot(TM) 64-Bit Server VM
                          java.vm.specification.name=Java Virtual Machine Specification
                          java.vm.specification.vendor=Oracle Corporation
                          java.vm.specification.version=1.8
                          java.vm.vendor=Oracle Corporation
                          java.vm.version=25.152-b16
                          os.arch=x86_64
                          os.name=Mac OS X
                          os.version=10.13.4
                          sun.arch.data.model=64
                          sun.boot.class.path=/Library/Java/JavaVirtualMachines/jdk1.8.0_152.jdk/Contents/Home/jre/lib/resources.jar:/Library/Java/JavaVirtualMachines/jdk1.8.0_152.jdk/Contents/Home/jre/lib/rt.jar:/Library/Java/JavaVirtualMachines/jdk1.8.0_152.jdk/Contents/Home/jre/lib/sunrsasign.jar:/Library/Java/JavaVirtualMachines/jdk1.8.0_152.jdk/Contents/Home/jre/lib/jsse.jar:/Library/Java/JavaVirtualMachines/jdk1.8.0_152.jdk/Contents/Home/jre/lib/jce.jar:/Library/Java/JavaVirtualMachines/jdk1.8.0_152.jdk/Contents/Home/jre/lib/charsets.jar:/Library/Java/JavaVirtualMachines/jdk1.8.0_152.jdk/Contents/Home/jre/lib/jfr.jar:/Library/Java/JavaVirtualMachines/jdk1.8.0_152.jdk/Contents/Home/jre/classes:/Users/acrow/.p2/pool/plugins/org.zeroturnaround.eclipse.embedder_7.1.5.RELEASE/jrebel/jrebel.jar
                          sun.boot.library.path=/Library/Java/JavaVirtualMachines/jdk1.8.0_152.jdk/Contents/Home/jre/lib
                          sun.cpu.endian=little
                          sun.cpu.isalist=
                          sun.io.unicode.encoding=UnicodeBig
                          sun.java.command=io.vertx.core.Launcher run life.genny.bridge.ServiceVerticle —redeploy=**/*.java —launcher-class=io.vertx.core.Launcher -cluster
                          sun.java.launcher=SUN_STANDARD
                          sun.jnu.encoding=UTF-8
                          sun.management.compiler=HotSpot 64-Bit Tiered Compilers
                          sun.nio.ch.bugLevel=
                          sun.os.patch.level=unknown]
12-06-2018 08:29:36 1528756176359 ConfigProperties[
                          hazelcast.mancenter.enabled=false
                          hazelcast.memcache.enabled=false
                          hazelcast.rest.enabled=false
                          hazelcast.wait.seconds.before.join=0]
12-06-2018 08:29:36 1528756176360 Metric[classloading.loadedClassesCount=9108]
12-06-2018 08:29:36 1528756176360 Metric[classloading.totalLoadedClassesCount=9109]
12-06-2018 08:29:36 1528756176360 Metric[classloading.unloadedClassCount=0]
12-06-2018 08:29:36 1528756176360 Metric[client.endpoint.count=0]
12-06-2018 08:29:36 1528756176360 Metric[client.endpoint.totalRegistrations=0]
12-06-2018 08:29:36 1528756176360 Metric[cluster.clock.clusterTimeDiff=0]
12-06-2018 08:29:36 1528756176360 Metric[cluster.clock.maxClusterTimeDiff=0]
12-06-2018 08:29:36 1528756176360 Metric[event.eventQueueSize=0]
12-06-2018 08:29:36 1528756176360 Metric[event.eventsProcessed=5]
12-06-2018 08:29:36 1528756176360 Metric[executor.[hz:async].queueSize=0]
12-06-2018 08:29:36 1528756176360 Metric[executor.[hz:client-query].queueSize=0]
12-06-2018 08:29:36 1528756176360 Metric[executor.[hz:client].queueSize=0]
12-06-2018 08:29:36 1528756176360 Metric[executor.[hz:cluster:event].queueSize=0]
12-06-2018 08:29:36 1528756176360 Metric[executor.[hz:cluster].queueSize=0]
12-06-2018 08:29:36 1528756176360 Metric[executor.[hz:offloadable].queueSize=0]
12-06-2018 08:29:36 1528756176360 Metric[executor.[hz:scheduled:cqc:79fab11f-8d0d-4e41-ba07-4f5cad90a430].queueSize=0]
12-06-2018 08:29:36 1528756176360 Metric[executor.[hz:scheduled].queueSize=0]
12-06-2018 08:29:36 1528756176360 Metric[executor.[hz:system].queueSize=0]
12-06-2018 08:29:36 1528756176360 Metric[file.partition[user.home].freeSpace=374186373120]
12-06-2018 08:29:36 1528756176360 Metric[file.partition[user.home].totalSpace=1000240963584]
12-06-2018 08:29:36 1528756176360 Metric[file.partition[user.home].usableSpace=360553795584]
12-06-2018 08:29:36 1528756176360 Metric[gc.majorCount=2]
12-06-2018 08:29:36 1528756176360 Metric[gc.majorTime=106]
12-06-2018 08:29:36 1528756176360 Metric[gc.minorCount=9]
12-06-2018 08:29:36 1528756176360 Metric[gc.minorTime=59]
12-06-2018 08:29:36 1528756176360 Metric[gc.unknownCount=0]
12-06-2018 08:29:36 1528756176360 Metric[gc.unknownTime=0]
12-06-2018 08:29:36 1528756176360 Metric[operation.callTimeoutCount=0]
12-06-2018 08:29:36 1528756176360 Metric[operation.completedCount=0]
12-06-2018 08:29:36 1528756176360 Metric[operation.failedBackups=0]
12-06-2018 08:29:36 1528756176360 Metric[operation.invocations.backupTimeouts=0]
12-06-2018 08:29:36 1528756176360 Metric[operation.invocations.normalTimeouts=0]
12-06-2018 08:29:36 1528756176360 Metric[operation.invocations.pending=0]
12-06-2018 08:29:36 1528756176360 Metric[operation.invocations.responses[backup]=0]
12-06-2018 08:29:36 1528756176360 Metric[operation.invocations.responses[error]=0]
12-06-2018 08:29:36 1528756176360 Metric[operation.invocations.responses[missing]=0]
12-06-2018 08:29:36 1528756176360 Metric[operation.invocations.responses[normal]=0]
12-06-2018 08:29:36 1528756176360 Metric[operation.invocations.responses[timeout]=0]
12-06-2018 08:29:36 1528756176360 Metric[operation.operationTimeoutCount=0]
12-06-2018 08:29:36 1528756176360 Metric[operation.priorityQueueSize=0]
12-06-2018 08:29:36 1528756176360 Metric[operation.queueSize=0]
12-06-2018 08:29:36 1528756176360 Metric[operation.responseQueueSize=0]
12-06-2018 08:29:36 1528756176360 Metric[operation.retryCount=0]
12-06-2018 08:29:36 1528756176360 Metric[os.committedVirtualMemorySize=10567479296]
12-06-2018 08:29:36 1528756176360 Metric[os.freePhysicalMemorySize=1906327552]
12-06-2018 08:29:36 1528756176360 Metric[os.freeSwapSpaceSize=1538785280]
12-06-2018 08:29:36 1528756176360 Metric[os.maxFileDescriptorCount=10240]
12-06-2018 08:29:36 1528756176360 Metric[os.openFileDescriptorCount=384]
12-06-2018 08:29:36 1528756176360 Metric[os.processCpuLoad=0.0]
12-06-2018 08:29:36 1528756176360 Metric[os.processCpuTime=24315825000]
12-06-2018 08:29:36 1528756176360 Metric[os.systemCpuLoad=0.0]
12-06-2018 08:29:36 1528756176360 Metric[os.systemLoadAverage=3.89697265625]
12-06-2018 08:29:36 1528756176360 Metric[os.totalPhysicalMemorySize=17179869184]
12-06-2018 08:29:36 1528756176360 Metric[os.totalSwapSpaceSize=11811160064]
12-06-2018 08:29:36 1528756176360 Metric[proxy.createdCount=0]
12-06-2018 08:29:36 1528756176360 Metric[proxy.destroyedCount=0]
12-06-2018 08:29:36 1528756176360 Metric[runtime.availableProcessors=8]
12-06-2018 08:29:36 1528756176360 Metric[runtime.freeMemory=192813232]
12-06-2018 08:29:36 1528756176360 Metric[runtime.maxMemory=3817865216]
12-06-2018 08:29:36 1528756176360 Metric[runtime.totalMemory=456130560]
12-06-2018 08:29:36 1528756176360 Metric[runtime.uptime=6547]
12-06-2018 08:29:36 1528756176360 Metric[runtime.usedMemory=263317328]
12-06-2018 08:29:36 1528756176360 Metric[tcp.connection.acceptedSocketCount=0]
12-06-2018 08:29:36 1528756176360 Metric[tcp.connection.activeCount=0]
12-06-2018 08:29:36 1528756176360 Metric[tcp.connection.clientCount=0]
12-06-2018 08:29:36 1528756176360 Metric[tcp.connection.count=0]
12-06-2018 08:29:36 1528756176360 Metric[tcp.connection.textCount=0]
12-06-2018 08:29:36 1528756176360 Metric[thread.daemonThreadCount=24]
12-06-2018 08:29:36 1528756176360 Metric[thread.peakThreadCount=65]
12-06-2018 08:29:36 1528756176360 Metric[thread.threadCount=65]
12-06-2018 08:29:36 1528756176360 Metric[thread.totalStartedThreadCount=86]
12-06-2018 08:29:36 1528756176360 Metric[transactions.commitCount=0]
12-06-2018 08:29:36 1528756176360 Metric[transactions.rollbackCount=0]
12-06-2018 08:29:36 1528756176360 Metric[transactions.startCount=0]
12-06-2018 08:29:36 1528756176436 SlowOperations[]
12-06-2018 08:29:36 1528756176436 HazelcastInstance[
                          thisAddress=[10.1.120.104]:5705
                          isRunning=true
                          isLite=false
                          joined=false
                          nodeState=ACTIVE
                          clusterId=null
                          clusterSize=1
                          isMaster=false
                          masterAddress=null
                          Members[
                                  [10.1.120.104]:5705]]
12-06-2018 08:29:36 1528756176439 ClusterVersionChanged[
                          3.9]
12-06-2018 08:29:36 1528756176439 Lifecycle[
                          STARTING]
12-06-2018 08:29:36 1528756176439 MemberAdded[
                          member=[10.1.120.104]:5705
                          Members[
                                  [10.1.120.104]:5705:this:master]]
12-06-2018 08:29:37 1528756177369 ConnectionAdded[
                          Connection[id=1, /10.1.120.104:60876->/10.1.120.104:5703, endpoint=[10.1.120.104]:5703, alive=true, type=MEMBER]
                          type=MEMBER
                          isAlive=true]
12-06-2018 08:29:38 1528756178366 ClusterVersionChanged[
                          3.9]
12-06-2018 08:29:38 1528756178366 MemberAdded[
                          member=[10.1.120.104]:5703
                          Members[
                                  [10.1.120.104]:5705:this:master
                                  [10.1.120.104]:5703]]
12-06-2018 08:29:38 1528756178366 MemberAdded[
                          member=[10.1.120.76]:5701
                          Members[
                                  [10.1.120.104]:5705:this:master
                                  [10.1.120.104]:5703
                                  [10.1.120.76]:5701]]
12-06-2018 08:29:38 1528756178366 ConnectionAdded[
                          Connection[id=3, /10.1.120.104:5705->/10.1.120.104:60877, endpoint=[10.1.120.76]:5701, alive=true, type=MEMBER]
                          type=MEMBER
                          isAlive=true]
12-06-2018 08:29:40 1528756180366 Lifecycle[
                          STARTED]
12-06-2018 08:29:46 1528756186372 MemberHeartbeats[
                          member[10.1.120.104]:5703[
                                  deviation(%)=7789625.5
                                  noHeartbeat(ms)=389,486,273
                                  lastHeartbeat(ms)=1,528,366,700,099
                                  lastHeartbeat(date-time)=07-06-2018 20:18:20
                                  now(ms)=1,528,756,186,372
                                  now(date-time)=12-06-2018 08:29:46]
                          member[10.1.120.76]:5701[
                                  deviation(%)=7789625.5
                                  noHeartbeat(ms)=389,486,258
                                  lastHeartbeat(ms)=1,528,366,700,114
                                  lastHeartbeat(date-time)=07-06-2018 20:18:20
                                  now(ms)=1,528,756,186,372
                                  now(date-time)=12-06-2018 08:29:46]]
12-06-2018 08:29:56 1528756196371 MemberHeartbeats[
                          member[10.1.120.104]:5703[
                                  deviation(%)=7789625.5
                                  noHeartbeat(ms)=389,486,271
                                  lastHeartbeat(ms)=1,528,366,710,100
                                  lastHeartbeat(date-time)=07-06-2018 20:18:30
                                  now(ms)=1,528,756,196,371
                                  now(date-time)=12-06-2018 08:29:56]
                          member[10.1.120.76]:5701[
                                  deviation(%)=7789625.5
                                  noHeartbeat(ms)=389,486,262
                                  lastHeartbeat(ms)=1,528,366,710,109
                                  lastHeartbeat(date-time)=07-06-2018 20:18:30
                                  now(ms)=1,528,756,196,371
                                  now(date-time)=12-06-2018 08:29:56]]
12-06-2018 08:30:06 1528756206371 MemberHeartbeats[
                          member[10.1.120.104]:5703[
                                  deviation(%)=7789625.5
                                  noHeartbeat(ms)=389,486,273
                                  lastHeartbeat(ms)=1,528,366,720,098
                                  lastHeartbeat(date-time)=07-06-2018 20:18:40
                                  now(ms)=1,528,756,206,371
                                  now(date-time)=12-06-2018 08:30:06]
                          member[10.1.120.76]:5701[
                                  deviation(%)=7789625.5
                                  noHeartbeat(ms)=389,486,258
                                  lastHeartbeat(ms)=1,528,366,720,113
                                  lastHeartbeat(date-time)=07-06-2018 20:18:40
                                  now(ms)=1,528,756,206,371
                                  now(date-time)=12-06-2018 08:30:06]]
12-06-2018 08:30:16 1528756216371 MemberHeartbeats[
                          member[10.1.120.104]:5703[
                                  deviation(%)=7789625.5
                                  noHeartbeat(ms)=389,486,271
                                  lastHeartbeat(ms)=1,528,366,730,100
                                  lastHeartbeat(date-time)=07-06-2018 20:18:50
                                  now(ms)=1,528,756,216,371
                                  now(date-time)=12-06-2018 08:30:16]
                          member[10.1.120.76]:5701[
                                  deviation(%)=7789625.5
                                  noHeartbeat(ms)=389,486,257
                                  lastHeartbeat(ms)=1,528,366,730,114
                                  lastHeartbeat(date-time)=07-06-2018 20:18:50
                                  now(ms)=1,528,756,216,371
                                  now(date-time)=12-06-2018 08:30:16]]
12-06-2018 08:30:26 1528756226372 MemberHeartbeats[
                          member[10.1.120.104]:5703[
                                  deviation(%)=7789625.5
                                  noHeartbeat(ms)=389,486,272
                                  lastHeartbeat(ms)=1,528,366,740,100
                                  lastHeartbeat(date-time)=07-06-2018 20:19:00
                                  now(ms)=1,528,756,226,372
                                  now(date-time)=12-06-2018 08:30:26]
                          member[10.1.120.76]:5701[
                                  deviation(%)=7789625.5
                                  noHeartbeat(ms)=389,486,261
                                  lastHeartbeat(ms)=1,528,366,740,111
                                  lastHeartbeat(date-time)=07-06-2018 20:19:00
                                  now(ms)=1,528,756,226,372
                                  now(date-time)=12-06-2018 08:30:26]]
12-06-2018 08:30:36 1528756236359 Metric[classloading.loadedClassesCount=11439]
12-06-2018 08:30:36 1528756236359 Metric[classloading.totalLoadedClassesCount=11439]
12-06-2018 08:30:36 1528756236359 Metric[classloading.unloadedClassCount=0]
12-06-2018 08:30:36 1528756236359 Metric[client.endpoint.count=0]
12-06-2018 08:30:36 1528756236359 Metric[client.endpoint.totalRegistrations=0]
12-06-2018 08:30:36 1528756236359 Metric[cluster.clock.clusterTimeDiff=-389481952]
12-06-2018 08:30:36 1528756236359 Metric[cluster.clock.maxClusterTimeDiff=-389481975]
12-06-2018 08:30:36 1528756236359 Metric[event.eventQueueSize=0]
12-06-2018 08:30:36 1528756236359 Metric[event.eventsProcessed=23]
12-06-2018 08:30:36 1528756236359 Metric[executor.[hz:async].queueSize=0]
12-06-2018 08:30:36 1528756236359 Metric[executor.[hz:client-query].queueSize=0]
12-06-2018 08:30:36 1528756236359 Metric[executor.[hz:client].queueSize=0]
12-06-2018 08:30:36 1528756236359 Metric[executor.[hz:cluster:event].queueSize=0]
12-06-2018 08:30:36 1528756236359 Metric[executor.[hz:cluster].queueSize=0]
12-06-2018 08:30:36 1528756236359 Metric[executor.[hz:offloadable].queueSize=0]
12-06-2018 08:30:36 1528756236359 Metric[executor.[hz:scheduled:cqc:79fab11f-8d0d-4e41-ba07-4f5cad90a430].queueSize=0]
12-06-2018 08:30:36 1528756236359 Metric[executor.[hz:scheduled].queueSize=0]
12-06-2018 08:30:36 1528756236359 Metric[executor.[hz:system].queueSize=0]
12-06-2018 08:30:36 1528756236359 Metric[file.partition[user.home].freeSpace=374151454720]
12-06-2018 08:30:36 1528756236359 Metric[file.partition[user.home].totalSpace=1000240963584]
12-06-2018 08:30:36 1528756236359 Metric[file.partition[user.home].usableSpace=362666364928]
12-06-2018 08:30:36 1528756236359 Metric[gc.majorCount=3]
12-06-2018 08:30:36 1528756236359 Metric[gc.majorTime=220]
12-06-2018 08:30:36 1528756236359 Metric[gc.minorCount=12]
12-06-2018 08:30:36 1528756236359 Metric[gc.minorTime=153]
12-06-2018 08:30:36 1528756236359 Metric[gc.unknownCount=0]
12-06-2018 08:30:36 1528756236359 Metric[gc.unknownTime=0]
12-06-2018 08:30:36 1528756236359 Metric[operation.callTimeoutCount=0]
12-06-2018 08:30:36 1528756236359 Metric[operation.completedCount=1959]
12-06-2018 08:30:36 1528756236359 Metric[operation.failedBackups=0]
12-06-2018 08:30:36 1528756236359 Metric[operation.invocations.backupTimeouts=0]
12-06-2018 08:30:36 1528756236359 Metric[operation.invocations.normalTimeouts=0]
12-06-2018 08:30:36 1528756236359 Metric[operation.invocations.pending=0]
12-06-2018 08:30:36 1528756236359 Metric[operation.invocations.responses[backup]=2]
12-06-2018 08:30:36 1528756236359 Metric[operation.invocations.responses[error]=0]
12-06-2018 08:30:36 1528756236359 Metric[operation.invocations.responses[missing]=0]
12-06-2018 08:30:36 1528756236359 Metric[operation.invocations.responses[normal]=6]
12-06-2018 08:30:36 1528756236359 Metric[operation.invocations.responses[timeout]=0]
12-06-2018 08:30:36 1528756236359 Metric[operation.operationTimeoutCount=0]
12-06-2018 08:30:36 1528756236359 Metric[operation.priorityQueueSize=0]
12-06-2018 08:30:36 1528756236359 Metric[operation.queueSize=0]
12-06-2018 08:30:36 1528756236359 Metric[operation.responseQueueSize=0]
12-06-2018 08:30:36 1528756236359 Metric[operation.retryCount=7]
12-06-2018 08:30:36 1528756236359 Metric[os.committedVirtualMemorySize=10704285696]
12-06-2018 08:30:36 1528756236359 Metric[os.freePhysicalMemorySize=31232000]
12-06-2018 08:30:36 1528756236359 Metric[os.freeSwapSpaceSize=1275330560]
12-06-2018 08:30:36 1528756236359 Metric[os.maxFileDescriptorCount=10240]
12-06-2018 08:30:36 1528756236359 Metric[os.openFileDescriptorCount=489]
12-06-2018 08:30:36 1528756236359 Metric[os.processCpuLoad=0.32751324326134296]
12-06-2018 08:30:36 1528756236359 Metric[os.processCpuTime=44288494000]
12-06-2018 08:30:36 1528756236359 Metric[os.systemCpuLoad=34.55621301775148]
12-06-2018 08:30:36 1528756236359 Metric[os.systemLoadAverage=3.77734375]
12-06-2018 08:30:36 1528756236359 Metric[os.totalPhysicalMemorySize=17179869184]
12-06-2018 08:30:36 1528756236359 Metric[os.totalSwapSpaceSize=9663676416]
12-06-2018 08:30:36 1528756236359 Metric[proxy.createdCount=0]
12-06-2018 08:30:36 1528756236359 Metric[proxy.destroyedCount=0]
12-06-2018 08:30:36 1528756236359 Metric[runtime.availableProcessors=8]
12-06-2018 08:30:36 1528756236359 Metric[runtime.freeMemory=325503960]
12-06-2018 08:30:36 1528756236359 Metric[runtime.maxMemory=3817865216]
12-06-2018 08:30:36 1528756236359 Metric[runtime.totalMemory=628097024]
12-06-2018 08:30:36 1528756236359 Metric[runtime.uptime=66474]
12-06-2018 08:30:36 1528756236359 Metric[runtime.usedMemory=302593064]
12-06-2018 08:30:36 1528756236359 Metric[tcp.connection.acceptedSocketCount=0]
12-06-2018 08:30:36 1528756236359 Metric[tcp.connection.activeCount=3]
12-06-2018 08:30:36 1528756236359 Metric[tcp.connection.clientCount=0]
12-06-2018 08:30:36 1528756236359 Metric[tcp.connection.count=2]
12-06-2018 08:30:36 1528756236359 Metric[tcp.connection.textCount=0]
12-06-2018 08:30:36 1528756236359 Metric[thread.daemonThreadCount=26]
12-06-2018 08:30:36 1528756236359 Metric[thread.peakThreadCount=128]
12-06-2018 08:30:36 1528756236359 Metric[thread.threadCount=127]
12-06-2018 08:30:36 1528756236359 Metric[thread.totalStartedThreadCount=152]
12-06-2018 08:30:36 1528756236359 Metric[transactions.commitCount=0]
12-06-2018 08:30:36 1528756236359 Metric[transactions.rollbackCount=0]
12-06-2018 08:30:36 1528756236359 Metric[transactions.startCount=0]
12-06-2018 08:30:36 1528756236361 SlowOperations[]
12-06-2018 08:30:36 1528756236361 HazelcastInstance[
                          thisAddress=[10.1.120.104]:5705
                          isRunning=true
                          isLite=false
                          joined=true
                          nodeState=ACTIVE
                          clusterId=eb9e3e29-b633-4ff5-a848-ab8c1f84b67f
                          clusterSize=3
                          isMaster=false
                          masterAddress=[10.1.120.104]:5703
                          Members[
                                  [10.1.120.104]:5703
                                  [10.1.120.76]:5701
                                  [10.1.120.104]:5705]]
12-06-2018 08:30:36 1528756236371 MemberHeartbeats[
                          member[10.1.120.104]:5703[
                                  deviation(%)=7789625.5
                                  noHeartbeat(ms)=389,486,275
                                  lastHeartbeat(ms)=1,528,366,750,096
                                  lastHeartbeat(date-time)=07-06-2018 20:19:10
                                  now(ms)=1,528,756,236,371
                                  now(date-time)=12-06-2018 08:30:36]
                          member[10.1.120.76]:5701[
                                  deviation(%)=7789625.5
                                  noHeartbeat(ms)=389,486,257
                                  lastHeartbeat(ms)=1,528,366,750,114
                                  lastHeartbeat(date-time)=07-06-2018 20:19:10
                                  now(ms)=1,528,756,236,371
                                  now(date-time)=12-06-2018 08:30:36]]
12-06-2018 08:30:46 1528756246371 MemberHeartbeats[
                          member[10.1.120.104]:5703[
                                  deviation(%)=7789625.5
                                  noHeartbeat(ms)=389,486,272
                                  lastHeartbeat(ms)=1,528,366,760,099
                                  lastHeartbeat(date-time)=07-06-2018 20:19:20
                                  now(ms)=1,528,756,246,371
                                  now(date-time)=12-06-2018 08:30:46]
                          member[10.1.120.76]:5701[
                                  deviation(%)=7789625.5
                                  noHeartbeat(ms)=389,486,261
                                  lastHeartbeat(ms)=1,528,366,760,110
                                  lastHeartbeat(date-time)=07-06-2018 20:19:20
                                  now(ms)=1,528,756,246,371
                                  now(date-time)=12-06-2018 08:30:46]]
12-06-2018 08:30:56 1528756256371 MemberHeartbeats[
                          member[10.1.120.104]:5703[
                                  deviation(%)=7789625.5
                                  noHeartbeat(ms)=389,486,273
                                  lastHeartbeat(ms)=1,528,366,770,098
                                  lastHeartbeat(date-time)=07-06-2018 20:19:30
                                  now(ms)=1,528,756,256,371
                                  now(date-time)=12-06-2018 08:30:56]
                          member[10.1.120.76]:5701[
                                  deviation(%)=7789625.5
                                  noHeartbeat(ms)=389,486,261
                                  lastHeartbeat(ms)=1,528,366,770,110
                                  lastHeartbeat(date-time)=07-06-2018 20:19:30
                                  now(ms)=1,528,756,256,371
                                  now(date-time)=12-06-2018 08:30:56]]
12-06-2018 08:31:06 1528756266371 MemberHeartbeats[
                          member[10.1.120.104]:5703[
                                  deviation(%)=7789625.5
                                  noHeartbeat(ms)=389,486,275
                                  lastHeartbeat(ms)=1,528,366,780,096
                                  lastHeartbeat(date-time)=07-06-2018 20:19:40
                                  now(ms)=1,528,756,266,371
                                  now(date-time)=12-06-2018 08:31:06]
                          member[10.1.120.76]:5701[
                                  deviation(%)=7789625.5
                                  noHeartbeat(ms)=389,486,257
                                  lastHeartbeat(ms)=1,528,366,780,114
                                  lastHeartbeat(date-time)=07-06-2018 20:19:40
                                  now(ms)=1,528,756,266,371
                                  now(date-time)=12-06-2018 08:31:06]]
12-06-2018 08:31:16 1528756276371 MemberHeartbeats[
                          member[10.1.120.104]:5703[
                                  deviation(%)=7789625.5
                                  noHeartbeat(ms)=389,486,271
                                  lastHeartbeat(ms)=1,528,366,790,100
                                  lastHeartbeat(date-time)=07-06-2018 20:19:50
                                  now(ms)=1,528,756,276,371
                                  now(date-time)=12-06-2018 08:31:16]
                          member[10.1.120.76]:5701[
                                  deviation(%)=7789625.5
                                  noHeartbeat(ms)=389,486,256
                                  lastHeartbeat(ms)=1,528,366,790,115
                                  lastHeartbeat(date-time)=07-06-2018 20:19:50
                                  now(ms)=1,528,756,276,371
                                  now(date-time)=12-06-2018 08:31:16]]
12-06-2018 08:31:26 1528756286371 MemberHeartbeats[
                          member[10.1.120.104]:5703[
                                  deviation(%)=7789625.5
                                  noHeartbeat(ms)=389,486,274
                                  lastHeartbeat(ms)=1,528,366,800,097
                                  lastHeartbeat(date-time)=07-06-2018 20:20:00
                                  now(ms)=1,528,756,286,371
                                  now(date-time)=12-06-2018 08:31:26]
                          member[10.1.120.76]:5701[
                                  deviation(%)=7789625.5
                                  noHeartbeat(ms)=389,486,257
                                  lastHeartbeat(ms)=1,528,366,800,114
                                  lastHeartbeat(date-time)=07-06-2018 20:20:00
                                  now(ms)=1,528,756,286,371
                                  now(date-time)=12-06-2018 08:31:26]]
12-06-2018 08:31:36 1528756296359 Metric[classloading.loadedClassesCount=11446]
12-06-2018 08:31:36 1528756296359 Metric[classloading.totalLoadedClassesCount=11446]
12-06-2018 08:31:36 1528756296359 Metric[classloading.unloadedClassCount=0]
12-06-2018 08:31:36 1528756296359 Metric[client.endpoint.count=0]
12-06-2018 08:31:36 1528756296359 Metric[client.endpoint.totalRegistrations=0]
12-06-2018 08:31:36 1528756296359 Metric[cluster.clock.clusterTimeDiff=-389481952]
12-06-2018 08:31:36 1528756296359 Metric[cluster.clock.maxClusterTimeDiff=-389481975]
12-06-2018 08:31:36 1528756296359 Metric[event.eventQueueSize=0]
12-06-2018 08:31:36 1528756296359 Metric[event.eventsProcessed=28]
12-06-2018 08:31:36 1528756296359 Metric[executor.[hz:async].queueSize=0]
12-06-2018 08:31:36 1528756296359 Metric[executor.[hz:client-query].queueSize=0]
12-06-2018 08:31:36 1528756296359 Metric[executor.[hz:client].queueSize=0]
12-06-2018 08:31:36 1528756296359 Metric[executor.[hz:cluster:event].queueSize=0]
12-06-2018 08:31:36 1528756296359 Metric[executor.[hz:cluster].queueSize=0]
12-06-2018 08:31:36 1528756296359 Metric[executor.[hz:offloadable].queueSize=0]
12-06-2018 08:31:36 1528756296359 Metric[executor.[hz:scheduled:cqc:79fab11f-8d0d-4e41-ba07-4f5cad90a430].queueSize=0]
12-06-2018 08:31:36 1528756296359 Metric[executor.[hz:scheduled].queueSize=0]
12-06-2018 08:31:36 1528756296359 Metric[executor.[hz:system].queueSize=0]
12-06-2018 08:31:36 1528756296359 Metric[file.partition[user.home].freeSpace=374038507520]
12-06-2018 08:31:36 1528756296359 Metric[file.partition[user.home].totalSpace=1000240963584]
12-06-2018 08:31:36 1528756296359 Metric[file.partition[user.home].usableSpace=360405929984]
12-06-2018 08:31:36 1528756296359 Metric[gc.majorCount=3]
12-06-2018 08:31:36 1528756296359 Metric[gc.majorTime=220]
12-06-2018 08:31:36 1528756296359 Metric[gc.minorCount=12]
12-06-2018 08:31:36 1528756296359 Metric[gc.minorTime=153]
12-06-2018 08:31:36 1528756296359 Metric[gc.unknownCount=0]
12-06-2018 08:31:36 1528756296359 Metric[gc.unknownTime=0]
12-06-2018 08:31:36 1528756296359 Metric[operation.callTimeoutCount=0]
12-06-2018 08:31:36 1528756296359 Metric[operation.completedCount=2350]
12-06-2018 08:31:36 1528756296359 Metric[operation.failedBackups=0]
12-06-2018 08:31:36 1528756296359 Metric[operation.invocations.backupTimeouts=0]
12-06-2018 08:31:36 1528756296359 Metric[operation.invocations.normalTimeouts=0]
12-06-2018 08:31:36 1528756296359 Metric[operation.invocations.pending=0]
12-06-2018 08:31:36 1528756296359 Metric[operation.invocations.responses[backup]=2]
12-06-2018 08:31:36 1528756296359 Metric[operation.invocations.responses[error]=0]
12-06-2018 08:31:36 1528756296359 Metric[operation.invocations.responses[missing]=0]
12-06-2018 08:31:36 1528756296359 Metric[operation.invocations.responses[normal]=6]
12-06-2018 08:31:36 1528756296359 Metric[operation.invocations.responses[timeout]=0]
12-06-2018 08:31:36 1528756296359 Metric[operation.operationTimeoutCount=0]
12-06-2018 08:31:36 1528756296359 Metric[operation.priorityQueueSize=0]
12-06-2018 08:31:36 1528756296359 Metric[operation.queueSize=0]
12-06-2018 08:31:36 1528756296359 Metric[operation.responseQueueSize=0]
12-06-2018 08:31:36 1528756296359 Metric[operation.retryCount=7]
12-06-2018 08:31:36 1528756296359 Metric[os.committedVirtualMemorySize=10697920512]
12-06-2018 08:31:36 1528756296359 Metric[os.freePhysicalMemorySize=1594109952]
12-06-2018 08:31:36 1528756296359 Metric[os.freeSwapSpaceSize=1486618624]
12-06-2018 08:31:36 1528756296359 Metric[os.maxFileDescriptorCount=10240]
12-06-2018 08:31:36 1528756296359 Metric[os.openFileDescriptorCount=489]
12-06-2018 08:31:36 1528756296359 Metric[os.processCpuLoad=0.5366160717469286]
12-06-2018 08:31:36 1528756296359 Metric[os.processCpuTime=46509811000]
12-06-2018 08:31:36 1528756296359 Metric[os.systemCpuLoad=14.726317573292663]
12-06-2018 08:31:36 1528756296359 Metric[os.systemLoadAverage=3.3505859375]
12-06-2018 08:31:36 1528756296359 Metric[os.totalPhysicalMemorySize=17179869184]
12-06-2018 08:31:36 1528756296359 Metric[os.totalSwapSpaceSize=11811160064]
12-06-2018 08:31:36 1528756296359 Metric[proxy.createdCount=0]
12-06-2018 08:31:36 1528756296359 Metric[proxy.destroyedCount=0]
12-06-2018 08:31:36 1528756296359 Metric[runtime.availableProcessors=8]
12-06-2018 08:31:36 1528756296359 Metric[runtime.freeMemory=323091864]
12-06-2018 08:31:36 1528756296359 Metric[runtime.maxMemory=3817865216]
12-06-2018 08:31:36 1528756296359 Metric[runtime.totalMemory=628097024]
12-06-2018 08:31:36 1528756296359 Metric[runtime.uptime=126474]
12-06-2018 08:31:36 1528756296359 Metric[runtime.usedMemory=305005160]
12-06-2018 08:31:36 1528756296359 Metric[tcp.connection.acceptedSocketCount=0]
12-06-2018 08:31:36 1528756296359 Metric[tcp.connection.activeCount=3]
12-06-2018 08:31:36 1528756296359 Metric[tcp.connection.clientCount=0]
12-06-2018 08:31:36 1528756296359 Metric[tcp.connection.count=2]
12-06-2018 08:31:36 1528756296359 Metric[tcp.connection.textCount=0]
12-06-2018 08:31:36 1528756296359 Metric[thread.daemonThreadCount=26]
12-06-2018 08:31:36 1528756296359 Metric[thread.peakThreadCount=128]
12-06-2018 08:31:36 1528756296359 Metric[thread.threadCount=121]
12-06-2018 08:31:36 1528756296359 Metric[thread.totalStartedThreadCount=152]
12-06-2018 08:31:36 1528756296359 Metric[transactions.commitCount=0]
12-06-2018 08:31:36 1528756296359 Metric[transactions.rollbackCount=0]
12-06-2018 08:31:36 1528756296359 Metric[transactions.startCount=0]
12-06-2018 08:31:36 1528756296360 SlowOperations[]
12-06-2018 08:31:36 1528756296360 HazelcastInstance[
                          thisAddress=[10.1.120.104]:5705
                          isRunning=true
                          isLite=false
                          joined=true
                          nodeState=ACTIVE
                          clusterId=eb9e3e29-b633-4ff5-a848-ab8c1f84b67f
                          clusterSize=3
                          isMaster=false
                          masterAddress=[10.1.120.104]:5703
                          Members[
                                  [10.1.120.104]:5703
                                  [10.1.120.76]:5701
                                  [10.1.120.104]:5705]]
12-06-2018 08:31:36 1528756296371 MemberHeartbeats[
                          member[10.1.120.104]:5703[
                                  deviation(%)=7789625.5
                                  noHeartbeat(ms)=389,486,274
                                  lastHeartbeat(ms)=1,528,366,810,097
                                  lastHeartbeat(date-time)=07-06-2018 20:20:10
                                  now(ms)=1,528,756,296,371
                                  now(date-time)=12-06-2018 08:31:36]
                          member[10.1.120.76]:5701[
                                  deviation(%)=7789625.5
                                  noHeartbeat(ms)=389,486,260
                                  lastHeartbeat(ms)=1,528,366,810,111
                                  lastHeartbeat(date-time)=07-06-2018 20:20:10
                                  now(ms)=1,528,756,296,371
                                  now(date-time)=12-06-2018 08:31:36]]
12-06-2018 08:31:46 1528756306371 MemberHeartbeats[
                          member[10.1.120.104]:5703[
                                  deviation(%)=7789625.5
                                  noHeartbeat(ms)=389,486,272
                                  lastHeartbeat(ms)=1,528,366,820,099
                                  lastHeartbeat(date-time)=07-06-2018 20:20:20
                                  now(ms)=1,528,756,306,371
                                  now(date-time)=12-06-2018 08:31:46]
                          member[10.1.120.76]:5701[
                                  deviation(%)=7789625.5
                                  noHeartbeat(ms)=389,486,261
                                  lastHeartbeat(ms)=1,528,366,820,110
                                  lastHeartbeat(date-time)=07-06-2018 20:20:20
                                  now(ms)=1,528,756,306,371
                                  now(date-time)=12-06-2018 08:31:46]]
