13-06-2018 12:08:23 1528855703046 BuildInfo[
                          Build=20180216
                          BuildNumber=20180216
                          Revision=539b124
                          Version=3.9.3
                          SerialVersion=1
                          Enterprise=false]
13-06-2018 12:08:23 1528855703046 SystemProperties[
                          hazelcast.diagnostics.enabled=true
                          hazelcast.shutdownhook.enabled=false
                          java.class.path=/Library/Java/JavaVirtualMachines/jdk1.8.0_152.jdk/Contents/Home/jre/lib/resources.jar:/Library/Java/JavaVirtualMachines/jdk1.8.0_152.jdk/Contents/Home/jre/lib/rt.jar:/Library/Java/JavaVirtualMachines/jdk1.8.0_152.jdk/Contents/Home/jre/lib/jsse.jar:/Library/Java/JavaVirtualMachines/jdk1.8.0_152.jdk/Contents/Home/jre/lib/jce.jar:/Library/Java/JavaVirtualMachines/jdk1.8.0_152.jdk/Contents/Home/jre/lib/charsets.jar:/Library/Java/JavaVirtualMachines/jdk1.8.0_152.jdk/Contents/Home/jre/lib/jfr.jar:/Library/Java/JavaVirtualMachines/jdk1.8.0_152.jdk/Contents/Home/jre/lib/ext/sunec.jar:/Library/Java/JavaVirtualMachines/jdk1.8.0_152.jdk/Contents/Home/jre/lib/ext/nashorn.jar:/Library/Java/JavaVirtualMachines/jdk1.8.0_152.jdk/Contents/Home/jre/lib/ext/cldrdata.jar:/Library/Java/JavaVirtualMachines/jdk1.8.0_152.jdk/Contents/Home/jre/lib/ext/jfxrt.jar:/Library/Java/JavaVirtualMachines/jdk1.8.0_152.jdk/Contents/Home/jre/lib/ext/dnsns.jar:/Library/Java/JavaVirtualMachines/jdk1.8.0_152.jdk/Contents/Home/jre/lib/ext/localedata.jar:/Library/Java/JavaVirtualMachines/jdk1.8.0_152.jdk/Contents/Home/jre/lib/ext/sunjce_provider.jar:/Library/Java/JavaVirtualMachines/jdk1.8.0_152.jdk/Contents/Home/jre/lib/ext/sunpkcs11.jar:/Library/Java/JavaVirtualMachines/jdk1.8.0_152.jdk/Contents/Home/jre/lib/ext/jaccess.jar:/Library/Java/JavaVirtualMachines/jdk1.8.0_152.jdk/Contents/Home/jre/lib/ext/zipfs.jar:/System/Library/Java/Extensions/MRJToolkit.jar:/Users/acrow/projects/genny/bridge/target/classes:/Users/acrow/.m2/repository/javax/money/money-api/1.0/money-api-1.0.jar:/Users/acrow/.m2/repository/javax/annotation/javax.annotation-api/1.2/javax.annotation-api-1.2.jar:/Users/acrow/.m2/repository/javax/xml/bind/jaxb-api/2.3.0/jaxb-api-2.3.0.jar:/Users/acrow/.m2/repository/javax/activation/activation/1.1/activation-1.1.jar:/Users/acrow/.m2/repository/javax/xml/bind/jsr173_api/1.0/jsr173_api-1.0.jar:/Users/acrow/.m2/repository/javax/mail/mail/1.4.4/mail-1.4.4.jar:/Users/acrow/.m2/repository/javax/servlet/servlet-api/2.5/servlet-api-2.5.jar:/Users/acrow/.m2/repository/life/genny/genny-verticle/1.0.39/genny-verticle-1.0.39.jar:/Users/acrow/.m2/repository/com/hazelcast/hazelcast/3.9.3/hazelcast-3.9.3.jar:/Users/acrow/.m2/repository/com/hazelcast/hazelcast-client/3.9.3/hazelcast-client-3.9.3.jar:/Users/acrow/.m2/repository/io/vertx/vertx-redis-client/3.5.1/vertx-redis-client-3.5.1.jar:/Users/acrow/.m2/repository/io/vertx/vertx-core/3.5.1/vertx-core-3.5.1.jar:/Users/acrow/.m2/repository/io/netty/netty-common/4.1.19.Final/netty-common-4.1.19.Final.jar:/Users/acrow/.m2/repository/io/netty/netty-buffer/4.1.19.Final/netty-buffer-4.1.19.Final.jar:/Users/acrow/.m2/repository/io/netty/netty-transport/4.1.19.Final/netty-transport-4.1.19.Final.jar:/Users/acrow/.m2/repository/io/netty/netty-resolver/4.1.19.Final/netty-resolver-4.1.19.Final.jar:/Users/acrow/.m2/repository/io/netty/netty-handler/4.1.19.Final/netty-handler-4.1.19.Final.jar:/Users/acrow/.m2/repository/io/netty/netty-codec/4.1.19.Final/netty-codec-4.1.19.Final.jar:/Users/acrow/.m2/repository/io/netty/netty-handler-proxy/4.1.19.Final/netty-handler-proxy-4.1.19.Final.jar:/Users/acrow/.m2/repository/io/netty/netty-codec-socks/4.1.19.Final/netty-codec-socks-4.1.19.Final.jar:/Users/acrow/.m2/repository/io/netty/netty-codec-http/4.1.19.Final/netty-codec-http-4.1.19.Final.jar:/Users/acrow/.m2/repository/io/netty/netty-codec-http2/4.1.19.Final/netty-codec-http2-4.1.19.Final.jar:/Users/acrow/.m2/repository/io/netty/netty-resolver-dns/4.1.19.Final/netty-resolver-dns-4.1.19.Final.jar:/Users/acrow/.m2/repository/io/netty/netty-codec-dns/4.1.19.Final/netty-codec-dns-4.1.19.Final.jar:/Users/acrow/.m2/repository/com/fasterxml/jackson/core/jackson-core/2.9.3/jackson-core-2.9.3.jar:/Users/acrow/.m2/repository/com/fasterxml/jackson/core/jackson-databind/2.9.1/jackson-databind-2.9.1.jar:/Users/acrow/.m2/repository/com/fasterxml/jackson/core/jackson-annotations/2.9.0/jackson-annotations-2.9.0.jar:/Users/acrow/.m2/repository/io/vertx/vertx-web/3.5.1/vertx-web-3.5.1.jar:/Users/acrow/.m2/repository/io/vertx/vertx-auth-common/3.5.1/vertx-auth-common-3.5.1.jar:/Users/acrow/.m2/repository/io/vertx/vertx-bridge-common/3.5.1/vertx-bridge-common-3.5.1.jar:/Users/acrow/.m2/repository/com/google/code/gson/gson/2.8.0/gson-2.8.0.jar:/Users/acrow/.m2/repository/io/vertx/vertx-reactive-streams/3.5.1/vertx-reactive-streams-3.5.1.jar:/Users/acrow/.m2/repository/org/reactivestreams/reactive-streams/1.0.2/reactive-streams-1.0.2.jar:/Users/acrow/.m2/repository/io/vertx/vertx-rx-java/3.5.1/vertx-rx-java-3.5.1.jar:/Users/acrow/.m2/repository/io/reactivex/rxjava/1.3.5/rxjava-1.3.5.jar:/Users/acrow/.m2/repository/org/apache/logging/log4j/log4j-core/2.5/log4j-core-2.5.jar:/Users/acrow/.m2/repository/org/apache/logging/log4j/log4j-api/2.5/log4j-api-2.5.jar:/Users/acrow/.m2/repository/io/vertx/vertx-hazelcast/3.5.1/vertx-hazelcast-3.5.1.jar:/Users/acrow/.m2/repository/commons-lang/commons-lang/2.6/commons-lang-2.6.jar:/Users/acrow/.m2/repository/io/vertx/vertx-dropwizard-metrics/3.5.1/vertx-dropwizard-metrics-3.5.1.jar:/Users/acrow/.m2/repository/io/dropwizard/metrics/metrics-core/4.0.2/metrics-core-4.0.2.jar:/Users/acrow/.m2/repository/life/genny/qwanda-utils/1.0.39/qwanda-utils-1.0.39.jar:/Users/acrow/.m2/repository/org/javamoney/moneta/1.1/moneta-1.1.jar:/Users/acrow/.m2/repository/commons-io/commons-io/2.5/commons-io-2.5.jar:/Users/acrow/.m2/repository/org/eclipse/jgit/org.eclipse.jgit/4.8.0.201706111038-r/org.eclipse.jgit-4.8.0.201706111038-r.jar:/Users/acrow/.m2/repository/com/jcraft/jsch/0.1.54/jsch-0.1.54.jar:/Users/acrow/.m2/repository/com/googlecode/javaewah/JavaEWAH/1.1.6/JavaEWAH-1.1.6.jar:/Users/acrow/.m2/repository/org/apache/httpcomponents/httpclient/4.5.5/httpclient-4.5.5.jar:/Users/acrow/.m2/repository/org/apache/httpcomponents/httpcore/4.4.9/httpcore-4.4.9.jar:/Users/acrow/.m2/repository/commons-logging/commons-logging/1.2/commons-logging-1.2.jar:/Users/acrow/.m2/repository/commons-codec/commons-codec/1.10/commons-codec-1.10.jar:/Users/acrow/.m2/repository/org/slf4j/slf4j-api/1.7.2/slf4j-api-1.7.2.jar:/Users/acrow/.m2/repository/life/genny/qwanda/1.0.39/qwanda-1.0.39.jar:/Users/acrow/.m2/repository/org/zalando/jackson-datatype-money/1.0.0/jackson-datatype-money-1.0.0.jar:/Users/acrow/.m2/repository/org/hsqldb/hsqldb/2.4.0/hsqldb-2.4.0.jar:/Users/acrow/.m2/repository/org/hibernate/hibernate-envers/5.2.13.Final/hibernate-envers-5.2.13.Final.jar:/Users/acrow/.m2/repository/org/jboss/logging/jboss-logging/3.3.1.Final/jboss-logging-3.3.1.Final.jar:/Users/acrow/.m2/repository/org/hibernate/hibernate-core/5.2.13.Final/hibernate-core-5.2.13.Final.jar:/Users/acrow/.m2/repository/org/hibernate/javax/persistence/hibernate-jpa-2.1-api/1.0.0.Final/hibernate-jpa-2.1-api-1.0.0.Final.jar:/Users/acrow/.m2/repository/org/javassist/javassist/3.22.0-GA/javassist-3.22.0-GA.jar:/Users/acrow/.m2/repository/antlr/antlr/2.7.7/antlr-2.7.7.jar:/Users/acrow/.m2/repository/org/jboss/spec/javax/transaction/jboss-transaction-api_1.2_spec/1.0.1.Final/jboss-transaction-api_1.2_spec-1.0.1.Final.jar:/Users/acrow/.m2/repository/org/jboss/jandex/2.0.3.Final/jandex-2.0.3.Final.jar:/Users/acrow/.m2/repository/com/fasterxml/classmate/1.3.0/classmate-1.3.0.jar:/Users/acrow/.m2/repository/dom4j/dom4j/1.6.1/dom4j-1.6.1.jar:/Users/acrow/.m2/repository/xml-apis/xml-apis/1.0.b2/xml-apis-1.0.b2.jar:/Users/acrow/.m2/repository/org/hibernate/common/hibernate-commons-annotations/5.0.1.Final/hibernate-commons-annotations-5.0.1.Final.jar:/Users/acrow/.m2/repository/com/fasterxml/jackson/datatype/jackson-datatype-jsr310/2.8.7/jackson-datatype-jsr310-2.8.7.jar:/Users/acrow/.m2/repository/org/apache/commons/commons-lang3/3.5/commons-lang3-3.5.jar:/Users/acrow/.m2/repository/com/google/guava/guava/24.0-jre/guava-24.0-jre.jar:/Users/acrow/.m2/repository/com/google/code/findbugs/jsr305/1.3.7/jsr305-1.3.7.jar:/Users/acrow/.m2/repository/org/checkerframework/checker-compat-qual/2.0.0/checker-compat-qual-2.0.0.jar:/Users/acrow/.m2/repository/com/google/errorprone/error_prone_annotations/2.1.3/error_prone_annotations-2.1.3.jar:/Users/acrow/.m2/repository/com/google/j2objc/j2objc-annotations/1.1/j2objc-annotations-1.1.jar:/Users/acrow/.m2/repository/org/codehaus/mojo/animal-sniffer-annotations/1.14/animal-sniffer-annotations-1.14.jar:/Users/acrow/.m2/repository/org/json/json/20170516/json-20170516.jar:/Users/acrow/.m2/repository/com/googlecode/json-simple/json-simple/1.1/json-simple-1.1.jar:/Users/acrow/.m2/repository/commons-beanutils/commons-beanutils/1.9.3/commons-beanutils-1.9.3.jar:/Users/acrow/.m2/repository/commons-collections/commons-collections/3.2.2/commons-collections-3.2.2.jar:/Users/acrow/.m2/repository/org/keycloak/keycloak-admin-client/3.4.0.Final/keycloak-admin-client-3.4.0.Final.jar:/Users/acrow/.m2/repository/org/keycloak/keycloak-core/3.4.0.Final/keycloak-core-3.4.0.Final.jar:/Users/acrow/.m2/repository/org/keycloak/keycloak-common/3.4.0.Final/keycloak-common-3.4.0.Final.jar:/Users/acrow/.m2/repository/org/bouncycastle/bcprov-jdk15on/1.56/bcprov-jdk15on-1.56.jar:/Users/acrow/.m2/repository/org/bouncycastle/bcpkix-jdk15on/1.56/bcpkix-jdk15on-1.56.jar:/Users/acrow/.m2/repository/org/jboss/resteasy/resteasy-multipart-provider/3.0.4.Final/resteasy-multipart-provider-3.0.4.Final.jar:/Users/acrow/.m2/repository/org/jboss/resteasy/resteasy-jaxrs/3.0.4.Final/resteasy-jaxrs-3.0.4.Final.jar:/Users/acrow/.m2/repository/org/jboss/resteasy/jaxrs-api/3.0.4.Final/jaxrs-api-3.0.4.Final.jar:/Users/acrow/.m2/repository/org/scannotation/scannotation/1.0.3/scannotation-1.0.3.jar:/Users/acrow/.m2/repository/javassist/javassist/3.12.1.GA/javassist-3.12.1.GA.jar:/Users/acrow/.m2/repository/org/jboss/spec/javax/annotation/jboss-annotations-api_1.1_spec/1.0.1.Final/jboss-annotations-api_1.1_spec-1.0.1.Final.jar:/Users/acrow/.m2/repository/net/jcip/jcip-annotations/1.0/jcip-annotations-1.0.jar:/Users/acrow/.m2/repository/org/jboss/resteasy/resteasy-jaxb-provider/3.0.4.Final/resteasy-jaxb-provider-3.0.4.Final.jar:/Users/acrow/.m2/repository/com/sun/xml/bind/jaxb-impl/2.2.7/jaxb-impl-2.2.7.jar:/Users/acrow/.m2/repository/com/sun/xml/bind/jaxb-core/2.2.7/jaxb-core-2.2.7.jar:/Users/acrow/.m2/repository/com/sun/istack/istack-commons-runtime/2.16/istack-commons-runtime-2.16.jar:/Users/acrow/.m2/repository/com/sun/xml/fastinfoset/FastInfoset/1.2.12/FastInfoset-1.2.12.jar:/Users/acrow/.m2/repository/org/apache/james/apache-mime4j/0.6/apache-mime4j-0.6.jar:/Users/acrow/.m2/repository/org/codehaus/jackson/jackson-jaxrs/1.9.13/jackson-jaxrs-1.9.13.jar:/Users/acrow/.m2/repository/org/codehaus/jackson/jackson-core-asl/1.9.13/jackson-core-asl-1.9.13.jar:/Users/acrow/.m2/repository/org/codehaus/jackson/jackson-mapper-asl/1.9.13/jackson-mapper-asl-1.9.13.jar:/Users/acrow/.m2/repository/com/google/gdata/core/1.47.1/core-1.47.1.jar:/Users/acrow/.m2/repository/com/google/oauth-client/google-oauth-client-jetty/1.11.0-beta/google-oauth-client-jetty-1.11.0-beta.jar:/Users/acrow/.m2/repository/com/google/oauth-client/google-oauth-client-java6/1.11.0-beta/google-oauth-client-java6-1.11.0-beta.jar:/Users/acrow/.m2/repository/com/google/oauth-client/google-oauth-client/1.23.0/google-oauth-client-1.23.0.jar:/Users/acrow/.m2/repository/com/google/http-client/google-http-client/1.23.0/google-http-client-1.23.0.jar:/Users/acrow/.m2/repository/org/mortbay/jetty/jetty/6.1.26/jetty-6.1.26.jar:/Users/acrow/.m2/repository/org/mortbay/jetty/jetty-util/6.1.26/jetty-util-6.1.26.jar:/Users/acrow/.m2/repository/org/mortbay/jetty/servlet-api/2.5-20081211/servlet-api-2.5-20081211.jar:/Users/acrow/.m2/repository/com/google/apis/google-api-services-sheets/v4-rev483-1.22.0/google-api-services-sheets-v4-rev483-1.22.0.jar:/Users/acrow/.m2/repository/com/google/apis/google-api-services-drive/v3-rev90-1.23.0/google-api-services-drive-v3-rev90-1.23.0.jar:/Users/acrow/.m2/repository/com/google/api-client/google-api-client/1.23.0/google-api-client-1.23.0.jar:/Users/acrow/.m2/repository/com/google/http-client/google-http-client-jackson2/1.23.0/google-http-client-jackson2-1.23.0.jar:/Users/acrow/.m2/repository/com/google/guava/guava-jdk5/17.0/guava-jdk5-17.0.jar:/Users/acrow/projects/genny/genny-verticle/target/classes:/Users/acrow/.m2/repository/com/fasterxml/jackson/core/jackson-databind/2.9.3/jackson-databind-2.9.3.jar:/Users/acrow/projects/genny/qwanda-utils/target/classes:/Users/acrow/.m2/repository/org/apache/logging/log4j/log4j-api/2.9.1/log4j-api-2.9.1.jar:/Users/acrow/.m2/repository/org/apache/logging/log4j/log4j-core/2.9.1/log4j-core-2.9.1.jar:/Users/acrow/.m2/repository/junit/junit/4.12/junit-4.12.jar:/Users/acrow/.m2/repository/org/hamcrest/hamcrest-core/1.3/hamcrest-core-1.3.jar:/Users/acrow/.m2/repository/org/hamcrest/hamcrest-library/1.3/hamcrest-library-1.3.jar:/Users/acrow/.m2/repository/com/fasterxml/jackson/core/jackson-core/2.9.1/jackson-core-2.9.1.jar:/Users/acrow/.m2/repository/com/google/code/gson/gson/2.8.2/gson-2.8.2.jar:/Users/acrow/.m2/repository/org/keycloak/keycloak-adapter-core/3.4.0.Final/keycloak-adapter-core-3.4.0.Final.jar:/Users/acrow/.m2/repository/org/keycloak/keycloak-adapter-spi/3.4.0.Final/keycloak-adapter-spi-3.4.0.Final.jar:/Users/acrow/.m2/repository/io/vertx/vertx-core/3.4.2/vertx-core-3.4.2.jar:/Users/acrow/.m2/repository/io/netty/netty-common/4.1.8.Final/netty-common-4.1.8.Final.jar:/Users/acrow/.m2/repository/io/netty/netty-buffer/4.1.8.Final/netty-buffer-4.1.8.Final.jar:/Users/acrow/.m2/repository/io/netty/netty-transport/4.1.8.Final/netty-transport-4.1.8.Final.jar:/Users/acrow/.m2/repository/io/netty/netty-resolver/4.1.8.Final/netty-resolver-4.1.8.Final.jar:/Users/acrow/.m2/repository/io/netty/netty-handler/4.1.8.Final/netty-handler-4.1.8.Final.jar:/Users/acrow/.m2/repository/io/netty/netty-codec/4.1.8.Final/netty-codec-4.1.8.Final.jar:/Users/acrow/.m2/repository/io/netty/netty-handler-proxy/4.1.8.Final/netty-handler-proxy-4.1.8.Final.jar:/Users/acrow/.m2/repository/io/netty/netty-codec-socks/4.1.8.Final/netty-codec-socks-4.1.8.Final.jar:/Users/acrow/.m2/repository/io/netty/netty-codec-http/4.1.8.Final/netty-codec-http-4.1.8.Final.jar:/Users/acrow/.m2/repository/io/netty/netty-codec-http2/4.1.8.Final/netty-codec-http2-4.1.8.Final.jar:/Users/acrow/.m2/repository/io/netty/netty-resolver-dns/4.1.8.Final/netty-resolver-dns-4.1.8.Final.jar:/Users/acrow/.m2/repository/io/netty/netty-codec-dns/4.1.8.Final/netty-codec-dns-4.1.8.Final.jar:/Users/acrow/projects/genny/qwanda/target/classes:/Users/acrow/.m2/repository/javax/validation/validation-api/2.0.1.Final/validation-api-2.0.1.Final.jar:/Users/acrow/.m2/repository/com/fasterxml/jackson/core/jackson-databind/2.8.7/jackson-databind-2.8.7.jar:/Users/acrow/.m2/repository/com/fasterxml/jackson/core/jackson-annotations/2.8.7/jackson-annotations-2.8.7.jar:/Users/acrow/.m2/repository/com/fasterxml/jackson/core/jackson-core/2.8.7/jackson-core-2.8.7.jar:/Users/acrow/.m2/repository/org/hibernate/hibernate-core/5.2.16.Final/hibernate-core-5.2.16.Final.jar:/Users/acrow/.m2/repository/org/hibernate/validator/hibernate-validator/6.0.7.Final/hibernate-validator-6.0.7.Final.jar:/Users/acrow/.m2/repository/org/hibernate/hibernate-annotations/3.5.6-Final/hibernate-annotations-3.5.6-Final.jar:/Users/acrow/.m2/repository/org/hibernate/hibernate-commons-annotations/3.2.0.Final/hibernate-commons-annotations-3.2.0.Final.jar:/Users/acrow/.m2/repository/org/slf4j/slf4j-api/1.5.8/slf4j-api-1.5.8.jar:/Users/acrow/.m2/repository/org/hibernate/javax/persistence/hibernate-jpa-2.0-api/1.0.0.Final/hibernate-jpa-2.0-api-1.0.0.Final.jar:/Users/acrow/.m2/repository/com/h2database/h2/1.4.193/h2-1.4.193.jar:/Users/acrow/.m2/repository/org/hibernate/hibernate-spatial/5.2.16.Final/hibernate-spatial-5.2.16.Final.jar:/Users/acrow/.m2/repository/org/postgresql/postgresql/42.1.4/postgresql-42.1.4.jar:/Users/acrow/.m2/repository/org/geolatte/geolatte-geom/1.2.0/geolatte-geom-1.2.0.jar:/Users/acrow/.m2/repository/com/vividsolutions/jts/1.13/jts-1.13.jar:/Users/acrow/.m2/repository/org/hibernate/hibernate-java8/5.2.16.Final/hibernate-java8-5.2.16.Final.jar:/Users/acrow/.m2/repository/com/google/code/findbugs/jsr305/1.3.9/jsr305-1.3.9.jar
                          java.class.version=52.0
                          java.endorsed.dirs=/Library/Java/JavaVirtualMachines/jdk1.8.0_152.jdk/Contents/Home/jre/lib/endorsed
                          java.ext.dirs=/Users/acrow/Library/Java/Extensions:/Library/Java/JavaVirtualMachines/jdk1.8.0_152.jdk/Contents/Home/jre/lib/ext:/Library/Java/Extensions:/Network/Library/Java/Extensions:/System/Library/Java/Extensions:/usr/lib/java
                          java.home=/Library/Java/JavaVirtualMachines/jdk1.8.0_152.jdk/Contents/Home/jre
                          java.io.tmpdir=/var/folders/jj/pnzvw3wj0632fcdzg5ldyk500000gn/T/
                          java.library.path=/Users/acrow/Library/Java/Extensions:/Library/Java/Extensions:/Network/Library/Java/Extensions:/System/Library/Java/Extensions:/usr/lib/java:.
                          java.runtime.name=Java(TM) SE Runtime Environment
                          java.runtime.version=1.8.0_152-b16
                          java.specification.name=Java Platform API Specification
                          java.specification.vendor=Oracle Corporation
                          java.specification.version=1.8
                          java.vendor=Oracle Corporation
                          java.vendor.url=http://java.oracle.com/
                          java.vendor.url.bug=http://bugreport.sun.com/bugreport/
                          java.version=1.8.0_152
                          java.vm.args=-agentlib:jdwp=transport=dt_socket,suspend=y,address=localhost:56035 -Drebel.base=/Users/acrow/.jrebel -Drebel.env.ide.plugin.version=7.1.5 -Drebel.env.ide.version=4.7.3 -Drebel.env.ide.product=Eclipse -Drebel.env.ide=eclipse -Drebel.notification.url=http://localhost:17434 -Drebel.workspace.path=/Users/acrow/eclipse-workspace -Drebel.properties=/Users/acrow/.jrebel/jrebel.properties -agentpath:/Users/acrow/eclipse/java-oxygen/Eclipse.app/Contents/MacOS/../../../../../.p2/pool/plugins/org.zeroturnaround.eclipse.embedder_7.1.5.RELEASE/jrebel/lib/libjrebel64.dylib -Dvertx.options.blockedThreadCheckInterval=2147483647 -Dhazelcast.diagnostics.enabled=true -Dfile.encoding=UTF-8 
                          java.vm.info=mixed mode
                          java.vm.name=Java HotSpot(TM) 64-Bit Server VM
                          java.vm.specification.name=Java Virtual Machine Specification
                          java.vm.specification.vendor=Oracle Corporation
                          java.vm.specification.version=1.8
                          java.vm.vendor=Oracle Corporation
                          java.vm.version=25.152-b16
                          os.arch=x86_64
                          os.name=Mac OS X
                          os.version=10.13.5
                          sun.arch.data.model=64
                          sun.boot.class.path=/Library/Java/JavaVirtualMachines/jdk1.8.0_152.jdk/Contents/Home/jre/lib/resources.jar:/Library/Java/JavaVirtualMachines/jdk1.8.0_152.jdk/Contents/Home/jre/lib/rt.jar:/Library/Java/JavaVirtualMachines/jdk1.8.0_152.jdk/Contents/Home/jre/lib/sunrsasign.jar:/Library/Java/JavaVirtualMachines/jdk1.8.0_152.jdk/Contents/Home/jre/lib/jsse.jar:/Library/Java/JavaVirtualMachines/jdk1.8.0_152.jdk/Contents/Home/jre/lib/jce.jar:/Library/Java/JavaVirtualMachines/jdk1.8.0_152.jdk/Contents/Home/jre/lib/charsets.jar:/Library/Java/JavaVirtualMachines/jdk1.8.0_152.jdk/Contents/Home/jre/lib/jfr.jar:/Library/Java/JavaVirtualMachines/jdk1.8.0_152.jdk/Contents/Home/jre/classes:/Users/acrow/.p2/pool/plugins/org.zeroturnaround.eclipse.embedder_7.1.5.RELEASE/jrebel/jrebel.jar
                          sun.boot.library.path=/Library/Java/JavaVirtualMachines/jdk1.8.0_152.jdk/Contents/Home/jre/lib
                          sun.cpu.endian=little
                          sun.cpu.isalist=
                          sun.io.unicode.encoding=UnicodeBig
                          sun.java.command=io.vertx.core.Launcher run life.genny.bridge.ServiceVerticle —redeploy=**/*.java —launcher-class=io.vertx.core.Launcher -cluster
                          sun.java.launcher=SUN_STANDARD
                          sun.jnu.encoding=UTF-8
                          sun.management.compiler=HotSpot 64-Bit Tiered Compilers
                          sun.nio.ch.bugLevel=
                          sun.os.patch.level=unknown]
13-06-2018 12:08:23 1528855703046 ConfigProperties[
                          hazelcast.shutdownhook.enabled=false]
13-06-2018 12:08:23 1528855703046 Metric[classloading.loadedClassesCount=10568]
13-06-2018 12:08:23 1528855703046 Metric[classloading.totalLoadedClassesCount=10568]
13-06-2018 12:08:23 1528855703046 Metric[classloading.unloadedClassCount=0]
13-06-2018 12:08:23 1528855703046 Metric[client.endpoint.count=0]
13-06-2018 12:08:23 1528855703046 Metric[client.endpoint.totalRegistrations=0]
13-06-2018 12:08:23 1528855703046 Metric[cluster.clock.clusterTimeDiff=0]
13-06-2018 12:08:23 1528855703046 Metric[cluster.clock.maxClusterTimeDiff=0]
13-06-2018 12:08:23 1528855703046 Metric[event.eventQueueSize=0]
13-06-2018 12:08:23 1528855703046 Metric[event.eventsProcessed=5]
13-06-2018 12:08:23 1528855703046 Metric[executor.[hz:async].queueSize=0]
13-06-2018 12:08:23 1528855703046 Metric[executor.[hz:client-query].queueSize=0]
13-06-2018 12:08:23 1528855703046 Metric[executor.[hz:client].queueSize=0]
13-06-2018 12:08:23 1528855703046 Metric[executor.[hz:cluster:event].queueSize=0]
13-06-2018 12:08:23 1528855703046 Metric[executor.[hz:cluster].queueSize=0]
13-06-2018 12:08:23 1528855703046 Metric[executor.[hz:offloadable].queueSize=0]
13-06-2018 12:08:23 1528855703046 Metric[executor.[hz:scheduled:cqc:977bf455-39cb-4805-97c7-f5c814a5960d].queueSize=0]
13-06-2018 12:08:23 1528855703046 Metric[executor.[hz:scheduled].queueSize=0]
13-06-2018 12:08:23 1528855703046 Metric[executor.[hz:system].queueSize=0]
13-06-2018 12:08:23 1528855703046 Metric[file.partition[user.home].freeSpace=338440949760]
13-06-2018 12:08:23 1528855703046 Metric[file.partition[user.home].totalSpace=1000240963584]
13-06-2018 12:08:23 1528855703046 Metric[file.partition[user.home].usableSpace=322660491264]
13-06-2018 12:08:23 1528855703046 Metric[gc.majorCount=3]
13-06-2018 12:08:23 1528855703046 Metric[gc.majorTime=192]
13-06-2018 12:08:23 1528855703046 Metric[gc.minorCount=8]
13-06-2018 12:08:23 1528855703046 Metric[gc.minorTime=63]
13-06-2018 12:08:23 1528855703046 Metric[gc.unknownCount=0]
13-06-2018 12:08:23 1528855703046 Metric[gc.unknownTime=0]
13-06-2018 12:08:23 1528855703046 Metric[operation.callTimeoutCount=0]
13-06-2018 12:08:23 1528855703046 Metric[operation.completedCount=0]
13-06-2018 12:08:23 1528855703046 Metric[operation.failedBackups=0]
13-06-2018 12:08:23 1528855703046 Metric[operation.invocations.backupTimeouts=0]
13-06-2018 12:08:23 1528855703046 Metric[operation.invocations.normalTimeouts=0]
13-06-2018 12:08:23 1528855703046 Metric[operation.invocations.pending=0]
13-06-2018 12:08:23 1528855703046 Metric[operation.invocations.responses[backup]=0]
13-06-2018 12:08:23 1528855703046 Metric[operation.invocations.responses[error]=0]
13-06-2018 12:08:23 1528855703046 Metric[operation.invocations.responses[missing]=0]
13-06-2018 12:08:23 1528855703046 Metric[operation.invocations.responses[normal]=0]
13-06-2018 12:08:23 1528855703046 Metric[operation.invocations.responses[timeout]=0]
13-06-2018 12:08:23 1528855703046 Metric[operation.operationTimeoutCount=0]
13-06-2018 12:08:23 1528855703046 Metric[operation.priorityQueueSize=0]
13-06-2018 12:08:23 1528855703046 Metric[operation.queueSize=0]
13-06-2018 12:08:23 1528855703046 Metric[operation.responseQueueSize=0]
13-06-2018 12:08:23 1528855703046 Metric[operation.retryCount=0]
13-06-2018 12:08:23 1528855703046 Metric[os.committedVirtualMemorySize=10645872640]
13-06-2018 12:08:23 1528855703046 Metric[os.freePhysicalMemorySize=5090435072]
13-06-2018 12:08:23 1528855703046 Metric[os.freeSwapSpaceSize=1329332224]
13-06-2018 12:08:23 1528855703046 Metric[os.maxFileDescriptorCount=10240]
13-06-2018 12:08:23 1528855703046 Metric[os.openFileDescriptorCount=416]
13-06-2018 12:08:23 1528855703046 Metric[os.processCpuLoad=28.74385631572329]
13-06-2018 12:08:23 1528855703046 Metric[os.processCpuTime=17921435000]
13-06-2018 12:08:23 1528855703046 Metric[os.systemCpuLoad=33.99470899470899]
13-06-2018 12:08:23 1528855703046 Metric[os.systemLoadAverage=3.2744140625]
13-06-2018 12:08:23 1528855703046 Metric[os.totalPhysicalMemorySize=17179869184]
13-06-2018 12:08:23 1528855703046 Metric[os.totalSwapSpaceSize=13958643712]
13-06-2018 12:08:23 1528855703046 Metric[proxy.createdCount=0]
13-06-2018 12:08:23 1528855703046 Metric[proxy.destroyedCount=0]
13-06-2018 12:08:23 1528855703046 Metric[runtime.availableProcessors=8]
13-06-2018 12:08:23 1528855703046 Metric[runtime.freeMemory=367364528]
13-06-2018 12:08:23 1528855703046 Metric[runtime.maxMemory=3817865216]
13-06-2018 12:08:23 1528855703046 Metric[runtime.totalMemory=471859200]
13-06-2018 12:08:23 1528855703046 Metric[runtime.uptime=9702]
13-06-2018 12:08:23 1528855703046 Metric[runtime.usedMemory=104494672]
13-06-2018 12:08:23 1528855703046 Metric[tcp.connection.acceptedSocketCount=0]
13-06-2018 12:08:23 1528855703046 Metric[tcp.connection.activeCount=0]
13-06-2018 12:08:23 1528855703046 Metric[tcp.connection.clientCount=0]
13-06-2018 12:08:23 1528855703046 Metric[tcp.connection.count=0]
13-06-2018 12:08:23 1528855703046 Metric[tcp.connection.textCount=0]
13-06-2018 12:08:23 1528855703046 Metric[thread.daemonThreadCount=25]
13-06-2018 12:08:23 1528855703046 Metric[thread.peakThreadCount=107]
13-06-2018 12:08:23 1528855703046 Metric[thread.threadCount=107]
13-06-2018 12:08:23 1528855703046 Metric[thread.totalStartedThreadCount=129]
13-06-2018 12:08:23 1528855703046 Metric[transactions.commitCount=0]
13-06-2018 12:08:23 1528855703046 Metric[transactions.rollbackCount=0]
13-06-2018 12:08:23 1528855703046 Metric[transactions.startCount=0]
13-06-2018 12:08:23 1528855703049 SlowOperations[]
13-06-2018 12:08:23 1528855703049 HazelcastInstance[
                          thisAddress=[10.1.120.104]:5702
                          isRunning=true
                          isLite=false
                          joined=false
                          nodeState=null
                          clusterId=null
                          clusterSize=1
                          isMaster=false
                          masterAddress=null
                          Members[
                                  [10.1.120.104]:5702]]
13-06-2018 12:08:23 1528855703049 ClusterVersionChanged[
                          3.9]
13-06-2018 12:08:23 1528855703049 Lifecycle[
                          STARTING]
13-06-2018 12:08:23 1528855703049 MemberAdded[
                          member=[10.1.120.104]:5702
                          Members[
                                  [10.1.120.104]:5702:this:master]]
13-06-2018 12:08:26 1528855706047 ClusterVersionChanged[
                          3.9]
13-06-2018 12:08:26 1528855706047 Lifecycle[
                          STARTED]
13-06-2018 12:09:23 1528855763047 Metric[classloading.loadedClassesCount=11421]
13-06-2018 12:09:23 1528855763047 Metric[classloading.totalLoadedClassesCount=11421]
13-06-2018 12:09:23 1528855763047 Metric[classloading.unloadedClassCount=0]
13-06-2018 12:09:23 1528855763047 Metric[client.endpoint.count=0]
13-06-2018 12:09:23 1528855763047 Metric[client.endpoint.totalRegistrations=0]
13-06-2018 12:09:23 1528855763047 Metric[cluster.clock.clusterTimeDiff=0]
13-06-2018 12:09:23 1528855763047 Metric[cluster.clock.maxClusterTimeDiff=0]
13-06-2018 12:09:23 1528855763047 Metric[event.eventQueueSize=0]
13-06-2018 12:09:23 1528855763047 Metric[event.eventsProcessed=18]
13-06-2018 12:09:23 1528855763047 Metric[executor.[hz:async].queueSize=0]
13-06-2018 12:09:23 1528855763047 Metric[executor.[hz:client-query].queueSize=0]
13-06-2018 12:09:23 1528855763047 Metric[executor.[hz:client].queueSize=0]
13-06-2018 12:09:23 1528855763047 Metric[executor.[hz:cluster:event].queueSize=0]
13-06-2018 12:09:23 1528855763047 Metric[executor.[hz:cluster].queueSize=0]
13-06-2018 12:09:23 1528855763047 Metric[executor.[hz:offloadable].queueSize=0]
13-06-2018 12:09:23 1528855763047 Metric[executor.[hz:scheduled:cqc:977bf455-39cb-4805-97c7-f5c814a5960d].queueSize=0]
13-06-2018 12:09:23 1528855763047 Metric[executor.[hz:scheduled].queueSize=0]
13-06-2018 12:09:23 1528855763047 Metric[executor.[hz:system].queueSize=0]
13-06-2018 12:09:23 1528855763047 Metric[file.partition[user.home].freeSpace=338394365952]
13-06-2018 12:09:23 1528855763047 Metric[file.partition[user.home].totalSpace=1000240963584]
13-06-2018 12:09:23 1528855763047 Metric[file.partition[user.home].usableSpace=321540161536]
13-06-2018 12:09:23 1528855763047 Metric[gc.majorCount=3]
13-06-2018 12:09:23 1528855763047 Metric[gc.majorTime=192]
13-06-2018 12:09:23 1528855763047 Metric[gc.minorCount=9]
13-06-2018 12:09:23 1528855763047 Metric[gc.minorTime=73]
13-06-2018 12:09:23 1528855763047 Metric[gc.unknownCount=0]
13-06-2018 12:09:23 1528855763047 Metric[gc.unknownTime=0]
13-06-2018 12:09:23 1528855763047 Metric[operation.callTimeoutCount=0]
13-06-2018 12:09:23 1528855763047 Metric[operation.completedCount=6]
13-06-2018 12:09:23 1528855763047 Metric[operation.failedBackups=0]
13-06-2018 12:09:23 1528855763047 Metric[operation.invocations.backupTimeouts=0]
13-06-2018 12:09:23 1528855763047 Metric[operation.invocations.normalTimeouts=0]
13-06-2018 12:09:23 1528855763047 Metric[operation.invocations.pending=0]
13-06-2018 12:09:23 1528855763047 Metric[operation.invocations.responses[backup]=0]
13-06-2018 12:09:23 1528855763047 Metric[operation.invocations.responses[error]=0]
13-06-2018 12:09:23 1528855763047 Metric[operation.invocations.responses[missing]=0]
13-06-2018 12:09:23 1528855763047 Metric[operation.invocations.responses[normal]=0]
13-06-2018 12:09:23 1528855763047 Metric[operation.invocations.responses[timeout]=0]
13-06-2018 12:09:23 1528855763047 Metric[operation.operationTimeoutCount=0]
13-06-2018 12:09:23 1528855763047 Metric[operation.priorityQueueSize=0]
13-06-2018 12:09:23 1528855763047 Metric[operation.queueSize=0]
13-06-2018 12:09:23 1528855763047 Metric[operation.responseQueueSize=0]
13-06-2018 12:09:23 1528855763047 Metric[operation.retryCount=0]
13-06-2018 12:09:23 1528855763047 Metric[os.committedVirtualMemorySize=10669522944]
13-06-2018 12:09:23 1528855763047 Metric[os.freePhysicalMemorySize=6246092800]
13-06-2018 12:09:23 1528855763047 Metric[os.freeSwapSpaceSize=1139015680]
13-06-2018 12:09:23 1528855763047 Metric[os.maxFileDescriptorCount=10240]
13-06-2018 12:09:23 1528855763047 Metric[os.openFileDescriptorCount=490]
13-06-2018 12:09:23 1528855763047 Metric[os.processCpuLoad=0.7417890683996129]
13-06-2018 12:09:23 1528855763047 Metric[os.processCpuTime=22383442000]
13-06-2018 12:09:23 1528855763047 Metric[os.systemCpuLoad=9.466666666666667]
13-06-2018 12:09:23 1528855763047 Metric[os.systemLoadAverage=2.84912109375]
13-06-2018 12:09:23 1528855763047 Metric[os.totalPhysicalMemorySize=17179869184]
13-06-2018 12:09:23 1528855763047 Metric[os.totalSwapSpaceSize=15032385536]
13-06-2018 12:09:23 1528855763047 Metric[proxy.createdCount=0]
13-06-2018 12:09:23 1528855763047 Metric[proxy.destroyedCount=0]
13-06-2018 12:09:23 1528855763047 Metric[runtime.availableProcessors=8]
13-06-2018 12:09:23 1528855763047 Metric[runtime.freeMemory=415227296]
13-06-2018 12:09:23 1528855763047 Metric[runtime.maxMemory=3817865216]
13-06-2018 12:09:23 1528855763047 Metric[runtime.totalMemory=474480640]
13-06-2018 12:09:23 1528855763047 Metric[runtime.uptime=69701]
13-06-2018 12:09:23 1528855763047 Metric[runtime.usedMemory=59253344]
13-06-2018 12:09:23 1528855763047 Metric[tcp.connection.acceptedSocketCount=0]
13-06-2018 12:09:23 1528855763047 Metric[tcp.connection.activeCount=0]
13-06-2018 12:09:23 1528855763047 Metric[tcp.connection.clientCount=0]
13-06-2018 12:09:23 1528855763047 Metric[tcp.connection.count=0]
13-06-2018 12:09:23 1528855763047 Metric[tcp.connection.textCount=0]
13-06-2018 12:09:23 1528855763047 Metric[thread.daemonThreadCount=25]
13-06-2018 12:09:23 1528855763047 Metric[thread.peakThreadCount=131]
13-06-2018 12:09:23 1528855763047 Metric[thread.threadCount=122]
13-06-2018 12:09:23 1528855763047 Metric[thread.totalStartedThreadCount=155]
13-06-2018 12:09:23 1528855763047 Metric[transactions.commitCount=0]
13-06-2018 12:09:23 1528855763047 Metric[transactions.rollbackCount=0]
13-06-2018 12:09:23 1528855763047 Metric[transactions.startCount=0]
13-06-2018 12:09:23 1528855763049 SlowOperations[]
13-06-2018 12:09:23 1528855763049 HazelcastInstance[
                          thisAddress=[10.1.120.104]:5702
                          isRunning=true
                          isLite=false
                          joined=true
                          nodeState=ACTIVE
                          clusterId=70615f82-7e60-48e1-8d71-121fc5a50ace
                          clusterSize=1
                          isMaster=true
                          masterAddress=[10.1.120.104]:5702
                          Members[
                                  [10.1.120.104]:5702]]
13-06-2018 12:10:23 1528855823051 Metric[classloading.loadedClassesCount=11486]
13-06-2018 12:10:23 1528855823051 Metric[classloading.totalLoadedClassesCount=11486]
13-06-2018 12:10:23 1528855823051 Metric[classloading.unloadedClassCount=0]
13-06-2018 12:10:23 1528855823051 Metric[client.endpoint.count=0]
13-06-2018 12:10:23 1528855823051 Metric[client.endpoint.totalRegistrations=0]
13-06-2018 12:10:23 1528855823051 Metric[cluster.clock.clusterTimeDiff=0]
13-06-2018 12:10:23 1528855823051 Metric[cluster.clock.maxClusterTimeDiff=0]
13-06-2018 12:10:23 1528855823051 Metric[event.eventQueueSize=0]
13-06-2018 12:10:23 1528855823051 Metric[event.eventsProcessed=23]
13-06-2018 12:10:23 1528855823051 Metric[executor.[hz:async].queueSize=0]
13-06-2018 12:10:23 1528855823051 Metric[executor.[hz:client-query].queueSize=0]
13-06-2018 12:10:23 1528855823051 Metric[executor.[hz:client].queueSize=0]
13-06-2018 12:10:23 1528855823051 Metric[executor.[hz:cluster:event].queueSize=0]
13-06-2018 12:10:23 1528855823051 Metric[executor.[hz:cluster].queueSize=0]
13-06-2018 12:10:23 1528855823051 Metric[executor.[hz:offloadable].queueSize=0]
13-06-2018 12:10:23 1528855823051 Metric[executor.[hz:scheduled:cqc:977bf455-39cb-4805-97c7-f5c814a5960d].queueSize=0]
13-06-2018 12:10:23 1528855823051 Metric[executor.[hz:scheduled].queueSize=0]
13-06-2018 12:10:23 1528855823051 Metric[executor.[hz:system].queueSize=0]
13-06-2018 12:10:23 1528855823051 Metric[file.partition[user.home].freeSpace=338436788224]
13-06-2018 12:10:23 1528855823051 Metric[file.partition[user.home].totalSpace=1000240963584]
13-06-2018 12:10:23 1528855823051 Metric[file.partition[user.home].usableSpace=323730079744]
13-06-2018 12:10:23 1528855823051 Metric[gc.majorCount=3]
13-06-2018 12:10:23 1528855823051 Metric[gc.majorTime=192]
13-06-2018 12:10:23 1528855823051 Metric[gc.minorCount=9]
13-06-2018 12:10:23 1528855823051 Metric[gc.minorTime=73]
13-06-2018 12:10:23 1528855823051 Metric[gc.unknownCount=0]
13-06-2018 12:10:23 1528855823051 Metric[gc.unknownTime=0]
13-06-2018 12:10:23 1528855823051 Metric[operation.callTimeoutCount=0]
13-06-2018 12:10:23 1528855823051 Metric[operation.completedCount=6]
13-06-2018 12:10:23 1528855823051 Metric[operation.failedBackups=0]
13-06-2018 12:10:23 1528855823051 Metric[operation.invocations.backupTimeouts=0]
13-06-2018 12:10:23 1528855823051 Metric[operation.invocations.normalTimeouts=0]
13-06-2018 12:10:23 1528855823051 Metric[operation.invocations.pending=0]
13-06-2018 12:10:23 1528855823051 Metric[operation.invocations.responses[backup]=0]
13-06-2018 12:10:23 1528855823051 Metric[operation.invocations.responses[error]=0]
13-06-2018 12:10:23 1528855823051 Metric[operation.invocations.responses[missing]=0]
13-06-2018 12:10:23 1528855823051 Metric[operation.invocations.responses[normal]=0]
13-06-2018 12:10:23 1528855823051 Metric[operation.invocations.responses[timeout]=0]
13-06-2018 12:10:23 1528855823051 Metric[operation.operationTimeoutCount=0]
13-06-2018 12:10:23 1528855823051 Metric[operation.priorityQueueSize=0]
13-06-2018 12:10:23 1528855823051 Metric[operation.queueSize=0]
13-06-2018 12:10:23 1528855823051 Metric[operation.responseQueueSize=0]
13-06-2018 12:10:23 1528855823051 Metric[operation.retryCount=0]
13-06-2018 12:10:23 1528855823051 Metric[os.committedVirtualMemorySize=10703446016]
13-06-2018 12:10:23 1528855823051 Metric[os.freePhysicalMemorySize=3534082048]
13-06-2018 12:10:23 1528855823051 Metric[os.freeSwapSpaceSize=1814298624]
13-06-2018 12:10:23 1528855823051 Metric[os.maxFileDescriptorCount=10240]
13-06-2018 12:10:23 1528855823051 Metric[os.openFileDescriptorCount=491]
13-06-2018 12:10:23 1528855823051 Metric[os.processCpuLoad=0.22573405608091301]
13-06-2018 12:10:23 1528855823051 Metric[os.processCpuTime=25493542000]
13-06-2018 12:10:23 1528855823051 Metric[os.systemCpuLoad=14.190093708165996]
13-06-2018 12:10:23 1528855823051 Metric[os.systemLoadAverage=3.42578125]
13-06-2018 12:10:23 1528855823051 Metric[os.totalPhysicalMemorySize=17179869184]
13-06-2018 12:10:23 1528855823051 Metric[os.totalSwapSpaceSize=12884901888]
13-06-2018 12:10:23 1528855823051 Metric[proxy.createdCount=0]
13-06-2018 12:10:23 1528855823051 Metric[proxy.destroyedCount=0]
13-06-2018 12:10:23 1528855823051 Metric[runtime.availableProcessors=8]
13-06-2018 12:10:23 1528855823051 Metric[runtime.freeMemory=370786312]
13-06-2018 12:10:23 1528855823051 Metric[runtime.maxMemory=3817865216]
13-06-2018 12:10:23 1528855823051 Metric[runtime.totalMemory=474480640]
13-06-2018 12:10:23 1528855823051 Metric[runtime.uptime=129704]
13-06-2018 12:10:23 1528855823051 Metric[runtime.usedMemory=103694328]
13-06-2018 12:10:23 1528855823051 Metric[tcp.connection.acceptedSocketCount=0]
13-06-2018 12:10:23 1528855823051 Metric[tcp.connection.activeCount=0]
13-06-2018 12:10:23 1528855823051 Metric[tcp.connection.clientCount=0]
13-06-2018 12:10:23 1528855823051 Metric[tcp.connection.count=0]
13-06-2018 12:10:23 1528855823051 Metric[tcp.connection.textCount=0]
13-06-2018 12:10:23 1528855823051 Metric[thread.daemonThreadCount=25]
13-06-2018 12:10:23 1528855823051 Metric[thread.peakThreadCount=152]
13-06-2018 12:10:23 1528855823051 Metric[thread.threadCount=152]
13-06-2018 12:10:23 1528855823051 Metric[thread.totalStartedThreadCount=186]
13-06-2018 12:10:23 1528855823051 Metric[transactions.commitCount=0]
13-06-2018 12:10:23 1528855823051 Metric[transactions.rollbackCount=0]
13-06-2018 12:10:23 1528855823051 Metric[transactions.startCount=0]
13-06-2018 12:10:23 1528855823052 SlowOperations[]
13-06-2018 12:10:23 1528855823052 HazelcastInstance[
                          thisAddress=[10.1.120.104]:5702
                          isRunning=true
                          isLite=false
                          joined=true
                          nodeState=ACTIVE
                          clusterId=70615f82-7e60-48e1-8d71-121fc5a50ace
                          clusterSize=1
                          isMaster=true
                          masterAddress=[10.1.120.104]:5702
                          Members[
                                  [10.1.120.104]:5702]]
13-06-2018 12:10:31 1528855831050 ConnectionAdded[
                          Connection[id=1, /10.1.120.104:5702->/10.1.120.198:57821, endpoint=[10.1.120.198]:5702, alive=true, type=MEMBER]
                          type=MEMBER
                          isAlive=true]
13-06-2018 12:11:23 1528855883050 Metric[classloading.loadedClassesCount=11491]
13-06-2018 12:11:23 1528855883050 Metric[classloading.totalLoadedClassesCount=11491]
13-06-2018 12:11:23 1528855883050 Metric[classloading.unloadedClassCount=0]
13-06-2018 12:11:23 1528855883050 Metric[client.endpoint.count=0]
13-06-2018 12:11:23 1528855883050 Metric[client.endpoint.totalRegistrations=0]
13-06-2018 12:11:23 1528855883050 Metric[cluster.clock.clusterTimeDiff=0]
13-06-2018 12:11:23 1528855883050 Metric[cluster.clock.maxClusterTimeDiff=0]
13-06-2018 12:11:23 1528855883050 Metric[event.eventQueueSize=0]
13-06-2018 12:11:23 1528855883050 Metric[event.eventsProcessed=29]
13-06-2018 12:11:23 1528855883050 Metric[executor.[hz:async].queueSize=0]
13-06-2018 12:11:23 1528855883050 Metric[executor.[hz:client-query].queueSize=0]
13-06-2018 12:11:23 1528855883050 Metric[executor.[hz:client].queueSize=0]
13-06-2018 12:11:23 1528855883050 Metric[executor.[hz:cluster:event].queueSize=0]
13-06-2018 12:11:23 1528855883050 Metric[executor.[hz:cluster].queueSize=0]
13-06-2018 12:11:23 1528855883050 Metric[executor.[hz:offloadable].queueSize=0]
13-06-2018 12:11:23 1528855883050 Metric[executor.[hz:scheduled:cqc:977bf455-39cb-4805-97c7-f5c814a5960d].queueSize=0]
13-06-2018 12:11:23 1528855883050 Metric[executor.[hz:scheduled].queueSize=0]
13-06-2018 12:11:23 1528855883050 Metric[executor.[hz:system].queueSize=0]
13-06-2018 12:11:23 1528855883050 Metric[file.partition[user.home].freeSpace=338391715840]
13-06-2018 12:11:23 1528855883050 Metric[file.partition[user.home].totalSpace=1000240963584]
13-06-2018 12:11:23 1528855883050 Metric[file.partition[user.home].usableSpace=325832491008]
13-06-2018 12:11:23 1528855883050 Metric[gc.majorCount=3]
13-06-2018 12:11:23 1528855883050 Metric[gc.majorTime=192]
13-06-2018 12:11:23 1528855883050 Metric[gc.minorCount=9]
13-06-2018 12:11:23 1528855883050 Metric[gc.minorTime=73]
13-06-2018 12:11:23 1528855883050 Metric[gc.unknownCount=0]
13-06-2018 12:11:23 1528855883050 Metric[gc.unknownTime=0]
13-06-2018 12:11:23 1528855883050 Metric[operation.callTimeoutCount=0]
13-06-2018 12:11:23 1528855883050 Metric[operation.completedCount=7]
13-06-2018 12:11:23 1528855883050 Metric[operation.failedBackups=0]
13-06-2018 12:11:23 1528855883050 Metric[operation.invocations.backupTimeouts=0]
13-06-2018 12:11:23 1528855883050 Metric[operation.invocations.normalTimeouts=0]
13-06-2018 12:11:23 1528855883050 Metric[operation.invocations.pending=0]
13-06-2018 12:11:23 1528855883050 Metric[operation.invocations.responses[backup]=0]
13-06-2018 12:11:23 1528855883050 Metric[operation.invocations.responses[error]=0]
13-06-2018 12:11:23 1528855883050 Metric[operation.invocations.responses[missing]=0]
13-06-2018 12:11:23 1528855883050 Metric[operation.invocations.responses[normal]=0]
13-06-2018 12:11:23 1528855883050 Metric[operation.invocations.responses[timeout]=0]
13-06-2018 12:11:23 1528855883050 Metric[operation.operationTimeoutCount=0]
13-06-2018 12:11:23 1528855883050 Metric[operation.priorityQueueSize=0]
13-06-2018 12:11:23 1528855883050 Metric[operation.queueSize=0]
13-06-2018 12:11:23 1528855883050 Metric[operation.responseQueueSize=0]
13-06-2018 12:11:23 1528855883050 Metric[operation.retryCount=0]
13-06-2018 12:11:23 1528855883050 Metric[os.committedVirtualMemorySize=10695876608]
13-06-2018 12:11:23 1528855883050 Metric[os.freePhysicalMemorySize=2103676928]
13-06-2018 12:11:23 1528855883050 Metric[os.freeSwapSpaceSize=923009024]
13-06-2018 12:11:23 1528855883050 Metric[os.maxFileDescriptorCount=10240]
13-06-2018 12:11:23 1528855883050 Metric[os.openFileDescriptorCount=493]
13-06-2018 12:11:23 1528855883050 Metric[os.processCpuLoad=0.45223908463776624]
13-06-2018 12:11:23 1528855883050 Metric[os.processCpuTime=28147212000]
13-06-2018 12:11:23 1528855883050 Metric[os.systemCpuLoad=9.742895805142084]
13-06-2018 12:11:23 1528855883050 Metric[os.systemLoadAverage=3.05810546875]
13-06-2018 12:11:23 1528855883050 Metric[os.totalPhysicalMemorySize=17179869184]
13-06-2018 12:11:23 1528855883050 Metric[os.totalSwapSpaceSize=10737418240]
13-06-2018 12:11:23 1528855883050 Metric[proxy.createdCount=0]
13-06-2018 12:11:23 1528855883050 Metric[proxy.destroyedCount=0]
13-06-2018 12:11:23 1528855883050 Metric[runtime.availableProcessors=8]
13-06-2018 12:11:23 1528855883050 Metric[runtime.freeMemory=367651928]
13-06-2018 12:11:23 1528855883050 Metric[runtime.maxMemory=3817865216]
13-06-2018 12:11:23 1528855883050 Metric[runtime.totalMemory=474480640]
13-06-2018 12:11:23 1528855883050 Metric[runtime.uptime=189703]
13-06-2018 12:11:23 1528855883050 Metric[runtime.usedMemory=106828712]
13-06-2018 12:11:23 1528855883050 Metric[tcp.connection.acceptedSocketCount=0]
13-06-2018 12:11:23 1528855883050 Metric[tcp.connection.activeCount=1]
13-06-2018 12:11:23 1528855883050 Metric[tcp.connection.clientCount=0]
13-06-2018 12:11:23 1528855883050 Metric[tcp.connection.count=1]
13-06-2018 12:11:23 1528855883050 Metric[tcp.connection.textCount=0]
13-06-2018 12:11:23 1528855883050 Metric[thread.daemonThreadCount=25]
13-06-2018 12:11:23 1528855883050 Metric[thread.peakThreadCount=152]
13-06-2018 12:11:23 1528855883050 Metric[thread.threadCount=144]
13-06-2018 12:11:23 1528855883050 Metric[thread.totalStartedThreadCount=186]
13-06-2018 12:11:23 1528855883050 Metric[transactions.commitCount=0]
13-06-2018 12:11:23 1528855883050 Metric[transactions.rollbackCount=0]
13-06-2018 12:11:23 1528855883050 Metric[transactions.startCount=0]
13-06-2018 12:11:23 1528855883052 SlowOperations[]
13-06-2018 12:11:23 1528855883052 HazelcastInstance[
                          thisAddress=[10.1.120.104]:5702
                          isRunning=true
                          isLite=false
                          joined=true
                          nodeState=ACTIVE
                          clusterId=70615f82-7e60-48e1-8d71-121fc5a50ace
                          clusterSize=1
                          isMaster=true
                          masterAddress=[10.1.120.104]:5702
                          Members[
                                  [10.1.120.104]:5702]]
13-06-2018 12:12:23 1528855943050 Metric[classloading.loadedClassesCount=11491]
13-06-2018 12:12:23 1528855943050 Metric[classloading.totalLoadedClassesCount=11491]
13-06-2018 12:12:23 1528855943050 Metric[classloading.unloadedClassCount=0]
13-06-2018 12:12:23 1528855943050 Metric[client.endpoint.count=0]
13-06-2018 12:12:23 1528855943050 Metric[client.endpoint.totalRegistrations=0]
13-06-2018 12:12:23 1528855943050 Metric[cluster.clock.clusterTimeDiff=0]
13-06-2018 12:12:23 1528855943050 Metric[cluster.clock.maxClusterTimeDiff=0]
13-06-2018 12:12:23 1528855943050 Metric[event.eventQueueSize=0]
13-06-2018 12:12:23 1528855943050 Metric[event.eventsProcessed=34]
13-06-2018 12:12:23 1528855943050 Metric[executor.[hz:async].queueSize=0]
13-06-2018 12:12:23 1528855943050 Metric[executor.[hz:client-query].queueSize=0]
13-06-2018 12:12:23 1528855943050 Metric[executor.[hz:client].queueSize=0]
13-06-2018 12:12:23 1528855943050 Metric[executor.[hz:cluster:event].queueSize=0]
13-06-2018 12:12:23 1528855943050 Metric[executor.[hz:cluster].queueSize=0]
13-06-2018 12:12:23 1528855943050 Metric[executor.[hz:offloadable].queueSize=0]
13-06-2018 12:12:23 1528855943050 Metric[executor.[hz:scheduled:cqc:977bf455-39cb-4805-97c7-f5c814a5960d].queueSize=0]
13-06-2018 12:12:23 1528855943050 Metric[executor.[hz:scheduled].queueSize=0]
13-06-2018 12:12:23 1528855943050 Metric[executor.[hz:system].queueSize=0]
13-06-2018 12:12:23 1528855943050 Metric[file.partition[user.home].freeSpace=338394910720]
13-06-2018 12:12:23 1528855943050 Metric[file.partition[user.home].totalSpace=1000240963584]
13-06-2018 12:12:23 1528855943050 Metric[file.partition[user.home].usableSpace=326909448192]
13-06-2018 12:12:23 1528855943050 Metric[gc.majorCount=3]
13-06-2018 12:12:23 1528855943050 Metric[gc.majorTime=192]
13-06-2018 12:12:23 1528855943050 Metric[gc.minorCount=9]
13-06-2018 12:12:23 1528855943050 Metric[gc.minorTime=73]
13-06-2018 12:12:23 1528855943050 Metric[gc.unknownCount=0]
13-06-2018 12:12:23 1528855943050 Metric[gc.unknownTime=0]
13-06-2018 12:12:23 1528855943050 Metric[operation.callTimeoutCount=0]
13-06-2018 12:12:23 1528855943050 Metric[operation.completedCount=7]
13-06-2018 12:12:23 1528855943050 Metric[operation.failedBackups=0]
13-06-2018 12:12:23 1528855943050 Metric[operation.invocations.backupTimeouts=0]
13-06-2018 12:12:23 1528855943050 Metric[operation.invocations.normalTimeouts=0]
13-06-2018 12:12:23 1528855943050 Metric[operation.invocations.pending=0]
13-06-2018 12:12:23 1528855943050 Metric[operation.invocations.responses[backup]=0]
13-06-2018 12:12:23 1528855943050 Metric[operation.invocations.responses[error]=0]
13-06-2018 12:12:23 1528855943050 Metric[operation.invocations.responses[missing]=0]
13-06-2018 12:12:23 1528855943050 Metric[operation.invocations.responses[normal]=0]
13-06-2018 12:12:23 1528855943050 Metric[operation.invocations.responses[timeout]=0]
13-06-2018 12:12:23 1528855943050 Metric[operation.operationTimeoutCount=0]
13-06-2018 12:12:23 1528855943050 Metric[operation.priorityQueueSize=0]
13-06-2018 12:12:23 1528855943050 Metric[operation.queueSize=0]
13-06-2018 12:12:23 1528855943050 Metric[operation.responseQueueSize=0]
13-06-2018 12:12:23 1528855943050 Metric[operation.retryCount=0]
13-06-2018 12:12:23 1528855943050 Metric[os.committedVirtualMemorySize=10695118848]
13-06-2018 12:12:23 1528855943050 Metric[os.freePhysicalMemorySize=1522802688]
13-06-2018 12:12:23 1528855943050 Metric[os.freeSwapSpaceSize=905183232]
13-06-2018 12:12:23 1528855943050 Metric[os.maxFileDescriptorCount=10240]
13-06-2018 12:12:23 1528855943050 Metric[os.openFileDescriptorCount=493]
13-06-2018 12:12:23 1528855943050 Metric[os.processCpuLoad=0.34740301915874433]
13-06-2018 12:12:23 1528855943050 Metric[os.processCpuTime=30174757000]
13-06-2018 12:12:23 1528855943050 Metric[os.systemCpuLoad=23.497267759562842]
13-06-2018 12:12:23 1528855943050 Metric[os.systemLoadAverage=2.50439453125]
13-06-2018 12:12:23 1528855943050 Metric[os.totalPhysicalMemorySize=17179869184]
13-06-2018 12:12:23 1528855943050 Metric[os.totalSwapSpaceSize=9663676416]
13-06-2018 12:12:23 1528855943050 Metric[proxy.createdCount=0]
13-06-2018 12:12:23 1528855943050 Metric[proxy.destroyedCount=0]
13-06-2018 12:12:23 1528855943050 Metric[runtime.availableProcessors=8]
13-06-2018 12:12:23 1528855943050 Metric[runtime.freeMemory=364816288]
13-06-2018 12:12:23 1528855943050 Metric[runtime.maxMemory=3817865216]
13-06-2018 12:12:23 1528855943050 Metric[runtime.totalMemory=474480640]
13-06-2018 12:12:23 1528855943050 Metric[runtime.uptime=249702]
13-06-2018 12:12:23 1528855943050 Metric[runtime.usedMemory=109664352]
13-06-2018 12:12:23 1528855943050 Metric[tcp.connection.acceptedSocketCount=0]
13-06-2018 12:12:23 1528855943050 Metric[tcp.connection.activeCount=1]
13-06-2018 12:12:23 1528855943050 Metric[tcp.connection.clientCount=0]
13-06-2018 12:12:23 1528855943050 Metric[tcp.connection.count=1]
13-06-2018 12:12:23 1528855943050 Metric[tcp.connection.textCount=0]
13-06-2018 12:12:23 1528855943050 Metric[thread.daemonThreadCount=25]
13-06-2018 12:12:23 1528855943050 Metric[thread.peakThreadCount=152]
13-06-2018 12:12:23 1528855943050 Metric[thread.threadCount=144]
13-06-2018 12:12:23 1528855943050 Metric[thread.totalStartedThreadCount=186]
13-06-2018 12:12:23 1528855943050 Metric[transactions.commitCount=0]
13-06-2018 12:12:23 1528855943050 Metric[transactions.rollbackCount=0]
13-06-2018 12:12:23 1528855943050 Metric[transactions.startCount=0]
13-06-2018 12:12:23 1528855943051 SlowOperations[]
13-06-2018 12:12:23 1528855943051 HazelcastInstance[
                          thisAddress=[10.1.120.104]:5702
                          isRunning=true
                          isLite=false
                          joined=true
                          nodeState=ACTIVE
                          clusterId=70615f82-7e60-48e1-8d71-121fc5a50ace
                          clusterSize=1
                          isMaster=true
                          masterAddress=[10.1.120.104]:5702
                          Members[
                                  [10.1.120.104]:5702]]
13-06-2018 12:13:23 1528856003051 Metric[classloading.loadedClassesCount=11493]
13-06-2018 12:13:23 1528856003051 Metric[classloading.totalLoadedClassesCount=11493]
13-06-2018 12:13:23 1528856003051 Metric[classloading.unloadedClassCount=0]
13-06-2018 12:13:23 1528856003051 Metric[client.endpoint.count=0]
13-06-2018 12:13:23 1528856003051 Metric[client.endpoint.totalRegistrations=0]
13-06-2018 12:13:23 1528856003051 Metric[cluster.clock.clusterTimeDiff=0]
13-06-2018 12:13:23 1528856003051 Metric[cluster.clock.maxClusterTimeDiff=0]
13-06-2018 12:13:23 1528856003051 Metric[event.eventQueueSize=0]
13-06-2018 12:13:23 1528856003051 Metric[event.eventsProcessed=39]
13-06-2018 12:13:23 1528856003051 Metric[executor.[hz:async].queueSize=0]
13-06-2018 12:13:23 1528856003051 Metric[executor.[hz:client-query].queueSize=0]
13-06-2018 12:13:23 1528856003051 Metric[executor.[hz:client].queueSize=0]
13-06-2018 12:13:23 1528856003051 Metric[executor.[hz:cluster:event].queueSize=0]
13-06-2018 12:13:23 1528856003051 Metric[executor.[hz:cluster].queueSize=0]
13-06-2018 12:13:23 1528856003051 Metric[executor.[hz:offloadable].queueSize=0]
13-06-2018 12:13:23 1528856003051 Metric[executor.[hz:scheduled:cqc:977bf455-39cb-4805-97c7-f5c814a5960d].queueSize=0]
13-06-2018 12:13:23 1528856003051 Metric[executor.[hz:scheduled].queueSize=0]
13-06-2018 12:13:23 1528856003051 Metric[executor.[hz:system].queueSize=0]
13-06-2018 12:13:23 1528856003051 Metric[file.partition[user.home].freeSpace=338332475392]
13-06-2018 12:13:23 1528856003051 Metric[file.partition[user.home].totalSpace=1000240963584]
13-06-2018 12:13:23 1528856003051 Metric[file.partition[user.home].usableSpace=322552016896]
13-06-2018 12:13:23 1528856003051 Metric[gc.majorCount=3]
13-06-2018 12:13:23 1528856003051 Metric[gc.majorTime=192]
13-06-2018 12:13:23 1528856003051 Metric[gc.minorCount=9]
13-06-2018 12:13:23 1528856003051 Metric[gc.minorTime=73]
13-06-2018 12:13:23 1528856003051 Metric[gc.unknownCount=0]
13-06-2018 12:13:23 1528856003051 Metric[gc.unknownTime=0]
13-06-2018 12:13:23 1528856003051 Metric[operation.callTimeoutCount=0]
13-06-2018 12:13:23 1528856003051 Metric[operation.completedCount=7]
13-06-2018 12:13:23 1528856003051 Metric[operation.failedBackups=0]
13-06-2018 12:13:23 1528856003051 Metric[operation.invocations.backupTimeouts=0]
13-06-2018 12:13:23 1528856003051 Metric[operation.invocations.normalTimeouts=0]
13-06-2018 12:13:23 1528856003051 Metric[operation.invocations.pending=0]
13-06-2018 12:13:23 1528856003051 Metric[operation.invocations.responses[backup]=0]
13-06-2018 12:13:23 1528856003051 Metric[operation.invocations.responses[error]=0]
13-06-2018 12:13:23 1528856003051 Metric[operation.invocations.responses[missing]=0]
13-06-2018 12:13:23 1528856003051 Metric[operation.invocations.responses[normal]=0]
13-06-2018 12:13:23 1528856003051 Metric[operation.invocations.responses[timeout]=0]
13-06-2018 12:13:23 1528856003051 Metric[operation.operationTimeoutCount=0]
13-06-2018 12:13:23 1528856003051 Metric[operation.priorityQueueSize=0]
13-06-2018 12:13:23 1528856003051 Metric[operation.queueSize=0]
13-06-2018 12:13:23 1528856003051 Metric[operation.responseQueueSize=0]
13-06-2018 12:13:23 1528856003051 Metric[operation.retryCount=0]
13-06-2018 12:13:23 1528856003051 Metric[os.committedVirtualMemorySize=10695118848]
13-06-2018 12:13:23 1528856003051 Metric[os.freePhysicalMemorySize=3577241600]
13-06-2018 12:13:23 1528856003051 Metric[os.freeSwapSpaceSize=1726218240]
13-06-2018 12:13:23 1528856003051 Metric[os.maxFileDescriptorCount=10240]
13-06-2018 12:13:23 1528856003051 Metric[os.openFileDescriptorCount=493]
13-06-2018 12:13:23 1528856003051 Metric[os.processCpuLoad=0.27664274880986456]
13-06-2018 12:13:23 1528856003051 Metric[os.processCpuTime=31965973000]
13-06-2018 12:13:23 1528856003051 Metric[os.systemCpuLoad=24.246575342465754]
13-06-2018 12:13:23 1528856003051 Metric[os.systemLoadAverage=2.4287109375]
13-06-2018 12:13:23 1528856003051 Metric[os.totalPhysicalMemorySize=17179869184]
13-06-2018 12:13:23 1528856003051 Metric[os.totalSwapSpaceSize=13958643712]
13-06-2018 12:13:23 1528856003051 Metric[proxy.createdCount=0]
13-06-2018 12:13:23 1528856003051 Metric[proxy.destroyedCount=0]
13-06-2018 12:13:23 1528856003051 Metric[runtime.availableProcessors=8]
13-06-2018 12:13:23 1528856003051 Metric[runtime.freeMemory=357795832]
13-06-2018 12:13:23 1528856003051 Metric[runtime.maxMemory=3817865216]
13-06-2018 12:13:23 1528856003051 Metric[runtime.totalMemory=474480640]
13-06-2018 12:13:23 1528856003051 Metric[runtime.uptime=309703]
13-06-2018 12:13:23 1528856003051 Metric[runtime.usedMemory=116684808]
13-06-2018 12:13:23 1528856003051 Metric[tcp.connection.acceptedSocketCount=0]
13-06-2018 12:13:23 1528856003051 Metric[tcp.connection.activeCount=1]
13-06-2018 12:13:23 1528856003051 Metric[tcp.connection.clientCount=0]
13-06-2018 12:13:23 1528856003051 Metric[tcp.connection.count=1]
13-06-2018 12:13:23 1528856003051 Metric[tcp.connection.textCount=0]
13-06-2018 12:13:23 1528856003051 Metric[thread.daemonThreadCount=25]
13-06-2018 12:13:23 1528856003051 Metric[thread.peakThreadCount=152]
13-06-2018 12:13:23 1528856003051 Metric[thread.threadCount=144]
13-06-2018 12:13:23 1528856003051 Metric[thread.totalStartedThreadCount=186]
13-06-2018 12:13:23 1528856003051 Metric[transactions.commitCount=0]
13-06-2018 12:13:23 1528856003051 Metric[transactions.rollbackCount=0]
13-06-2018 12:13:23 1528856003051 Metric[transactions.startCount=0]
13-06-2018 12:13:23 1528856003052 SlowOperations[]
13-06-2018 12:13:23 1528856003052 HazelcastInstance[
                          thisAddress=[10.1.120.104]:5702
                          isRunning=true
                          isLite=false
                          joined=true
                          nodeState=ACTIVE
                          clusterId=70615f82-7e60-48e1-8d71-121fc5a50ace
                          clusterSize=1
                          isMaster=true
                          masterAddress=[10.1.120.104]:5702
                          Members[
                                  [10.1.120.104]:5702]]
13-06-2018 12:13:24 1528856004052 ConnectionAdded[
                          Connection[id=2, /10.1.120.104:56091->/10.1.120.228:5702, endpoint=[10.1.120.228]:5702, alive=true, type=MEMBER]
                          type=MEMBER
                          isAlive=true]
13-06-2018 12:13:24 1528856004053 ConnectionAdded[
                          Connection[id=3, /10.1.120.104:56092->/10.1.120.228:5701, endpoint=[10.1.120.228]:5701, alive=true, type=MEMBER]
                          type=MEMBER
                          isAlive=true]
13-06-2018 12:13:24 1528856004053 ConnectionAdded[
                          Connection[id=4, /10.1.120.104:56093->/10.1.120.210:5702, endpoint=[10.1.120.210]:5702, alive=true, type=MEMBER]
                          type=MEMBER
                          isAlive=true]
13-06-2018 12:14:23 1528856063052 Metric[classloading.loadedClassesCount=11494]
13-06-2018 12:14:23 1528856063052 Metric[classloading.totalLoadedClassesCount=11494]
13-06-2018 12:14:23 1528856063052 Metric[classloading.unloadedClassCount=0]
13-06-2018 12:14:23 1528856063052 Metric[client.endpoint.count=0]
13-06-2018 12:14:23 1528856063052 Metric[client.endpoint.totalRegistrations=0]
13-06-2018 12:14:23 1528856063052 Metric[cluster.clock.clusterTimeDiff=0]
13-06-2018 12:14:23 1528856063052 Metric[cluster.clock.maxClusterTimeDiff=0]
13-06-2018 12:14:23 1528856063052 Metric[event.eventQueueSize=0]
13-06-2018 12:14:23 1528856063052 Metric[event.eventsProcessed=47]
13-06-2018 12:14:23 1528856063052 Metric[executor.[hz:async].queueSize=0]
13-06-2018 12:14:23 1528856063052 Metric[executor.[hz:client-query].queueSize=0]
13-06-2018 12:14:23 1528856063052 Metric[executor.[hz:client].queueSize=0]
13-06-2018 12:14:23 1528856063052 Metric[executor.[hz:cluster:event].queueSize=0]
13-06-2018 12:14:23 1528856063052 Metric[executor.[hz:cluster].queueSize=0]
13-06-2018 12:14:23 1528856063052 Metric[executor.[hz:offloadable].queueSize=0]
13-06-2018 12:14:23 1528856063052 Metric[executor.[hz:scheduled:cqc:977bf455-39cb-4805-97c7-f5c814a5960d].queueSize=0]
13-06-2018 12:14:23 1528856063052 Metric[executor.[hz:scheduled].queueSize=0]
13-06-2018 12:14:23 1528856063052 Metric[executor.[hz:system].queueSize=0]
13-06-2018 12:14:23 1528856063052 Metric[file.partition[user.home].freeSpace=337745043456]
13-06-2018 12:14:23 1528856063052 Metric[file.partition[user.home].totalSpace=1000240963584]
13-06-2018 12:14:23 1528856063052 Metric[file.partition[user.home].usableSpace=324112076800]
13-06-2018 12:14:23 1528856063052 Metric[gc.majorCount=3]
13-06-2018 12:14:23 1528856063052 Metric[gc.majorTime=192]
13-06-2018 12:14:23 1528856063052 Metric[gc.minorCount=9]
13-06-2018 12:14:23 1528856063052 Metric[gc.minorTime=73]
13-06-2018 12:14:23 1528856063052 Metric[gc.unknownCount=0]
13-06-2018 12:14:23 1528856063052 Metric[gc.unknownTime=0]
13-06-2018 12:14:23 1528856063052 Metric[operation.callTimeoutCount=0]
13-06-2018 12:14:23 1528856063052 Metric[operation.completedCount=8]
13-06-2018 12:14:23 1528856063052 Metric[operation.failedBackups=0]
13-06-2018 12:14:23 1528856063052 Metric[operation.invocations.backupTimeouts=0]
13-06-2018 12:14:23 1528856063052 Metric[operation.invocations.normalTimeouts=0]
13-06-2018 12:14:23 1528856063052 Metric[operation.invocations.pending=0]
13-06-2018 12:14:23 1528856063052 Metric[operation.invocations.responses[backup]=0]
13-06-2018 12:14:23 1528856063052 Metric[operation.invocations.responses[error]=0]
13-06-2018 12:14:23 1528856063052 Metric[operation.invocations.responses[missing]=0]
13-06-2018 12:14:23 1528856063052 Metric[operation.invocations.responses[normal]=9]
13-06-2018 12:14:23 1528856063052 Metric[operation.invocations.responses[timeout]=0]
13-06-2018 12:14:23 1528856063052 Metric[operation.operationTimeoutCount=0]
13-06-2018 12:14:23 1528856063052 Metric[operation.priorityQueueSize=0]
13-06-2018 12:14:23 1528856063052 Metric[operation.queueSize=0]
13-06-2018 12:14:23 1528856063052 Metric[operation.responseQueueSize=0]
13-06-2018 12:14:23 1528856063052 Metric[operation.retryCount=0]
13-06-2018 12:14:23 1528856063052 Metric[os.committedVirtualMemorySize=10696876032]
13-06-2018 12:14:23 1528856063052 Metric[os.freePhysicalMemorySize=1083129856]
13-06-2018 12:14:23 1528856063052 Metric[os.freeSwapSpaceSize=1638924288]
13-06-2018 12:14:23 1528856063052 Metric[os.maxFileDescriptorCount=10240]
13-06-2018 12:14:23 1528856063052 Metric[os.openFileDescriptorCount=496]
13-06-2018 12:14:23 1528856063052 Metric[os.processCpuLoad=0.4978924021649775]
13-06-2018 12:14:23 1528856063052 Metric[os.processCpuTime=33746934000]
13-06-2018 12:14:23 1528856063052 Metric[os.systemCpuLoad=7.905686546463246]
13-06-2018 12:14:23 1528856063052 Metric[os.systemLoadAverage=4.41650390625]
13-06-2018 12:14:23 1528856063052 Metric[os.totalPhysicalMemorySize=17179869184]
13-06-2018 12:14:23 1528856063052 Metric[os.totalSwapSpaceSize=11811160064]
13-06-2018 12:14:23 1528856063052 Metric[proxy.createdCount=0]
13-06-2018 12:14:23 1528856063052 Metric[proxy.destroyedCount=0]
13-06-2018 12:14:23 1528856063052 Metric[runtime.availableProcessors=8]
13-06-2018 12:14:23 1528856063052 Metric[runtime.freeMemory=350697104]
13-06-2018 12:14:23 1528856063052 Metric[runtime.maxMemory=3817865216]
13-06-2018 12:14:23 1528856063052 Metric[runtime.totalMemory=474480640]
13-06-2018 12:14:23 1528856063052 Metric[runtime.uptime=369703]
13-06-2018 12:14:23 1528856063052 Metric[runtime.usedMemory=123783536]
13-06-2018 12:14:23 1528856063052 Metric[tcp.connection.acceptedSocketCount=0]
13-06-2018 12:14:23 1528856063052 Metric[tcp.connection.activeCount=4]
13-06-2018 12:14:23 1528856063052 Metric[tcp.connection.clientCount=0]
13-06-2018 12:14:23 1528856063052 Metric[tcp.connection.count=4]
13-06-2018 12:14:23 1528856063052 Metric[tcp.connection.textCount=0]
13-06-2018 12:14:23 1528856063052 Metric[thread.daemonThreadCount=25]
13-06-2018 12:14:23 1528856063052 Metric[thread.peakThreadCount=152]
13-06-2018 12:14:23 1528856063052 Metric[thread.threadCount=144]
13-06-2018 12:14:23 1528856063052 Metric[thread.totalStartedThreadCount=186]
13-06-2018 12:14:23 1528856063052 Metric[transactions.commitCount=0]
13-06-2018 12:14:23 1528856063052 Metric[transactions.rollbackCount=0]
13-06-2018 12:14:23 1528856063052 Metric[transactions.startCount=0]
13-06-2018 12:14:23 1528856063053 SlowOperations[]
13-06-2018 12:14:23 1528856063053 HazelcastInstance[
                          thisAddress=[10.1.120.104]:5702
                          isRunning=true
                          isLite=false
                          joined=true
                          nodeState=ACTIVE
                          clusterId=70615f82-7e60-48e1-8d71-121fc5a50ace
                          clusterSize=1
                          isMaster=true
                          masterAddress=[10.1.120.104]:5702
                          Members[
                                  [10.1.120.104]:5702]]
13-06-2018 12:15:15 1528856115055 ConnectionRemoved[
                          Connection[id=4, 0.0.0.0/0.0.0.0:56093->/10.1.120.210:5702, endpoint=[10.1.120.210]:5702, alive=false, type=MEMBER]
                          type=MEMBER
                          isAlive=false
                          closeReason=Connection closed by the other side
                          CloseCause[
                                  java.io.EOFException: Remote socket closed!
                                  com.hazelcast.internal.networking.nio.NioChannelReader.handle(NioChannelReader.java:130)
                                  com.hazelcast.internal.networking.nio.NioThread.handleSelectionKey(NioThread.java:401)
                                  com.hazelcast.internal.networking.nio.NioThread.handleSelectionKeys(NioThread.java:386)
                                  com.hazelcast.internal.networking.nio.NioThread.selectLoop(NioThread.java:293)
                                  com.hazelcast.internal.networking.nio.NioThread.run(NioThread.java:248)]]
13-06-2018 12:15:23 1528856123050 Metric[classloading.loadedClassesCount=11557]
13-06-2018 12:15:23 1528856123050 Metric[classloading.totalLoadedClassesCount=11557]
13-06-2018 12:15:23 1528856123050 Metric[classloading.unloadedClassCount=0]
13-06-2018 12:15:23 1528856123050 Metric[client.endpoint.count=0]
13-06-2018 12:15:23 1528856123050 Metric[client.endpoint.totalRegistrations=0]
13-06-2018 12:15:23 1528856123050 Metric[cluster.clock.clusterTimeDiff=0]
13-06-2018 12:15:23 1528856123050 Metric[cluster.clock.maxClusterTimeDiff=0]
13-06-2018 12:15:23 1528856123050 Metric[event.eventQueueSize=0]
13-06-2018 12:15:23 1528856123050 Metric[event.eventsProcessed=53]
13-06-2018 12:15:23 1528856123050 Metric[executor.[hz:async].queueSize=0]
13-06-2018 12:15:23 1528856123050 Metric[executor.[hz:client-query].queueSize=0]
13-06-2018 12:15:23 1528856123050 Metric[executor.[hz:client].queueSize=0]
13-06-2018 12:15:23 1528856123050 Metric[executor.[hz:cluster:event].queueSize=0]
13-06-2018 12:15:23 1528856123050 Metric[executor.[hz:cluster].queueSize=0]
13-06-2018 12:15:23 1528856123050 Metric[executor.[hz:offloadable].queueSize=0]
13-06-2018 12:15:23 1528856123050 Metric[executor.[hz:scheduled:cqc:977bf455-39cb-4805-97c7-f5c814a5960d].queueSize=0]
13-06-2018 12:15:23 1528856123050 Metric[executor.[hz:scheduled].queueSize=0]
13-06-2018 12:15:23 1528856123050 Metric[executor.[hz:system].queueSize=0]
13-06-2018 12:15:23 1528856123050 Metric[file.partition[user.home].freeSpace=337621000192]
13-06-2018 12:15:23 1528856123050 Metric[file.partition[user.home].totalSpace=1000240963584]
13-06-2018 12:15:23 1528856123050 Metric[file.partition[user.home].usableSpace=325061775360]
13-06-2018 12:15:23 1528856123050 Metric[gc.majorCount=3]
13-06-2018 12:15:23 1528856123050 Metric[gc.majorTime=192]
13-06-2018 12:15:23 1528856123050 Metric[gc.minorCount=10]
13-06-2018 12:15:23 1528856123050 Metric[gc.minorTime=95]
13-06-2018 12:15:23 1528856123050 Metric[gc.unknownCount=0]
13-06-2018 12:15:23 1528856123050 Metric[gc.unknownTime=0]
13-06-2018 12:15:23 1528856123050 Metric[operation.callTimeoutCount=0]
13-06-2018 12:15:23 1528856123050 Metric[operation.completedCount=11]
13-06-2018 12:15:23 1528856123050 Metric[operation.failedBackups=0]
13-06-2018 12:15:23 1528856123050 Metric[operation.invocations.backupTimeouts=0]
13-06-2018 12:15:23 1528856123050 Metric[operation.invocations.normalTimeouts=0]
13-06-2018 12:15:23 1528856123050 Metric[operation.invocations.pending=0]
13-06-2018 12:15:23 1528856123050 Metric[operation.invocations.responses[backup]=0]
13-06-2018 12:15:23 1528856123050 Metric[operation.invocations.responses[error]=0]
13-06-2018 12:15:23 1528856123050 Metric[operation.invocations.responses[missing]=0]
13-06-2018 12:15:23 1528856123050 Metric[operation.invocations.responses[normal]=12]
13-06-2018 12:15:23 1528856123050 Metric[operation.invocations.responses[timeout]=0]
13-06-2018 12:15:23 1528856123050 Metric[operation.operationTimeoutCount=0]
13-06-2018 12:15:23 1528856123050 Metric[operation.priorityQueueSize=0]
13-06-2018 12:15:23 1528856123050 Metric[operation.queueSize=0]
13-06-2018 12:15:23 1528856123050 Metric[operation.responseQueueSize=0]
13-06-2018 12:15:23 1528856123050 Metric[operation.retryCount=0]
13-06-2018 12:15:23 1528856123050 Metric[os.committedVirtualMemorySize=10711228416]
13-06-2018 12:15:23 1528856123050 Metric[os.freePhysicalMemorySize=178364416]
13-06-2018 12:15:23 1528856123050 Metric[os.freeSwapSpaceSize=1374158848]
13-06-2018 12:15:23 1528856123050 Metric[os.maxFileDescriptorCount=10240]
13-06-2018 12:15:23 1528856123050 Metric[os.openFileDescriptorCount=493]
13-06-2018 12:15:23 1528856123050 Metric[os.processCpuLoad=3.0228623985809544]
13-06-2018 12:15:23 1528856123050 Metric[os.processCpuTime=37862387000]
13-06-2018 12:15:23 1528856123050 Metric[os.systemCpuLoad=14.560439560439562]
13-06-2018 12:15:23 1528856123050 Metric[os.systemLoadAverage=2.97412109375]
13-06-2018 12:15:23 1528856123050 Metric[os.totalPhysicalMemorySize=17179869184]
13-06-2018 12:15:23 1528856123050 Metric[os.totalSwapSpaceSize=10737418240]
13-06-2018 12:15:23 1528856123050 Metric[proxy.createdCount=0]
13-06-2018 12:15:23 1528856123050 Metric[proxy.destroyedCount=0]
13-06-2018 12:15:23 1528856123050 Metric[runtime.availableProcessors=8]
13-06-2018 12:15:23 1528856123050 Metric[runtime.freeMemory=400152136]
13-06-2018 12:15:23 1528856123050 Metric[runtime.maxMemory=3817865216]
13-06-2018 12:15:23 1528856123050 Metric[runtime.totalMemory=460849152]
13-06-2018 12:15:23 1528856123050 Metric[runtime.uptime=429718]
13-06-2018 12:15:23 1528856123050 Metric[runtime.usedMemory=60697016]
13-06-2018 12:15:23 1528856123050 Metric[tcp.connection.acceptedSocketCount=0]
13-06-2018 12:15:23 1528856123050 Metric[tcp.connection.activeCount=3]
13-06-2018 12:15:23 1528856123050 Metric[tcp.connection.clientCount=0]
13-06-2018 12:15:23 1528856123050 Metric[tcp.connection.count=3]
13-06-2018 12:15:23 1528856123050 Metric[tcp.connection.textCount=0]
13-06-2018 12:15:23 1528856123050 Metric[thread.daemonThreadCount=25]
13-06-2018 12:15:23 1528856123050 Metric[thread.peakThreadCount=158]
13-06-2018 12:15:23 1528856123050 Metric[thread.threadCount=158]
13-06-2018 12:15:23 1528856123050 Metric[thread.totalStartedThreadCount=200]
13-06-2018 12:15:23 1528856123050 Metric[transactions.commitCount=0]
13-06-2018 12:15:23 1528856123050 Metric[transactions.rollbackCount=0]
13-06-2018 12:15:23 1528856123050 Metric[transactions.startCount=0]
13-06-2018 12:15:23 1528856123070 SlowOperations[]
13-06-2018 12:15:23 1528856123070 HazelcastInstance[
                          thisAddress=[10.1.120.104]:5702
                          isRunning=true
                          isLite=false
                          joined=true
                          nodeState=ACTIVE
                          clusterId=70615f82-7e60-48e1-8d71-121fc5a50ace
                          clusterSize=1
                          isMaster=true
                          masterAddress=[10.1.120.104]:5702
                          Members[
                                  [10.1.120.104]:5702]]
13-06-2018 12:16:23 1528856183054 Metric[classloading.loadedClassesCount=11602]
13-06-2018 12:16:23 1528856183054 Metric[classloading.totalLoadedClassesCount=11602]
13-06-2018 12:16:23 1528856183054 Metric[classloading.unloadedClassCount=0]
13-06-2018 12:16:23 1528856183054 Metric[client.endpoint.count=0]
13-06-2018 12:16:23 1528856183054 Metric[client.endpoint.totalRegistrations=0]
13-06-2018 12:16:23 1528856183054 Metric[cluster.clock.clusterTimeDiff=0]
13-06-2018 12:16:23 1528856183054 Metric[cluster.clock.maxClusterTimeDiff=0]
13-06-2018 12:16:23 1528856183054 Metric[event.eventQueueSize=0]
13-06-2018 12:16:23 1528856183054 Metric[event.eventsProcessed=58]
13-06-2018 12:16:23 1528856183054 Metric[executor.[hz:async].queueSize=0]
13-06-2018 12:16:23 1528856183054 Metric[executor.[hz:client-query].queueSize=0]
13-06-2018 12:16:23 1528856183054 Metric[executor.[hz:client].queueSize=0]
13-06-2018 12:16:23 1528856183054 Metric[executor.[hz:cluster:event].queueSize=0]
13-06-2018 12:16:23 1528856183054 Metric[executor.[hz:cluster].queueSize=0]
13-06-2018 12:16:23 1528856183054 Metric[executor.[hz:offloadable].queueSize=0]
13-06-2018 12:16:23 1528856183054 Metric[executor.[hz:scheduled:cqc:977bf455-39cb-4805-97c7-f5c814a5960d].queueSize=0]
13-06-2018 12:16:23 1528856183054 Metric[executor.[hz:scheduled].queueSize=0]
13-06-2018 12:16:23 1528856183054 Metric[executor.[hz:system].queueSize=0]
13-06-2018 12:16:23 1528856183054 Metric[file.partition[user.home].freeSpace=337522786304]
13-06-2018 12:16:23 1528856183054 Metric[file.partition[user.home].totalSpace=1000240963584]
13-06-2018 12:16:23 1528856183054 Metric[file.partition[user.home].usableSpace=327111065600]
13-06-2018 12:16:23 1528856183054 Metric[gc.majorCount=3]
13-06-2018 12:16:23 1528856183054 Metric[gc.majorTime=192]
13-06-2018 12:16:23 1528856183054 Metric[gc.minorCount=10]
13-06-2018 12:16:23 1528856183054 Metric[gc.minorTime=95]
13-06-2018 12:16:23 1528856183054 Metric[gc.unknownCount=0]
13-06-2018 12:16:23 1528856183054 Metric[gc.unknownTime=0]
13-06-2018 12:16:23 1528856183054 Metric[operation.callTimeoutCount=0]
13-06-2018 12:16:23 1528856183054 Metric[operation.completedCount=11]
13-06-2018 12:16:23 1528856183054 Metric[operation.failedBackups=0]
13-06-2018 12:16:23 1528856183054 Metric[operation.invocations.backupTimeouts=0]
13-06-2018 12:16:23 1528856183054 Metric[operation.invocations.normalTimeouts=0]
13-06-2018 12:16:23 1528856183054 Metric[operation.invocations.pending=0]
13-06-2018 12:16:23 1528856183054 Metric[operation.invocations.responses[backup]=0]
13-06-2018 12:16:23 1528856183054 Metric[operation.invocations.responses[error]=0]
13-06-2018 12:16:23 1528856183054 Metric[operation.invocations.responses[missing]=0]
13-06-2018 12:16:23 1528856183054 Metric[operation.invocations.responses[normal]=12]
13-06-2018 12:16:23 1528856183054 Metric[operation.invocations.responses[timeout]=0]
13-06-2018 12:16:23 1528856183054 Metric[operation.operationTimeoutCount=0]
13-06-2018 12:16:23 1528856183054 Metric[operation.priorityQueueSize=0]
13-06-2018 12:16:23 1528856183054 Metric[operation.queueSize=0]
13-06-2018 12:16:23 1528856183054 Metric[operation.responseQueueSize=0]
13-06-2018 12:16:23 1528856183054 Metric[operation.retryCount=0]
13-06-2018 12:16:23 1528856183054 Metric[os.committedVirtualMemorySize=10714411008]
13-06-2018 12:16:23 1528856183054 Metric[os.freePhysicalMemorySize=2068459520]
13-06-2018 12:16:23 1528856183054 Metric[os.freeSwapSpaceSize=812122112]
13-06-2018 12:16:23 1528856183054 Metric[os.maxFileDescriptorCount=10240]
13-06-2018 12:16:23 1528856183054 Metric[os.openFileDescriptorCount=493]
13-06-2018 12:16:23 1528856183054 Metric[os.processCpuLoad=0.28406701542498614]
13-06-2018 12:16:23 1528856183054 Metric[os.processCpuTime=39566487000]
13-06-2018 12:16:23 1528856183054 Metric[os.systemCpuLoad=45.86255259467041]
13-06-2018 12:16:23 1528856183054 Metric[os.systemLoadAverage=4.46044921875]
13-06-2018 12:16:23 1528856183054 Metric[os.totalPhysicalMemorySize=17179869184]
13-06-2018 12:16:23 1528856183054 Metric[os.totalSwapSpaceSize=8589934592]
13-06-2018 12:16:23 1528856183054 Metric[proxy.createdCount=0]
13-06-2018 12:16:23 1528856183054 Metric[proxy.destroyedCount=0]
13-06-2018 12:16:23 1528856183054 Metric[runtime.availableProcessors=8]
13-06-2018 12:16:23 1528856183054 Metric[runtime.freeMemory=388229400]
13-06-2018 12:16:23 1528856183054 Metric[runtime.maxMemory=3817865216]
13-06-2018 12:16:23 1528856183054 Metric[runtime.totalMemory=460849152]
13-06-2018 12:16:23 1528856183054 Metric[runtime.uptime=489704]
13-06-2018 12:16:23 1528856183054 Metric[runtime.usedMemory=72619752]
13-06-2018 12:16:23 1528856183054 Metric[tcp.connection.acceptedSocketCount=0]
13-06-2018 12:16:23 1528856183054 Metric[tcp.connection.activeCount=3]
13-06-2018 12:16:23 1528856183054 Metric[tcp.connection.clientCount=0]
13-06-2018 12:16:23 1528856183054 Metric[tcp.connection.count=3]
13-06-2018 12:16:23 1528856183054 Metric[tcp.connection.textCount=0]
13-06-2018 12:16:23 1528856183054 Metric[thread.daemonThreadCount=25]
13-06-2018 12:16:23 1528856183054 Metric[thread.peakThreadCount=161]
13-06-2018 12:16:23 1528856183054 Metric[thread.threadCount=161]
13-06-2018 12:16:23 1528856183054 Metric[thread.totalStartedThreadCount=203]
13-06-2018 12:16:23 1528856183054 Metric[transactions.commitCount=0]
13-06-2018 12:16:23 1528856183054 Metric[transactions.rollbackCount=0]
13-06-2018 12:16:23 1528856183054 Metric[transactions.startCount=0]
13-06-2018 12:16:23 1528856183056 SlowOperations[]
13-06-2018 12:16:23 1528856183056 HazelcastInstance[
                          thisAddress=[10.1.120.104]:5702
                          isRunning=true
                          isLite=false
                          joined=true
                          nodeState=ACTIVE
                          clusterId=70615f82-7e60-48e1-8d71-121fc5a50ace
                          clusterSize=1
                          isMaster=true
                          masterAddress=[10.1.120.104]:5702
                          Members[
                                  [10.1.120.104]:5702]]
13-06-2018 12:17:23 1528856243053 Metric[classloading.loadedClassesCount=11602]
13-06-2018 12:17:23 1528856243053 Metric[classloading.totalLoadedClassesCount=11602]
13-06-2018 12:17:23 1528856243053 Metric[classloading.unloadedClassCount=0]
13-06-2018 12:17:23 1528856243053 Metric[client.endpoint.count=0]
13-06-2018 12:17:23 1528856243053 Metric[client.endpoint.totalRegistrations=0]
13-06-2018 12:17:23 1528856243053 Metric[cluster.clock.clusterTimeDiff=0]
13-06-2018 12:17:23 1528856243053 Metric[cluster.clock.maxClusterTimeDiff=0]
13-06-2018 12:17:23 1528856243053 Metric[event.eventQueueSize=0]
13-06-2018 12:17:23 1528856243053 Metric[event.eventsProcessed=63]
13-06-2018 12:17:23 1528856243053 Metric[executor.[hz:async].queueSize=0]
13-06-2018 12:17:23 1528856243053 Metric[executor.[hz:client-query].queueSize=0]
13-06-2018 12:17:23 1528856243053 Metric[executor.[hz:client].queueSize=0]
13-06-2018 12:17:23 1528856243053 Metric[executor.[hz:cluster:event].queueSize=0]
13-06-2018 12:17:23 1528856243053 Metric[executor.[hz:cluster].queueSize=0]
13-06-2018 12:17:23 1528856243053 Metric[executor.[hz:offloadable].queueSize=0]
13-06-2018 12:17:23 1528856243053 Metric[executor.[hz:scheduled:cqc:977bf455-39cb-4805-97c7-f5c814a5960d].queueSize=0]
13-06-2018 12:17:23 1528856243053 Metric[executor.[hz:scheduled].queueSize=0]
13-06-2018 12:17:23 1528856243053 Metric[executor.[hz:system].queueSize=0]
13-06-2018 12:17:23 1528856243053 Metric[file.partition[user.home].freeSpace=337530290176]
13-06-2018 12:17:23 1528856243053 Metric[file.partition[user.home].totalSpace=1000240963584]
13-06-2018 12:17:23 1528856243053 Metric[file.partition[user.home].usableSpace=321749827584]
13-06-2018 12:17:23 1528856243053 Metric[gc.majorCount=3]
13-06-2018 12:17:23 1528856243053 Metric[gc.majorTime=192]
13-06-2018 12:17:23 1528856243053 Metric[gc.minorCount=10]
13-06-2018 12:17:23 1528856243053 Metric[gc.minorTime=95]
13-06-2018 12:17:23 1528856243053 Metric[gc.unknownCount=0]
13-06-2018 12:17:23 1528856243053 Metric[gc.unknownTime=0]
13-06-2018 12:17:23 1528856243053 Metric[operation.callTimeoutCount=0]
13-06-2018 12:17:23 1528856243053 Metric[operation.completedCount=14]
13-06-2018 12:17:23 1528856243053 Metric[operation.failedBackups=0]
13-06-2018 12:17:23 1528856243053 Metric[operation.invocations.backupTimeouts=0]
13-06-2018 12:17:23 1528856243053 Metric[operation.invocations.normalTimeouts=0]
13-06-2018 12:17:23 1528856243053 Metric[operation.invocations.pending=0]
13-06-2018 12:17:23 1528856243053 Metric[operation.invocations.responses[backup]=0]
13-06-2018 12:17:23 1528856243053 Metric[operation.invocations.responses[error]=0]
13-06-2018 12:17:23 1528856243053 Metric[operation.invocations.responses[missing]=0]
13-06-2018 12:17:23 1528856243053 Metric[operation.invocations.responses[normal]=15]
13-06-2018 12:17:23 1528856243053 Metric[operation.invocations.responses[timeout]=0]
13-06-2018 12:17:23 1528856243053 Metric[operation.operationTimeoutCount=0]
13-06-2018 12:17:23 1528856243053 Metric[operation.priorityQueueSize=0]
13-06-2018 12:17:23 1528856243053 Metric[operation.queueSize=0]
13-06-2018 12:17:23 1528856243053 Metric[operation.responseQueueSize=0]
13-06-2018 12:17:23 1528856243053 Metric[operation.retryCount=0]
13-06-2018 12:17:23 1528856243053 Metric[os.committedVirtualMemorySize=10713923584]
13-06-2018 12:17:23 1528856243053 Metric[os.freePhysicalMemorySize=5428920320]
13-06-2018 12:17:23 1528856243053 Metric[os.freeSwapSpaceSize=1751121920]
13-06-2018 12:17:23 1528856243053 Metric[os.maxFileDescriptorCount=10240]
13-06-2018 12:17:23 1528856243053 Metric[os.openFileDescriptorCount=495]
13-06-2018 12:17:23 1528856243053 Metric[os.processCpuLoad=0.5758989185550208]
13-06-2018 12:17:23 1528856243053 Metric[os.processCpuTime=42520114000]
13-06-2018 12:17:23 1528856243053 Metric[os.systemCpuLoad=19.943422913719942]
13-06-2018 12:17:23 1528856243053 Metric[os.systemLoadAverage=2.98681640625]
13-06-2018 12:17:23 1528856243053 Metric[os.totalPhysicalMemorySize=17179869184]
13-06-2018 12:17:23 1528856243053 Metric[os.totalSwapSpaceSize=13958643712]
13-06-2018 12:17:23 1528856243053 Metric[proxy.createdCount=0]
13-06-2018 12:17:23 1528856243053 Metric[proxy.destroyedCount=0]
13-06-2018 12:17:23 1528856243053 Metric[runtime.availableProcessors=8]
13-06-2018 12:17:23 1528856243053 Metric[runtime.freeMemory=321530144]
13-06-2018 12:17:23 1528856243053 Metric[runtime.maxMemory=3817865216]
13-06-2018 12:17:23 1528856243053 Metric[runtime.totalMemory=460849152]
13-06-2018 12:17:23 1528856243053 Metric[runtime.uptime=549702]
13-06-2018 12:17:23 1528856243053 Metric[runtime.usedMemory=139319008]
13-06-2018 12:17:23 1528856243053 Metric[tcp.connection.acceptedSocketCount=0]
13-06-2018 12:17:23 1528856243053 Metric[tcp.connection.activeCount=3]
13-06-2018 12:17:23 1528856243053 Metric[tcp.connection.clientCount=0]
13-06-2018 12:17:23 1528856243053 Metric[tcp.connection.count=3]
13-06-2018 12:17:23 1528856243053 Metric[tcp.connection.textCount=0]
13-06-2018 12:17:23 1528856243053 Metric[thread.daemonThreadCount=25]
13-06-2018 12:17:23 1528856243053 Metric[thread.peakThreadCount=162]
13-06-2018 12:17:23 1528856243053 Metric[thread.threadCount=162]
13-06-2018 12:17:23 1528856243053 Metric[thread.totalStartedThreadCount=212]
13-06-2018 12:17:23 1528856243053 Metric[transactions.commitCount=0]
13-06-2018 12:17:23 1528856243053 Metric[transactions.rollbackCount=0]
13-06-2018 12:17:23 1528856243053 Metric[transactions.startCount=0]
13-06-2018 12:17:23 1528856243054 SlowOperations[]
13-06-2018 12:17:23 1528856243055 HazelcastInstance[
                          thisAddress=[10.1.120.104]:5702
                          isRunning=true
                          isLite=false
                          joined=true
                          nodeState=ACTIVE
                          clusterId=70615f82-7e60-48e1-8d71-121fc5a50ace
                          clusterSize=1
                          isMaster=true
                          masterAddress=[10.1.120.104]:5702
                          Members[
                                  [10.1.120.104]:5702]]
13-06-2018 12:18:23 1528856303056 Metric[classloading.loadedClassesCount=11604]
13-06-2018 12:18:23 1528856303056 Metric[classloading.totalLoadedClassesCount=11604]
13-06-2018 12:18:23 1528856303056 Metric[classloading.unloadedClassCount=0]
13-06-2018 12:18:23 1528856303056 Metric[client.endpoint.count=0]
13-06-2018 12:18:23 1528856303056 Metric[client.endpoint.totalRegistrations=0]
13-06-2018 12:18:23 1528856303056 Metric[cluster.clock.clusterTimeDiff=0]
13-06-2018 12:18:23 1528856303056 Metric[cluster.clock.maxClusterTimeDiff=0]
13-06-2018 12:18:23 1528856303056 Metric[event.eventQueueSize=0]
13-06-2018 12:18:23 1528856303056 Metric[event.eventsProcessed=68]
13-06-2018 12:18:23 1528856303056 Metric[executor.[hz:async].queueSize=0]
13-06-2018 12:18:23 1528856303056 Metric[executor.[hz:client-query].queueSize=0]
13-06-2018 12:18:23 1528856303056 Metric[executor.[hz:client].queueSize=0]
13-06-2018 12:18:23 1528856303056 Metric[executor.[hz:cluster:event].queueSize=0]
13-06-2018 12:18:23 1528856303056 Metric[executor.[hz:cluster].queueSize=0]
13-06-2018 12:18:23 1528856303056 Metric[executor.[hz:offloadable].queueSize=0]
13-06-2018 12:18:23 1528856303056 Metric[executor.[hz:scheduled:cqc:977bf455-39cb-4805-97c7-f5c814a5960d].queueSize=0]
13-06-2018 12:18:23 1528856303056 Metric[executor.[hz:scheduled].queueSize=0]
13-06-2018 12:18:23 1528856303056 Metric[executor.[hz:system].queueSize=0]
13-06-2018 12:18:23 1528856303056 Metric[file.partition[user.home].freeSpace=337411903488]
13-06-2018 12:18:23 1528856303056 Metric[file.partition[user.home].totalSpace=1000240963584]
13-06-2018 12:18:23 1528856303056 Metric[file.partition[user.home].usableSpace=322705195008]
13-06-2018 12:18:23 1528856303056 Metric[gc.majorCount=3]
13-06-2018 12:18:23 1528856303056 Metric[gc.majorTime=192]
13-06-2018 12:18:23 1528856303056 Metric[gc.minorCount=10]
13-06-2018 12:18:23 1528856303056 Metric[gc.minorTime=95]
13-06-2018 12:18:23 1528856303056 Metric[gc.unknownCount=0]
13-06-2018 12:18:23 1528856303056 Metric[gc.unknownTime=0]
13-06-2018 12:18:23 1528856303056 Metric[operation.callTimeoutCount=0]
13-06-2018 12:18:23 1528856303056 Metric[operation.completedCount=14]
13-06-2018 12:18:23 1528856303056 Metric[operation.failedBackups=0]
13-06-2018 12:18:23 1528856303056 Metric[operation.invocations.backupTimeouts=0]
13-06-2018 12:18:23 1528856303056 Metric[operation.invocations.normalTimeouts=0]
13-06-2018 12:18:23 1528856303056 Metric[operation.invocations.pending=0]
13-06-2018 12:18:23 1528856303056 Metric[operation.invocations.responses[backup]=0]
13-06-2018 12:18:23 1528856303056 Metric[operation.invocations.responses[error]=0]
13-06-2018 12:18:23 1528856303056 Metric[operation.invocations.responses[missing]=0]
13-06-2018 12:18:23 1528856303056 Metric[operation.invocations.responses[normal]=15]
13-06-2018 12:18:23 1528856303056 Metric[operation.invocations.responses[timeout]=0]
13-06-2018 12:18:23 1528856303056 Metric[operation.operationTimeoutCount=0]
13-06-2018 12:18:23 1528856303056 Metric[operation.priorityQueueSize=0]
13-06-2018 12:18:23 1528856303056 Metric[operation.queueSize=0]
13-06-2018 12:18:23 1528856303056 Metric[operation.responseQueueSize=0]
13-06-2018 12:18:23 1528856303056 Metric[operation.retryCount=0]
13-06-2018 12:18:23 1528856303056 Metric[os.committedVirtualMemorySize=10705547264]
13-06-2018 12:18:23 1528856303056 Metric[os.freePhysicalMemorySize=3912523776]
13-06-2018 12:18:23 1528856303056 Metric[os.freeSwapSpaceSize=1168637952]
13-06-2018 12:18:23 1528856303056 Metric[os.maxFileDescriptorCount=10240]
13-06-2018 12:18:23 1528856303056 Metric[os.openFileDescriptorCount=497]
13-06-2018 12:18:23 1528856303056 Metric[os.processCpuLoad=0.241118685280101]
13-06-2018 12:18:23 1528856303056 Metric[os.processCpuTime=44595509000]
13-06-2018 12:18:23 1528856303056 Metric[os.systemCpuLoad=28.223495702005728]
13-06-2018 12:18:23 1528856303056 Metric[os.systemLoadAverage=3.322265625]
13-06-2018 12:18:23 1528856303056 Metric[os.totalPhysicalMemorySize=17179869184]
13-06-2018 12:18:23 1528856303056 Metric[os.totalSwapSpaceSize=12884901888]
13-06-2018 12:18:23 1528856303056 Metric[proxy.createdCount=0]
13-06-2018 12:18:23 1528856303056 Metric[proxy.destroyedCount=0]
13-06-2018 12:18:23 1528856303056 Metric[runtime.availableProcessors=8]
13-06-2018 12:18:23 1528856303056 Metric[runtime.freeMemory=313983544]
13-06-2018 12:18:23 1528856303056 Metric[runtime.maxMemory=3817865216]
13-06-2018 12:18:23 1528856303056 Metric[runtime.totalMemory=460849152]
13-06-2018 12:18:23 1528856303056 Metric[runtime.uptime=609704]
13-06-2018 12:18:23 1528856303056 Metric[runtime.usedMemory=146865608]
13-06-2018 12:18:23 1528856303056 Metric[tcp.connection.acceptedSocketCount=0]
13-06-2018 12:18:23 1528856303056 Metric[tcp.connection.activeCount=3]
13-06-2018 12:18:23 1528856303056 Metric[tcp.connection.clientCount=0]
13-06-2018 12:18:23 1528856303056 Metric[tcp.connection.count=3]
13-06-2018 12:18:23 1528856303056 Metric[tcp.connection.textCount=0]
13-06-2018 12:18:23 1528856303056 Metric[thread.daemonThreadCount=25]
13-06-2018 12:18:23 1528856303056 Metric[thread.peakThreadCount=162]
13-06-2018 12:18:23 1528856303056 Metric[thread.threadCount=154]
13-06-2018 12:18:23 1528856303056 Metric[thread.totalStartedThreadCount=212]
13-06-2018 12:18:23 1528856303056 Metric[transactions.commitCount=0]
13-06-2018 12:18:23 1528856303056 Metric[transactions.rollbackCount=0]
13-06-2018 12:18:23 1528856303056 Metric[transactions.startCount=0]
13-06-2018 12:18:23 1528856303056 SlowOperations[]
13-06-2018 12:18:23 1528856303056 HazelcastInstance[
                          thisAddress=[10.1.120.104]:5702
                          isRunning=true
                          isLite=false
                          joined=true
                          nodeState=ACTIVE
                          clusterId=70615f82-7e60-48e1-8d71-121fc5a50ace
                          clusterSize=1
                          isMaster=true
                          masterAddress=[10.1.120.104]:5702
                          Members[
                                  [10.1.120.104]:5702]]
13-06-2018 12:19:23 1528856363055 Metric[classloading.loadedClassesCount=11624]
13-06-2018 12:19:23 1528856363055 Metric[classloading.totalLoadedClassesCount=11624]
13-06-2018 12:19:23 1528856363055 Metric[classloading.unloadedClassCount=0]
13-06-2018 12:19:23 1528856363055 Metric[client.endpoint.count=0]
13-06-2018 12:19:23 1528856363055 Metric[client.endpoint.totalRegistrations=0]
13-06-2018 12:19:23 1528856363055 Metric[cluster.clock.clusterTimeDiff=0]
13-06-2018 12:19:23 1528856363055 Metric[cluster.clock.maxClusterTimeDiff=0]
13-06-2018 12:19:23 1528856363055 Metric[event.eventQueueSize=0]
13-06-2018 12:19:23 1528856363055 Metric[event.eventsProcessed=73]
13-06-2018 12:19:23 1528856363055 Metric[executor.[hz:async].queueSize=0]
13-06-2018 12:19:23 1528856363055 Metric[executor.[hz:client-query].queueSize=0]
13-06-2018 12:19:23 1528856363055 Metric[executor.[hz:client].queueSize=0]
13-06-2018 12:19:23 1528856363055 Metric[executor.[hz:cluster:event].queueSize=0]
13-06-2018 12:19:23 1528856363055 Metric[executor.[hz:cluster].queueSize=0]
13-06-2018 12:19:23 1528856363055 Metric[executor.[hz:offloadable].queueSize=0]
13-06-2018 12:19:23 1528856363055 Metric[executor.[hz:scheduled:cqc:977bf455-39cb-4805-97c7-f5c814a5960d].queueSize=0]
13-06-2018 12:19:23 1528856363055 Metric[executor.[hz:scheduled].queueSize=0]
13-06-2018 12:19:23 1528856363055 Metric[executor.[hz:system].queueSize=0]
13-06-2018 12:19:23 1528856363055 Metric[file.partition[user.home].freeSpace=337440923648]
13-06-2018 12:19:23 1528856363055 Metric[file.partition[user.home].totalSpace=1000240963584]
13-06-2018 12:19:23 1528856363055 Metric[file.partition[user.home].usableSpace=324881702912]
13-06-2018 12:19:23 1528856363055 Metric[gc.majorCount=3]
13-06-2018 12:19:23 1528856363055 Metric[gc.majorTime=192]
13-06-2018 12:19:23 1528856363055 Metric[gc.minorCount=10]
13-06-2018 12:19:23 1528856363055 Metric[gc.minorTime=95]
13-06-2018 12:19:23 1528856363055 Metric[gc.unknownCount=0]
13-06-2018 12:19:23 1528856363055 Metric[gc.unknownTime=0]
13-06-2018 12:19:23 1528856363055 Metric[operation.callTimeoutCount=0]
13-06-2018 12:19:23 1528856363055 Metric[operation.completedCount=17]
13-06-2018 12:19:23 1528856363055 Metric[operation.failedBackups=0]
13-06-2018 12:19:23 1528856363055 Metric[operation.invocations.backupTimeouts=0]
13-06-2018 12:19:23 1528856363055 Metric[operation.invocations.normalTimeouts=0]
13-06-2018 12:19:23 1528856363055 Metric[operation.invocations.pending=0]
13-06-2018 12:19:23 1528856363055 Metric[operation.invocations.responses[backup]=0]
13-06-2018 12:19:23 1528856363055 Metric[operation.invocations.responses[error]=0]
13-06-2018 12:19:23 1528856363055 Metric[operation.invocations.responses[missing]=0]
13-06-2018 12:19:23 1528856363055 Metric[operation.invocations.responses[normal]=15]
13-06-2018 12:19:23 1528856363055 Metric[operation.invocations.responses[timeout]=0]
13-06-2018 12:19:23 1528856363055 Metric[operation.operationTimeoutCount=0]
13-06-2018 12:19:23 1528856363055 Metric[operation.priorityQueueSize=0]
13-06-2018 12:19:23 1528856363055 Metric[operation.queueSize=0]
13-06-2018 12:19:23 1528856363055 Metric[operation.responseQueueSize=0]
13-06-2018 12:19:23 1528856363055 Metric[operation.retryCount=0]
13-06-2018 12:19:23 1528856363055 Metric[os.committedVirtualMemorySize=10705547264]
13-06-2018 12:19:23 1528856363055 Metric[os.freePhysicalMemorySize=1565220864]
13-06-2018 12:19:23 1528856363055 Metric[os.freeSwapSpaceSize=921698304]
13-06-2018 12:19:23 1528856363055 Metric[os.maxFileDescriptorCount=10240]
13-06-2018 12:19:23 1528856363055 Metric[os.openFileDescriptorCount=499]
13-06-2018 12:19:23 1528856363055 Metric[os.processCpuLoad=0.41366569930626657]
13-06-2018 12:19:23 1528856363055 Metric[os.processCpuTime=46112318000]
13-06-2018 12:19:23 1528856363055 Metric[os.systemCpuLoad=15.843023255813954]
13-06-2018 12:19:23 1528856363055 Metric[os.systemLoadAverage=3.6943359375]
13-06-2018 12:19:23 1528856363055 Metric[os.totalPhysicalMemorySize=17179869184]
13-06-2018 12:19:23 1528856363055 Metric[os.totalSwapSpaceSize=10737418240]
13-06-2018 12:19:23 1528856363055 Metric[proxy.createdCount=0]
13-06-2018 12:19:23 1528856363055 Metric[proxy.destroyedCount=0]
13-06-2018 12:19:23 1528856363055 Metric[runtime.availableProcessors=8]
13-06-2018 12:19:23 1528856363055 Metric[runtime.freeMemory=310164616]
13-06-2018 12:19:23 1528856363055 Metric[runtime.maxMemory=3817865216]
13-06-2018 12:19:23 1528856363055 Metric[runtime.totalMemory=460849152]
13-06-2018 12:19:23 1528856363055 Metric[runtime.uptime=669702]
13-06-2018 12:19:23 1528856363055 Metric[runtime.usedMemory=150684536]
13-06-2018 12:19:23 1528856363055 Metric[tcp.connection.acceptedSocketCount=1]
13-06-2018 12:19:23 1528856363055 Metric[tcp.connection.activeCount=4]
13-06-2018 12:19:23 1528856363055 Metric[tcp.connection.clientCount=0]
13-06-2018 12:19:23 1528856363055 Metric[tcp.connection.count=3]
13-06-2018 12:19:23 1528856363055 Metric[tcp.connection.textCount=0]
13-06-2018 12:19:23 1528856363055 Metric[thread.daemonThreadCount=25]
13-06-2018 12:19:23 1528856363055 Metric[thread.peakThreadCount=162]
13-06-2018 12:19:23 1528856363055 Metric[thread.threadCount=154]
13-06-2018 12:19:23 1528856363055 Metric[thread.totalStartedThreadCount=213]
13-06-2018 12:19:23 1528856363055 Metric[transactions.commitCount=0]
13-06-2018 12:19:23 1528856363055 Metric[transactions.rollbackCount=0]
13-06-2018 12:19:23 1528856363055 Metric[transactions.startCount=0]
13-06-2018 12:19:23 1528856363056 SlowOperations[]
13-06-2018 12:19:23 1528856363056 HazelcastInstance[
                          thisAddress=[10.1.120.104]:5702
                          isRunning=true
                          isLite=false
                          joined=true
                          nodeState=ACTIVE
                          clusterId=70615f82-7e60-48e1-8d71-121fc5a50ace
                          clusterSize=1
                          isMaster=true
                          masterAddress=[10.1.120.104]:5702
                          Members[
                                  [10.1.120.104]:5702]]
13-06-2018 12:19:24 1528856364055 ConnectionAdded[
                          Connection[id=5, /10.1.120.104:56221->/10.1.120.40:5702, endpoint=[10.1.120.40]:5702, alive=true, type=MEMBER]
                          type=MEMBER
                          isAlive=true]
