#
# A fatal error has been detected by the Java Runtime Environment:
#
#  SIGBUS (0xa) at pc=0x000000011d89ffd6, pid=35301, tid=0x000000000000e203
#
# JRE version: Java(TM) SE Runtime Environment (8.0_152-b16) (build 1.8.0_152-b16)
# Java VM: Java HotSpot(TM) 64-Bit Server VM (25.152-b16 mixed mode bsd-amd64 compressed oops)
# Problematic frame:
# 
[error occurred during error reporting (printing problematic frame), id 0xa]

# Failed to write core dump. Core dumps have been disabled. To enable core dumping, try "ulimit -c unlimited" before starting Java again
#
# If you would like to submit a bug report, please visit:
#   http://bugreport.java.com/bugreport/crash.jsp
#

---------------  T H R E A D  ---------------

Current thread (0x00007faab03a5800):  JavaThread "hz._hzInstance_2_acrow.IO.thread-in-1" [_thread_in_Java, id=57859, stack(0x0000700007835000,0x0000700007935000)]

siginfo: si_signo: 10 (SIGBUS), si_code: 2 (BUS_ADRERR), si_addr: 0x000000013167df04

Registers:
RAX=0x000000013167de28, RBX=0x0000000000001359, RCX=0x0000000000000031, RDX=0x000000076f136a10
RSP=0x0000700007934470, RBP=0x0000700007934670, RSI=0x000000076f136a70, RDI=0x000000013825d760
R8 =0x000000076f1369a0, R9 =0x00000000ede26d3b, R10=0x00000007c086a8a0, R11=0x0000000000000001
R12=0x0000000000000000, R13=0x0000700007934628, R14=0x0000000000000000, R15=0x00007faab03a5800
RIP=0x000000011d89ffd6, EFLAGS=0x0000000000010206, ERR=0x0000000000000004
  TRAPNO=0x000000000000000e

Top of Stack: (sp=0x0000700007934470)
0x0000700007934470:   00007faab03a5800 0000000000000000
0x0000700007934480:   0000000000000000 0000000000000000
0x0000700007934490:   0000000000000031 0000000000000000
0x00007000079344a0:   0000700007934670 000000011d897c34
0x00007000079344b0:   0000000100000000 00007faaab7c8dd0
0x00007000079344c0:   000000012d3057a4 00007faaac5e2540
0x00007000079344d0:   00007faab03a5800 00007faab03a5800
0x00007000079344e0:   0000000000000031 000000076f1369a0
0x00007000079344f0:   000000076f136a70 0000000000000035
0x0000700007934500:   0000700007934670 000000011d8a1a24
0x0000700007934510:   0000000131db1c20 00007faab712dff0
0x0000700007934520:   0000700007934540 000000010f056394
0x0000700007934530:   0000700007934550 000000010f070886
0x0000700007934540:   0000700007934590 000000076f136918
0x0000700007934550:   0000000000000000 0000700007934770
0x0000700007934560:   00007faaede26d34 000000076f1365b8
0x0000700007934570:   00000006c3390ac8 000000011db25818
0x0000700007934580:   000000076f136a70 000000076afd7600
0x0000700007934590:   d8109f6cede26d36 00000006c26f5a78
0x00007000079345a0:   0000001cd866ede0 000000076f1369b0
0x00007000079345b0:   00000006c084fb60 00000006c3376f00
0x00007000079345c0:   000000012c2db280 000000011b5e50c0
0x00007000079345d0:   000000076f136a70 000000076f136a70
0x00007000079345e0:   000000076afd7628 0000700007934628
0x00007000079345f0:   000000012fd90b50 0000000000000000
0x0000700007934600:   0000000000000031 0000000000000000
0x0000700007934610:   0000700007934670 000000011b5e50c0
0x0000700007934620:   000000011b5e50c0 000000076f136a70
0x0000700007934630:   0000700007934630 000000012d3202dc
0x0000700007934640:   0000700007934698 000000012fd90fc0
0x0000700007934650:   0000000000000000 000000012d320378
0x0000700007934660:   0000700007934628 0000700007934698 

Instructions: (pc=0x000000011d89ffd6)
0x000000011d89ffb6:   87 c8 01 00 00 01 00 00 00 e9 08 00 00 00 48 83
0x000000011d89ffc6:   87 a8 01 00 00 01 48 b8 28 de 67 31 01 00 00 00
0x000000011d89ffd6:   8b b8 dc 00 00 00 83 c7 08 89 b8 dc 00 00 00 48
0x000000011d89ffe6:   b8 58 7a d2 2c 01 00 00 00 81 e7 f8 ff 7f 00 83 

Register to memory mapping:

RAX=
[error occurred during error reporting (printing register info), id 0xa]

Stack: [0x0000700007835000,0x0000700007935000],  sp=0x0000700007934470,  free space=1021k
Native frames: (J=compiled Java code, j=interpreted, Vv=VM code, C=native code)

[error occurred during error reporting (printing native stack), id 0xa]


---------------  P R O C E S S  ---------------

Java Threads: ( => current thread )
  0x00007faab4e88800 JavaThread "hz._hzInstance_1_dev.cached.thread-10" [_thread_blocked, id=166151, stack(0x0000700003775000,0x0000700003875000)]
  0x00007faab211f800 JavaThread "hz._hzInstance_2_acrow.cached.thread-7" [_thread_blocked, id=5399, stack(0x000070000f8b2000,0x000070000f9b2000)]
  0x00007faab20ec000 JavaThread "hz._hzInstance_1_dev.cached.thread-9" [_thread_blocked, id=98847, stack(0x000070000f7af000,0x000070000f8af000)]
  0x00007faaad100800 JavaThread "hz._hzInstance_2_acrow.cached.thread-3" [_thread_blocked, id=104983, stack(0x000070000f3a3000,0x000070000f4a3000)]
  0x00007faab077d800 JavaThread "hz._hzInstance_1_dev.cached.thread-5" [_thread_blocked, id=112919, stack(0x000070000762f000,0x000070000772f000)]
  0x00007faab0fee000 
[error occurred during error reporting (printing all threads), id 0xa]

VM state:not at safepoint (normal execution)

VM Mutex/Monitor currently owned by a thread: None

Heap:
 PSYoungGen      total 50688K, used 6101K [0x000000076ab00000, 0x000000076f180000, 0x00000007c0000000)
  eden space 50176K, 11% used [0x000000076ab00000,0x000000076b077b68,0x000000076dc00000)
  from space 512K, 98% used [0x000000076f100000,0x000000076f17db78,0x000000076f180000)
  to   space 1024K, 0% used [0x000000076ef80000,0x000000076ef80000,0x000000076f080000)
 ParOldGen       total 231936K, used 70091K [0x00000006c0000000, 0x00000006ce280000, 0x000000076ab00000)
  object space 231936K, 30% used [0x00000006c0000000,0x00000006c4472c70,0x00000006ce280000)
 Metaspace       used 77733K, capacity 80258K, committed 80408K, reserved 1120256K
  class space    used 9194K, capacity 9761K, committed 9776K, reserved 1048576K

Card table byte_map: [0x000000010ffac000,0x00000001107ad000] byte_map_base: 0x000000010c9ac000

Marking Bits: (ParMarkBitMap*) 0x000000010f4f66c0
 Begin Bits: [0x0000000110d03000, 0x0000000114d03000)
 End Bits:   [0x0000000114d03000, 0x0000000118d03000)

Polling page: 0x000000010da9c000

CodeCache: size=245760Kb used=37734Kb max_used=38280Kb free=208025Kb
 bounds [0x000000011b5dd000, 0x000000011db8d000, 0x000000012a5dd000]
 total_blobs=13357 nmethods=12762 adapters=513
 compilation: enabled

Compilation events (10 events):
Event: 6275.269 Thread 0x00007faaabc6f800 16283       3       io.vertx.core.impl.VertxImpl$InternalTimerHandler::cancel (58 bytes)
Event: 6275.272 Thread 0x00007faaabc6f800 nmethod 16283 0x000000011d083290 code [0x000000011d083460, 0x000000011d083bd8]
Event: 6301.021 Thread 0x00007faaaca53800 16284       4       java.util.Collections$UnmodifiableMap::<init> (28 bytes)
Event: 6301.029 Thread 0x00007faaaca53800 nmethod 16284 0x000000011cbe97d0 code [0x000000011cbe9920, 0x000000011cbe99b8]
Event: 6304.313 Thread 0x00007faaabc6f800 16285   !   3       io.vertx.spi.cluster.hazelcast.impl.ChoosableSet::choose (85 bytes)
Event: 6304.335 Thread 0x00007faaabc6f800 nmethod 16285 0x000000011c8a0810 code [0x000000011c8a0a00, 0x000000011c8a1408]
Event: 6304.335 Thread 0x00007faaabc6f800 16288       3       com.fasterxml.jackson.core.util.BufferRecycler::releaseByteBuffer (12 bytes)
Event: 6304.360 Thread 0x00007faaabc6f800 nmethod 16288 0x000000011cee4050 code [0x000000011cee41c0, 0x000000011cee44d0]
Event: 6304.360 Thread 0x00007faaabc6f800 16286       3       io.vertx.spi.cluster.hazelcast.impl.ChoosableSet::_jr$ip$iter (6 bytes)
Event: 6304.361 Thread 0x00007faaabc6f800 nmethod 16286 0x000000011ce5f310 code [0x000000011ce5f460, 0x000000011ce5f5b0]

GC Heap History (10 events):
Event: 6199.716 GC heap before
{Heap before GC invocations=601 (full 3):
 PSYoungGen      total 50688K, used 50656K [0x000000076ab00000, 0x000000076f200000, 0x00000007c0000000)
  eden space 50176K, 100% used [0x000000076ab00000,0x000000076dc00000,0x000000076dc00000)
  from space 512K, 93% used [0x000000076f100000,0x000000076f178060,0x000000076f180000)
  to   space 512K, 0% used [0x000000076f180000,0x000000076f180000,0x000000076f200000)
 ParOldGen       total 231936K, used 69681K [0x00000006c0000000, 0x00000006ce280000, 0x000000076ab00000)
  object space 231936K, 30% used [0x00000006c0000000,0x00000006c440c6b0,0x00000006ce280000)
 Metaspace       used 77684K, capacity 80194K, committed 80408K, reserved 1120256K
  class space    used 9192K, capacity 9761K, committed 9776K, reserved 1048576K
Event: 6199.811 GC heap after
Heap after GC invocations=601 (full 3):
 PSYoungGen      total 50688K, used 480K [0x000000076ab00000, 0x000000076f200000, 0x00000007c0000000)
  eden space 50176K, 0% used [0x000000076ab00000,0x000000076ab00000,0x000000076dc00000)
  from space 512K, 93% used [0x000000076f180000,0x000000076f1f8040,0x000000076f200000)
  to   space 1024K, 0% used [0x000000076f000000,0x000000076f000000,0x000000076f100000)
 ParOldGen       total 231936K, used 70003K [0x00000006c0000000, 0x00000006ce280000, 0x000000076ab00000)
  object space 231936K, 30% used [0x00000006c0000000,0x00000006c445cf20,0x00000006ce280000)
 Metaspace       used 77684K, capacity 80194K, committed 80408K, reserved 1120256K
  class space    used 9192K, capacity 9761K, committed 9776K, reserved 1048576K
}
Event: 6213.616 GC heap before
{Heap before GC invocations=602 (full 3):
 PSYoungGen      total 50688K, used 50656K [0x000000076ab00000, 0x000000076f200000, 0x00000007c0000000)
  eden space 50176K, 100% used [0x000000076ab00000,0x000000076dc00000,0x000000076dc00000)
  from space 512K, 93% used [0x000000076f180000,0x000000076f1f8040,0x000000076f200000)
  to   space 1024K, 0% used [0x000000076f000000,0x000000076f000000,0x000000076f100000)
 ParOldGen       total 231936K, used 70003K [0x00000006c0000000, 0x00000006ce280000, 0x000000076ab00000)
  object space 231936K, 30% used [0x00000006c0000000,0x00000006c445cf20,0x00000006ce280000)
 Metaspace       used 77713K, capacity 80258K, committed 80408K, reserved 1120256K
  class space    used 9194K, capacity 9761K, committed 9776K, reserved 1048576K
Event: 6213.655 GC heap after
Heap after GC invocations=602 (full 3):
 PSYoungGen      total 51200K, used 608K [0x000000076ab00000, 0x000000076f200000, 0x00000007c0000000)
  eden space 50176K, 0% used [0x000000076ab00000,0x000000076ab00000,0x000000076dc00000)
  from space 1024K, 59% used [0x000000076f000000,0x000000076f098040,0x000000076f100000)
  to   space 1024K, 0% used [0x000000076f100000,0x000000076f100000,0x000000076f200000)
 ParOldGen       total 231936K, used 70011K [0x00000006c0000000, 0x00000006ce280000, 0x000000076ab00000)
  object space 231936K, 30% used [0x00000006c0000000,0x00000006c445ef20,0x00000006ce280000)
 Metaspace       used 77713K, capacity 80258K, committed 80408K, reserved 1120256K
  class space    used 9194K, capacity 9761K, committed 9776K, reserved 1048576K
}
Event: 6227.108 GC heap before
{Heap before GC invocations=603 (full 3):
 PSYoungGen      total 51200K, used 50784K [0x000000076ab00000, 0x000000076f200000, 0x00000007c0000000)
  eden space 50176K, 100% used [0x000000076ab00000,0x000000076dc00000,0x000000076dc00000)
  from space 1024K, 59% used [0x000000076f000000,0x000000076f098040,0x000000076f100000)
  to   space 1024K, 0% used [0x000000076f100000,0x000000076f100000,0x000000076f200000)
 ParOldGen       total 231936K, used 70011K [0x00000006c0000000, 0x00000006ce280000, 0x000000076ab00000)
  object space 231936K, 30% used [0x00000006c0000000,0x00000006c445ef20,0x00000006ce280000)
 Metaspace       used 77717K, capacity 80258K, committed 80408K, reserved 1120256K
  class space    used 9194K, capacity 9761K, committed 9776K, reserved 1048576K
Event: 6227.148 GC heap after
Heap after GC invocations=603 (full 3):
 PSYoungGen      total 51200K, used 630K [0x000000076ab00000, 0x000000076f200000, 0x00000007c0000000)
  eden space 50176K, 0% used [0x000000076ab00000,0x000000076ab00000,0x000000076dc00000)
  from space 1024K, 61% used [0x000000076f100000,0x000000076f19db78,0x000000076f200000)
  to   space 1024K, 0% used [0x000000076f000000,0x000000076f000000,0x000000076f100000)
 ParOldGen       total 231936K, used 70011K [0x00000006c0000000, 0x00000006ce280000, 0x000000076ab00000)
  object space 231936K, 30% used [0x00000006c0000000,0x00000006c445ef20,0x00000006ce280000)
 Metaspace       used 77717K, capacity 80258K, committed 80408K, reserved 1120256K
  class space    used 9194K, capacity 9761K, committed 9776K, reserved 1048576K
}
Event: 6236.193 GC heap before
{Heap before GC invocations=604 (full 3):
 PSYoungGen      total 51200K, used 50806K [0x000000076ab00000, 0x000000076f200000, 0x00000007c0000000)
  eden space 50176K, 100% used [0x000000076ab00000,0x000000076dc00000,0x000000076dc00000)
  from space 1024K, 61% used [0x000000076f100000,0x000000076f19db78,0x000000076f200000)
  to   space 1024K, 0% used [0x000000076f000000,0x000000076f000000,0x000000076f100000)
 ParOldGen       total 231936K, used 70011K [0x00000006c0000000, 0x00000006ce280000, 0x000000076ab00000)
  object space 231936K, 30% used [0x00000006c0000000,0x00000006c445ef20,0x00000006ce280000)
 Metaspace       used 77717K, capacity 80258K, committed 80408K, reserved 1120256K
  class space    used 9194K, capacity 9761K, committed 9776K, reserved 1048576K
Event: 6236.239 GC heap after
Heap after GC invocations=604 (full 3):
 PSYoungGen      total 51200K, used 598K [0x000000076ab00000, 0x000000076f180000, 0x00000007c0000000)
  eden space 50176K, 0% used [0x000000076ab00000,0x000000076ab00000,0x000000076dc00000)
  from space 1024K, 58% used [0x000000076f000000,0x000000076f095b78,0x000000076f100000)
  to   space 512K, 0% used [0x000000076f100000,0x000000076f100000,0x000000076f180000)
 ParOldGen       total 231936K, used 70011K [0x00000006c0000000, 0x00000006ce280000, 0x000000076ab00000)
  object space 231936K, 30% used [0x00000006c0000000,0x00000006c445ef20,0x00000006ce280000)
 Metaspace       used 77717K, capacity 80258K, committed 80408K, reserved 1120256K
  class space    used 9194K, capacity 9761K, committed 9776K, reserved 1048576K
}
Event: 6265.283 GC heap before
{Heap before GC invocations=605 (full 3):
 PSYoungGen      total 51200K, used 50774K [0x000000076ab00000, 0x000000076f180000, 0x00000007c0000000)
  eden space 50176K, 100% used [0x000000076ab00000,0x000000076dc00000,0x000000076dc00000)
  from space 1024K, 58% used [0x000000076f000000,0x000000076f095b78,0x000000076f100000)
  to   space 512K, 0% used [0x000000076f100000,0x000000076f100000,0x000000076f180000)
 ParOldGen       total 231936K, used 70011K [0x00000006c0000000, 0x00000006ce280000, 0x000000076ab00000)
  object space 231936K, 30% used [0x00000006c0000000,0x00000006c445ef20,0x00000006ce280000)
 Metaspace       used 77731K, capacity 80258K, committed 80408K, reserved 1120256K
  class space    used 9194K, capacity 9761K, committed 9776K, reserved 1048576K
Event: 6265.329 GC heap after
Heap after GC invocations=605 (full 3):
 PSYoungGen      total 50688K, used 502K [0x000000076ab00000, 0x000000076f180000, 0x00000007c0000000)
  eden space 50176K, 0% used [0x000000076ab00000,0x000000076ab00000,0x000000076dc00000)
  from space 512K, 98% used [0x000000076f100000,0x000000076f17db78,0x000000076f180000)
  to   space 1024K, 0% used [0x000000076ef80000,0x000000076ef80000,0x000000076f080000)
 ParOldGen       total 231936K, used 70091K [0x00000006c0000000, 0x00000006ce280000, 0x000000076ab00000)
  object space 231936K, 30% used [0x00000006c0000000,0x00000006c4472c70,0x00000006ce280000)
 Metaspace       used 77731K, capacity 80258K, committed 80408K, reserved 1120256K
  class space    used 9194K, capacity 9761K, committed 9776K, reserved 1048576K
}

Deoptimization events (10 events):
Event: 6202.735 Thread 0x00007faaacb3e800 Uncommon trap: reason=speculate_class_check action=maybe_recompile pc=0x000000011da52c18 method=io.netty.channel.AbstractChannelHandlerContext.invokeChannelUnregistered()V @ 8
Event: 6217.159 Thread 0x00007faaacb3e800 Uncommon trap: reason=unstable_if action=reinterpret pc=0x000000011beed440 method=io.netty.util.internal.shaded.org.jctools.queues.BaseMpscLinkedArrayQueue.poll()Ljava/lang/Object; @ 47
Event: 6221.698 Thread 0x00007faaacb3e800 Uncommon trap: reason=speculate_class_check action=maybe_recompile pc=0x000000011db435b4 method=io.netty.channel.AbstractChannelHandlerContext.invokeClose(Lio/netty/channel/ChannelPromise;)V @ 8
Event: 6221.712 Thread 0x00007faaacb3e800 Uncommon trap: reason=speculate_class_check action=maybe_recompile pc=0x000000011db435b4 method=io.netty.channel.AbstractChannelHandlerContext.invokeClose(Lio/netty/channel/ChannelPromise;)V @ 8
Event: 6250.396 Thread 0x00007faaacb3e800 Uncommon trap: reason=unstable_if action=reinterpret pc=0x000000011db291e4 method=io.netty.util.concurrent.DefaultPromise.cancel(Z)Z @ 15
Event: 6254.878 Thread 0x00007faaacb3e800 Uncommon trap: reason=unstable_if action=reinterpret pc=0x000000011db20940 method=io.netty.util.concurrent.DefaultPromise.cancel(Z)Z @ 15
Event: 6302.931 Thread 0x00007faaacb3e800 Uncommon trap: reason=unstable_if action=reinterpret pc=0x000000011db196c0 method=io.netty.util.concurrent.DefaultPromise.cancel(Z)Z @ 15
Event: 6306.037 Thread 0x00007faaaf9b6000 Uncommon trap: reason=unstable_if action=reinterpret pc=0x000000011d9cd0f0 method=io.netty.util.concurrent.DefaultPromise.cancel(Z)Z @ 15
Event: 6306.081 Thread 0x00007faab03a5800 Uncommon trap: reason=unhandled action=none pc=0x000000011d3f8d98 method=com.hazelcast.internal.networking.nonblocking.NonBlockingSocketReader.handle()V @ 82
Event: 6306.081 Thread 0x00007faaadd2b800 Uncommon trap: reason=unhandled action=none pc=0x000000011d3f8d98 method=com.hazelcast.internal.networking.nonblocking.NonBlockingSocketReader.handle()V @ 82

Classes redefined (7 events):
Event: 1.129 Thread 0x00007faaae014000 redefined class name=com.zeroturnaround.jrebelbase.facade.ap, count=1
Event: 1.134 Thread 0x00007faaae014000 redefined class name=com.zeroturnaround.jrebelbase.facade.al, count=1
Event: 1.144 Thread 0x00007faaae014000 redefined class name=com.zeroturnaround.jrebelbase.facade.a, count=1
Event: 1.151 Thread 0x00007faaae014000 redefined class name=com.zeroturnaround.jrebelbase.i, count=1
Event: 1.159 Thread 0x00007faaae014000 redefined class name=com.zeroturnaround.jrebelbase.facade.g, count=1
Event: 1.163 Thread 0x00007faaae014000 redefined class name=com.zeroturnaround.jrebelbase.facade.f, count=1
Event: 1.169 Thread 0x00007faaae014000 redefined class name=com.zeroturnaround.jrebelbase.facade.h, count=1

Internal exceptions (10 events):
Event: 6299.739 Thread 0x00007faab63fd800 Exception <a 'java/net/SocketTimeoutException': Receive timed out> (0x000000076ae87bc0) thrown at [/Users/java_re/workspace/8-2-build-macosx-x86_64/jdk8u152/9742/hotspot/src/share/vm/prims/jni.cpp, line 735]
Event: 6299.771 Thread 0x00007faaaf5e4000 Exception <a 'java/net/SocketTimeoutException': Receive timed out> (0x000000076ae8a488) thrown at [/Users/java_re/workspace/8-2-build-macosx-x86_64/jdk8u152/9742/hotspot/src/share/vm/prims/jni.cpp, line 735]
Event: 6300.744 Thread 0x00007faab63fd800 Exception <a 'java/net/SocketTimeoutException': Receive timed out> (0x000000076ae87e20) thrown at [/Users/java_re/workspace/8-2-build-macosx-x86_64/jdk8u152/9742/hotspot/src/share/vm/prims/jni.cpp, line 735]
Event: 6300.775 Thread 0x00007faaaf5e4000 Exception <a 'java/net/SocketTimeoutException': Receive timed out> (0x000000076ae8a6e8) thrown at [/Users/java_re/workspace/8-2-build-macosx-x86_64/jdk8u152/9742/hotspot/src/share/vm/prims/jni.cpp, line 735]
Event: 6302.691 Thread 0x00007faaaf5e4000 Exception <a 'java/net/SocketTimeoutException': Receive timed out> (0x000000076ae8b050) thrown at [/Users/java_re/workspace/8-2-build-macosx-x86_64/jdk8u152/9742/hotspot/src/share/vm/prims/jni.cpp, line 735]
Event: 6302.691 Thread 0x00007faab63fd800 Exception <a 'java/net/SocketTimeoutException': Receive timed out> (0x000000076ae88770) thrown at [/Users/java_re/workspace/8-2-build-macosx-x86_64/jdk8u152/9742/hotspot/src/share/vm/prims/jni.cpp, line 735]
Event: 6303.696 Thread 0x00007faaaf5e4000 Exception <a 'java/net/SocketTimeoutException': Receive timed out> (0x000000076ae8b2b0) thrown at [/Users/java_re/workspace/8-2-build-macosx-x86_64/jdk8u152/9742/hotspot/src/share/vm/prims/jni.cpp, line 735]
Event: 6303.696 Thread 0x00007faab63fd800 Exception <a 'java/net/SocketTimeoutException': Receive timed out> (0x000000076ae889d0) thrown at [/Users/java_re/workspace/8-2-build-macosx-x86_64/jdk8u152/9742/hotspot/src/share/vm/prims/jni.cpp, line 735]
Event: 6304.699 Thread 0x00007faaaf5e4000 Exception <a 'java/net/SocketTimeoutException': Receive timed out> (0x000000076ae8b510) thrown at [/Users/java_re/workspace/8-2-build-macosx-x86_64/jdk8u152/9742/hotspot/src/share/vm/prims/jni.cpp, line 735]
Event: 6304.699 Thread 0x00007faab63fd800 Exception <a 'java/net/SocketTimeoutException': Receive timed out> (0x000000076ae88c30) thrown at [/Users/java_re/workspace/8-2-build-macosx-x86_64/jdk8u152/9742/hotspot/src/share/vm/prims/jni.cpp, line 735]

Events (10 events):
Event: 6304.700 Thread 0x00007faab63fd800 DEOPT UNPACKING pc=0x000000011b624633 sp=0x0000700008049578 mode 1
Event: 6306.027 Thread 0x00007faaaf9b6000 Uncommon trap: trap_request=0xffffff65 fr.pc=0x000000011d9cd0f0
Event: 6306.038 Thread 0x00007faaaf9b6000 DEOPT PACKING pc=0x000000011d9cd0f0 sp=0x000070000cc2a4a0
Event: 6306.078 Thread 0x00007faaaf9b6000 DEOPT UNPACKING pc=0x000000011b5e2229 sp=0x000070000cc2a350 mode 2
Event: 6306.079 Thread 0x00007faaadd2b800 Uncommon trap: trap_request=0xffffffa7 fr.pc=0x000000011d3f8d98
Event: 6306.081 Thread 0x00007faab03a5800 Uncommon trap: trap_request=0xffffffa7 fr.pc=0x000000011d3f8d98
Event: 6306.081 Thread 0x00007faab03a5800 DEOPT PACKING pc=0x000000011d3f8d98 sp=0x0000700007934830
Event: 6306.081 Thread 0x00007faaadd2b800 DEOPT PACKING pc=0x000000011d3f8d98 sp=0x0000700004db3830
Event: 6306.086 Thread 0x00007faab03a5800 DEOPT UNPACKING pc=0x000000011b5e2229 sp=0x0000700007934760 mode 2
Event: 6306.086 Thread 0x00007faaadd2b800 DEOPT UNPACKING pc=0x000000011b5e2229 sp=0x0000700004db3760 mode 2


Dynamic libraries:
0x0000000001946000 	/System/Library/Frameworks/Cocoa.framework/Versions/A/Cocoa
0x0000000001946000 	/System/Library/Frameworks/Security.framework/Versions/A/Security
0x0000000001946000 	/System/Library/Frameworks/ApplicationServices.framework/Versions/A/ApplicationServices
0x0000000001946000 	/usr/lib/libz.1.dylib
0x0000000001946000 	/usr/lib/libSystem.B.dylib
0x0000000001946000 	/usr/lib/libobjc.A.dylib
0x0000000001946000 	/System/Library/Frameworks/CoreFoundation.framework/Versions/A/CoreFoundation
0x0000000001946000 	/System/Library/Frameworks/Foundation.framework/Versions/C/Foundation
0x0000000001946000 	/System/Library/Frameworks/AppKit.framework/Versions/C/AppKit
0x0000000001946000 	/System/Library/Frameworks/CoreData.framework/Versions/A/CoreData
0x0000000001946000 	/System/Library/PrivateFrameworks/RemoteViewServices.framework/Versions/A/RemoteViewServices
0x0000000001946000 	/System/Library/PrivateFrameworks/UIFoundation.framework/Versions/A/UIFoundation
0x0000000001946000 	/System/Library/PrivateFrameworks/XCTTargetBootstrap.framework/Versions/A/XCTTargetBootstrap
0x0000000001946000 	/System/Library/PrivateFrameworks/IconServices.framework/Versions/A/IconServices
0x0000000001946000 	/System/Library/Frameworks/Metal.framework/Versions/A/Metal
0x0000000001946000 	/System/Library/PrivateFrameworks/DesktopServicesPriv.framework/Versions/A/DesktopServicesPriv
0x0000000001946000 	/usr/lib/libenergytrace.dylib
0x0000000001946000 	/System/Library/PrivateFrameworks/SkyLight.framework/Versions/A/SkyLight
0x0000000001946000 	/System/Library/Frameworks/CoreGraphics.framework/Versions/A/CoreGraphics
0x0000000001946000 	/System/Library/Frameworks/Accelerate.framework/Versions/A/Accelerate
0x0000000001946000 	/System/Library/Frameworks/IOSurface.framework/Versions/A/IOSurface
0x0000000001946000 	/System/Library/PrivateFrameworks/DFRFoundation.framework/Versions/A/DFRFoundation
0x0000000001946000 	/System/Library/Frameworks/AudioToolbox.framework/Versions/A/AudioToolbox
0x0000000001946000 	/System/Library/Frameworks/AudioUnit.framework/Versions/A/AudioUnit
0x0000000001946000 	/System/Library/PrivateFrameworks/DataDetectorsCore.framework/Versions/A/DataDetectorsCore
0x0000000001946000 	/System/Library/Frameworks/Carbon.framework/Versions/A/Frameworks/HIToolbox.framework/Versions/A/HIToolbox
0x0000000001946000 	/usr/lib/libicucore.A.dylib
0x0000000001946000 	/System/Library/Frameworks/QuartzCore.framework/Versions/A/QuartzCore
0x0000000001946000 	/System/Library/Frameworks/Carbon.framework/Versions/A/Frameworks/SpeechRecognition.framework/Versions/A/SpeechRecognition
0x0000000001946000 	/usr/lib/libauto.dylib
0x0000000001946000 	/usr/lib/libxml2.2.dylib
0x0000000001946000 	/System/Library/PrivateFrameworks/CoreUI.framework/Versions/A/CoreUI
0x0000000001946000 	/System/Library/Frameworks/CoreAudio.framework/Versions/A/CoreAudio
0x0000000001946000 	/System/Library/Frameworks/DiskArbitration.framework/Versions/A/DiskArbitration
0x0000000001946000 	/usr/lib/liblangid.dylib
0x0000000001946000 	/System/Library/PrivateFrameworks/MultitouchSupport.framework/Versions/A/MultitouchSupport
0x0000000001946000 	/System/Library/Frameworks/IOKit.framework/Versions/A/IOKit
0x0000000001946000 	/usr/lib/libDiagnosticMessagesClient.dylib
0x0000000001946000 	/System/Library/Frameworks/CoreServices.framework/Versions/A/CoreServices
0x0000000001946000 	/System/Library/PrivateFrameworks/PerformanceAnalysis.framework/Versions/A/PerformanceAnalysis
0x0000000001946000 	/System/Library/Frameworks/OpenGL.framework/Versions/A/OpenGL
0x0000000001946000 	/System/Library/Frameworks/ColorSync.framework/Versions/A/ColorSync
0x0000000001946000 	/System/Library/Frameworks/CoreImage.framework/Versions/A/CoreImage
0x0000000001946000 	/System/Library/Frameworks/CoreText.framework/Versions/A/CoreText
0x0000000001946000 	/System/Library/Frameworks/ImageIO.framework/Versions/A/ImageIO
0x0000000001946000 	/System/Library/PrivateFrameworks/Backup.framework/Versions/A/Backup
0x0000000001946000 	/usr/lib/libarchive.2.dylib
0x0000000001946000 	/System/Library/Frameworks/CFNetwork.framework/Versions/A/CFNetwork
0x0000000001946000 	/System/Library/Frameworks/SystemConfiguration.framework/Versions/A/SystemConfiguration
0x0000000001946000 	/usr/lib/libCRFSuite.dylib
0x0000000001946000 	/usr/lib/libc++.1.dylib
0x0000000001946000 	/usr/lib/libc++abi.dylib
0x0000000001946000 	/usr/lib/system/libcache.dylib
0x0000000001946000 	/usr/lib/system/libcommonCrypto.dylib
0x0000000001946000 	/usr/lib/system/libcompiler_rt.dylib
0x0000000001946000 	/usr/lib/system/libcopyfile.dylib
0x0000000001946000 	/usr/lib/system/libcorecrypto.dylib
0x0000000001946000 	/usr/lib/system/libdispatch.dylib
0x0000000001946000 	/usr/lib/system/libdyld.dylib
0x0000000001946000 	/usr/lib/system/libkeymgr.dylib
0x0000000001946000 	/usr/lib/system/liblaunch.dylib
0x0000000001946000 	/usr/lib/system/libmacho.dylib
0x0000000001946000 	/usr/lib/system/libquarantine.dylib
0x0000000001946000 	/usr/lib/system/libremovefile.dylib
0x0000000001946000 	/usr/lib/system/libsystem_asl.dylib
0x0000000001946000 	/usr/lib/system/libsystem_blocks.dylib
0x0000000001946000 	/usr/lib/system/libsystem_c.dylib
0x0000000001946000 	/usr/lib/system/libsystem_configuration.dylib
0x0000000001946000 	/usr/lib/system/libsystem_coreservices.dylib
0x0000000001946000 	/usr/lib/system/libsystem_darwin.dylib
0x0000000001946000 	/usr/lib/system/libsystem_dnssd.dylib
0x0000000001946000 	/usr/lib/system/libsystem_info.dylib
0x0000000001946000 	/usr/lib/system/libsystem_m.dylib
0x0000000001946000 	/usr/lib/system/libsystem_malloc.dylib
0x0000000001946000 	/usr/lib/system/libsystem_networkextension.dylib
0x0000000001946000 	/usr/lib/system/libsystem_notify.dylib
0x0000000001946000 	/usr/lib/system/libsystem_sandbox.dylib
0x0000000001946000 	/usr/lib/system/libsystem_secinit.dylib
0x0000000001946000 	/usr/lib/system/libsystem_kernel.dylib
0x0000000001946000 	/usr/lib/system/libsystem_platform.dylib
0x0000000001946000 	/usr/lib/system/libsystem_pthread.dylib
0x0000000001946000 	/usr/lib/system/libsystem_symptoms.dylib
0x0000000001946000 	/usr/lib/system/libsystem_trace.dylib
0x0000000001946000 	/usr/lib/system/libunwind.dylib
0x0000000001946000 	/usr/lib/system/libxpc.dylib
0x0000000001946000 	/usr/lib/libbsm.0.dylib
0x0000000001946000 	/usr/lib/system/libkxld.dylib
0x0000000001946000 	/System/Library/PrivateFrameworks/AppleFSCompression.framework/Versions/A/AppleFSCompression
0x0000000001946000 	/usr/lib/libOpenScriptingUtil.dylib
0x0000000001946000 	/usr/lib/libcoretls.dylib
0x0000000001946000 	/usr/lib/libcoretls_cfhelpers.dylib
0x0000000001946000 	/usr/lib/libpam.2.dylib
0x0000000001946000 	/usr/lib/libsqlite3.dylib
0x0000000001946000 	/usr/lib/libxar.1.dylib
0x0000000001946000 	/usr/lib/libbz2.1.0.dylib
0x0000000001946000 	/usr/lib/liblzma.5.dylib
0x0000000001946000 	/usr/lib/libnetwork.dylib
0x0000000001946000 	/usr/lib/libapple_nghttp2.dylib
0x0000000001946000 	/usr/lib/libpcap.A.dylib
0x0000000001946000 	/System/Library/Frameworks/CoreServices.framework/Versions/A/Frameworks/FSEvents.framework/Versions/A/FSEvents
0x0000000001946000 	/System/Library/Frameworks/CoreServices.framework/Versions/A/Frameworks/CarbonCore.framework/Versions/A/CarbonCore
0x0000000001946000 	/System/Library/Frameworks/CoreServices.framework/Versions/A/Frameworks/Metadata.framework/Versions/A/Metadata
0x0000000001946000 	/System/Library/Frameworks/CoreServices.framework/Versions/A/Frameworks/OSServices.framework/Versions/A/OSServices
0x0000000001946000 	/System/Library/Frameworks/CoreServices.framework/Versions/A/Frameworks/SearchKit.framework/Versions/A/SearchKit
0x0000000001946000 	/System/Library/Frameworks/CoreServices.framework/Versions/A/Frameworks/AE.framework/Versions/A/AE
0x0000000001946000 	/System/Library/Frameworks/CoreServices.framework/Versions/A/Frameworks/LaunchServices.framework/Versions/A/LaunchServices
0x0000000001946000 	/System/Library/Frameworks/CoreServices.framework/Versions/A/Frameworks/DictionaryServices.framework/Versions/A/DictionaryServices
0x0000000001946000 	/System/Library/Frameworks/CoreServices.framework/Versions/A/Frameworks/SharedFileList.framework/Versions/A/SharedFileList
0x0000000001946000 	/System/Library/Frameworks/NetFS.framework/Versions/A/NetFS
0x0000000001946000 	/System/Library/PrivateFrameworks/NetAuth.framework/Versions/A/NetAuth
0x0000000001946000 	/System/Library/PrivateFrameworks/login.framework/Versions/A/Frameworks/loginsupport.framework/Versions/A/loginsupport
0x0000000001946000 	/System/Library/PrivateFrameworks/TCC.framework/Versions/A/TCC
0x0000000001946000 	/System/Library/PrivateFrameworks/CoreNLP.framework/Versions/A/CoreNLP
0x0000000001946000 	/System/Library/PrivateFrameworks/MetadataUtilities.framework/Versions/A/MetadataUtilities
0x0000000001946000 	/usr/lib/libmecabra.dylib
0x0000000001946000 	/System/Library/Frameworks/ApplicationServices.framework/Versions/A/Frameworks/ATS.framework/Versions/A/ATS
0x0000000001946000 	/System/Library/Frameworks/ApplicationServices.framework/Versions/A/Frameworks/ColorSyncLegacy.framework/Versions/A/ColorSyncLegacy
0x0000000001946000 	/System/Library/Frameworks/ApplicationServices.framework/Versions/A/Frameworks/HIServices.framework/Versions/A/HIServices
0x0000000001946000 	/System/Library/Frameworks/ApplicationServices.framework/Versions/A/Frameworks/LangAnalysis.framework/Versions/A/LangAnalysis
0x0000000001946000 	/System/Library/Frameworks/ApplicationServices.framework/Versions/A/Frameworks/PrintCore.framework/Versions/A/PrintCore
0x0000000001946000 	/System/Library/Frameworks/ApplicationServices.framework/Versions/A/Frameworks/QD.framework/Versions/A/QD
0x0000000001946000 	/System/Library/Frameworks/ApplicationServices.framework/Versions/A/Frameworks/SpeechSynthesis.framework/Versions/A/SpeechSynthesis
0x0000000001946000 	/usr/lib/libcompression.dylib
0x0000000001946000 	/System/Library/Frameworks/CoreDisplay.framework/Versions/A/CoreDisplay
0x0000000001946000 	/System/Library/Frameworks/MetalPerformanceShaders.framework/Versions/A/MetalPerformanceShaders
0x0000000001946000 	/System/Library/Frameworks/Accelerate.framework/Versions/A/Frameworks/vImage.framework/Versions/A/vImage
0x0000000001946000 	/System/Library/Frameworks/Accelerate.framework/Versions/A/Frameworks/vecLib.framework/Versions/A/vecLib
0x0000000001946000 	/System/Library/Frameworks/Accelerate.framework/Versions/A/Frameworks/vecLib.framework/Versions/A/libvMisc.dylib
0x0000000001946000 	/System/Library/Frameworks/Accelerate.framework/Versions/A/Frameworks/vecLib.framework/Versions/A/libvDSP.dylib
0x0000000001946000 	/System/Library/Frameworks/Accelerate.framework/Versions/A/Frameworks/vecLib.framework/Versions/A/libBLAS.dylib
0x0000000001946000 	/System/Library/Frameworks/Accelerate.framework/Versions/A/Frameworks/vecLib.framework/Versions/A/libLAPACK.dylib
0x0000000001946000 	/System/Library/Frameworks/Accelerate.framework/Versions/A/Frameworks/vecLib.framework/Versions/A/libLinearAlgebra.dylib
0x0000000001946000 	/System/Library/Frameworks/Accelerate.framework/Versions/A/Frameworks/vecLib.framework/Versions/A/libSparseBLAS.dylib
0x0000000001946000 	/System/Library/Frameworks/Accelerate.framework/Versions/A/Frameworks/vecLib.framework/Versions/A/libQuadrature.dylib
0x0000000001946000 	/System/Library/Frameworks/Accelerate.framework/Versions/A/Frameworks/vecLib.framework/Versions/A/libBNNS.dylib
0x0000000001946000 	/System/Library/Frameworks/Accelerate.framework/Versions/A/Frameworks/vecLib.framework/Versions/A/libSparse.dylib
0x0000000001946000 	/System/Library/PrivateFrameworks/GPUWrangler.framework/Versions/A/GPUWrangler
0x0000000001946000 	/System/Library/PrivateFrameworks/IOAccelerator.framework/Versions/A/IOAccelerator
0x0000000001946000 	/System/Library/PrivateFrameworks/IOPresentment.framework/Versions/A/IOPresentment
0x0000000001946000 	/System/Library/PrivateFrameworks/DSExternalDisplay.framework/Versions/A/DSExternalDisplay
0x0000000001946000 	/System/Library/Frameworks/OpenGL.framework/Versions/A/Libraries/libCoreFSCache.dylib
0x0000000001946000 	/System/Library/Frameworks/MetalPerformanceShaders.framework/Frameworks/MPSCore.framework/Versions/A/MPSCore
0x0000000001946000 	/System/Library/Frameworks/MetalPerformanceShaders.framework/Frameworks/MPSImage.framework/Versions/A/MPSImage
0x0000000001946000 	/System/Library/Frameworks/MetalPerformanceShaders.framework/Frameworks/MPSNeuralNetwork.framework/Versions/A/MPSNeuralNetwork
0x0000000001946000 	/System/Library/Frameworks/MetalPerformanceShaders.framework/Frameworks/MPSMatrix.framework/Versions/A/MPSMatrix
0x0000000001946000 	/System/Library/Frameworks/MetalPerformanceShaders.framework/Frameworks/MPSRayIntersector.framework/Versions/A/MPSRayIntersector
0x0000000001946000 	/System/Library/PrivateFrameworks/MetalTools.framework/Versions/A/MetalTools
0x0000000001946000 	/System/Library/PrivateFrameworks/AggregateDictionary.framework/Versions/A/AggregateDictionary
0x0000000001946000 	/usr/lib/libMobileGestalt.dylib
0x0000000001946000 	/System/Library/Frameworks/CoreVideo.framework/Versions/A/CoreVideo
0x0000000001946000 	/System/Library/PrivateFrameworks/GraphVisualizer.framework/Versions/A/GraphVisualizer
0x0000000001946000 	/System/Library/PrivateFrameworks/FaceCore.framework/Versions/A/FaceCore
0x0000000001946000 	/System/Library/Frameworks/OpenCL.framework/Versions/A/OpenCL
0x0000000001946000 	/usr/lib/libFosl_dynamic.dylib
0x0000000001946000 	/System/Library/PrivateFrameworks/OTSVG.framework/Versions/A/OTSVG
0x0000000001946000 	/System/Library/Frameworks/ApplicationServices.framework/Versions/A/Frameworks/ATS.framework/Versions/A/Resources/libFontParser.dylib
0x0000000001946000 	/System/Library/Frameworks/ApplicationServices.framework/Versions/A/Frameworks/ATS.framework/Versions/A/Resources/libFontRegistry.dylib
0x0000000001946000 	/System/Library/Frameworks/ImageIO.framework/Versions/A/Resources/libJPEG.dylib
0x0000000001946000 	/System/Library/Frameworks/ImageIO.framework/Versions/A/Resources/libTIFF.dylib
0x0000000001946000 	/System/Library/Frameworks/ImageIO.framework/Versions/A/Resources/libPng.dylib
0x0000000001946000 	/System/Library/Frameworks/ImageIO.framework/Versions/A/Resources/libGIF.dylib
0x0000000001946000 	/System/Library/Frameworks/ImageIO.framework/Versions/A/Resources/libJP2.dylib
0x0000000001946000 	/System/Library/Frameworks/ImageIO.framework/Versions/A/Resources/libRadiance.dylib
0x0000000001946000 	/System/Library/PrivateFrameworks/AppleJPEG.framework/Versions/A/AppleJPEG
0x0000000001946000 	/System/Library/Frameworks/OpenGL.framework/Versions/A/Libraries/libGFXShared.dylib
0x0000000001946000 	/System/Library/Frameworks/OpenGL.framework/Versions/A/Libraries/libGLU.dylib
0x0000000001946000 	/System/Library/Frameworks/OpenGL.framework/Versions/A/Libraries/libGL.dylib
0x0000000001946000 	/System/Library/Frameworks/OpenGL.framework/Versions/A/Libraries/libGLImage.dylib
0x0000000001946000 	/System/Library/Frameworks/OpenGL.framework/Versions/A/Libraries/libCVMSPluginSupport.dylib
0x0000000001946000 	/System/Library/Frameworks/OpenGL.framework/Versions/A/Libraries/libCoreVMClient.dylib
0x0000000001946000 	/usr/lib/libcups.2.dylib
0x0000000001946000 	/System/Library/Frameworks/Kerberos.framework/Versions/A/Kerberos
0x0000000001946000 	/System/Library/Frameworks/GSS.framework/Versions/A/GSS
0x0000000001946000 	/usr/lib/libresolv.9.dylib
0x0000000001946000 	/usr/lib/libiconv.2.dylib
0x0000000001946000 	/System/Library/PrivateFrameworks/Heimdal.framework/Versions/A/Heimdal
0x0000000001946000 	/usr/lib/libheimdal-asn1.dylib
0x0000000001946000 	/System/Library/Frameworks/OpenDirectory.framework/Versions/A/OpenDirectory
0x0000000001946000 	/System/Library/PrivateFrameworks/CommonAuth.framework/Versions/A/CommonAuth
0x0000000001946000 	/System/Library/Frameworks/OpenDirectory.framework/Versions/A/Frameworks/CFOpenDirectory.framework/Versions/A/CFOpenDirectory
0x0000000001946000 	/System/Library/Frameworks/SecurityFoundation.framework/Versions/A/SecurityFoundation
0x0000000001946000 	/System/Library/PrivateFrameworks/APFS.framework/Versions/A/APFS
0x0000000001946000 	/usr/lib/libutil.dylib
0x0000000001946000 	/usr/lib/libcharset.1.dylib
0x0000000001946000 	/System/Library/PrivateFrameworks/AppleSauce.framework/Versions/A/AppleSauce
0x0000000001946000 	/System/Library/PrivateFrameworks/AssertionServices.framework/Versions/A/AssertionServices
0x0000000001946000 	/System/Library/PrivateFrameworks/BaseBoard.framework/Versions/A/BaseBoard
0x0000000001946000 	/usr/lib/libmecab.1.0.0.dylib
0x0000000001946000 	/usr/lib/libgermantok.dylib
0x0000000001946000 	/usr/lib/libThaiTokenizer.dylib
0x0000000001946000 	/usr/lib/libChineseTokenizer.dylib
0x0000000001946000 	/System/Library/PrivateFrameworks/LanguageModeling.framework/Versions/A/LanguageModeling
0x0000000001946000 	/System/Library/PrivateFrameworks/CoreEmoji.framework/Versions/A/CoreEmoji
0x0000000001946000 	/System/Library/PrivateFrameworks/Lexicon.framework/Versions/A/Lexicon
0x0000000001946000 	/System/Library/PrivateFrameworks/LinguisticData.framework/Versions/A/LinguisticData
0x0000000001946000 	/usr/lib/libcmph.dylib
0x0000000001946000 	/System/Library/Frameworks/ServiceManagement.framework/Versions/A/ServiceManagement
0x0000000001946000 	/System/Library/PrivateFrameworks/BackgroundTaskManagement.framework/Versions/A/BackgroundTaskManagement
0x0000000001946000 	/usr/lib/libxslt.1.dylib
0x0000000001946000 	/System/Library/Frameworks/Carbon.framework/Versions/A/Frameworks/Ink.framework/Versions/A/Ink
0x0000000001946000 	/System/Library/PrivateFrameworks/TextureIO.framework/Versions/A/TextureIO
0x0000000001946000 	/usr/lib/libate.dylib
0x0000000001946000 	/System/Library/PrivateFrameworks/CrashReporterSupport.framework/Versions/A/CrashReporterSupport
0x0000000001946000 	/System/Library/PrivateFrameworks/Sharing.framework/Versions/A/Sharing
0x0000000001946000 	/System/Library/PrivateFrameworks/AuthKit.framework/Versions/A/AuthKit
0x0000000001946000 	/System/Library/PrivateFrameworks/Apple80211.framework/Versions/A/Apple80211
0x0000000001946000 	/System/Library/PrivateFrameworks/CoreUtils.framework/Versions/A/CoreUtils
0x0000000001946000 	/System/Library/Frameworks/CoreWLAN.framework/Versions/A/CoreWLAN
0x0000000001946000 	/System/Library/Frameworks/IOBluetooth.framework/Versions/A/IOBluetooth
0x0000000001946000 	/System/Library/PrivateFrameworks/ProtocolBuffer.framework/Versions/A/ProtocolBuffer
0x0000000001946000 	/System/Library/PrivateFrameworks/MobileKeyBag.framework/Versions/A/MobileKeyBag
0x0000000001946000 	/System/Library/PrivateFrameworks/CorePhoneNumbers.framework/Versions/A/CorePhoneNumbers
0x0000000001946000 	/System/Library/PrivateFrameworks/AppleIDAuthSupport.framework/Versions/A/AppleIDAuthSupport
0x0000000001946000 	/System/Library/PrivateFrameworks/KeychainCircle.framework/Versions/A/KeychainCircle
0x0000000001946000 	/System/Library/PrivateFrameworks/ROCKit.framework/Versions/A/ROCKit
0x0000000001946000 	/System/Library/PrivateFrameworks/CoreWiFi.framework/Versions/A/CoreWiFi
0x0000000001946000 	/System/Library/Frameworks/CoreBluetooth.framework/Versions/A/CoreBluetooth
0x0000000001946000 	/System/Library/PrivateFrameworks/DebugSymbols.framework/Versions/A/DebugSymbols
0x0000000001946000 	/System/Library/PrivateFrameworks/CoreSymbolication.framework/Versions/A/CoreSymbolication
0x0000000001946000 	/System/Library/PrivateFrameworks/Symbolication.framework/Versions/A/Symbolication
0x0000000001946000 	/System/Library/PrivateFrameworks/SpeechRecognitionCore.framework/Versions/A/SpeechRecognitionCore
0x000000010ec00000 	/Library/Java/JavaVirtualMachines/jdk1.8.0_152.jdk/Contents/Home/jre/lib/server/libjvm.dylib
0x0000000001946000 	/usr/lib/libstdc++.6.dylib
0x000000010da58000 	/Library/Java/JavaVirtualMachines/jdk1.8.0_152.jdk/Contents/Home/jre/lib/libverify.dylib
0x000000010da66000 	/Library/Java/JavaVirtualMachines/jdk1.8.0_152.jdk/Contents/Home/jre/lib/libjava.dylib
0x000000010da9d000 	/Library/Java/JavaVirtualMachines/jdk1.8.0_152.jdk/Contents/Home/jre/lib/libjdwp.dylib
0x000000010dae8000 	/Library/Java/JavaVirtualMachines/jdk1.8.0_152.jdk/Contents/Home/jre/lib/libnpt.dylib
0x000000010daec000 	/Users/acrow/.p2/pool/plugins/org.zeroturnaround.eclipse.embedder_7.1.5.RELEASE/jrebel/lib/libjrebel64.dylib
0x000000010dbe4000 	/Library/Java/JavaVirtualMachines/jdk1.8.0_152.jdk/Contents/Home/jre/lib/libzip.dylib
0x000000011b45f000 	/Library/Java/JavaVirtualMachines/jdk1.8.0_152.jdk/Contents/Home/jre/lib/libdt_socket.dylib
0x000000012ba9f000 	/Library/Java/JavaVirtualMachines/jdk1.8.0_152.jdk/Contents/Home/jre/lib/libmanagement.dylib
0x000000012baad000 	/Library/Java/JavaVirtualMachines/jdk1.8.0_152.jdk/Contents/Home/jre/lib/libnet.dylib
0x000000012bb0c000 	/Library/Java/JavaVirtualMachines/jdk1.8.0_152.jdk/Contents/Home/jre/lib/libnio.dylib
0x000000012c178000 	/Library/Java/JavaVirtualMachines/jdk1.8.0_152.jdk/Contents/Home/jre/lib/libsunec.dylib

VM Arguments:
jvm_args: -agentlib:jdwp=transport=dt_socket,suspend=y,address=localhost:62418 -Drebel.base=/Users/acrow/.jrebel -Drebel.env.ide.plugin.version=7.1.5 -Drebel.env.ide.version=4.7.3 -Drebel.env.ide.product=Eclipse -Drebel.env.ide=eclipse -Drebel.notification.url=http://localhost:17434 -Drebel.workspace.path=/Users/acrow/eclipse-workspace -Drebel.properties=/Users/acrow/.jrebel/jrebel.properties -agentpath:/Users/acrow/eclipse/java-oxygen/Eclipse.app/Contents/MacOS/../../../../../.p2/pool/plugins/org.zeroturnaround.eclipse.embedder_7.1.5.RELEASE/jrebel/lib/libjrebel64.dylib -Dvertx.options.blockedThreadCheckInterval=2147483647 -Dhazelcast.diagnostics.enabled=true -Dcluster-host=10.123.123.123 -Dfile.encoding=UTF-8 
java_command: io.vertx.core.Launcher run life.genny.bridge.ServiceVerticle —redeploy=**/*.java —launcher-class=io.vertx.core.Launcher -cluster -
java_class_path (initial): /Library/Java/JavaVirtualMachines/jdk1.8.0_152.jdk/Contents/Home/jre/lib/resources.jar:/Library/Java/JavaVirtualMachines/jdk1.8.0_152.jdk/Contents/Home/jre/lib/rt.jar:/Library/Java/JavaVirtualMachines/jdk1.8.0_152.jdk/Contents/Home/jre/lib/jsse.jar:/Library/Java/JavaVirtualMachines/jdk1.8.0_152.jdk/Contents/Home/jre/lib/jce.jar:/Library/Java/JavaVirtualMachines/jdk1.8.0_152.jdk/Contents/Home/jre/lib/charsets.jar:/Library/Java/JavaVirtualMachines/jdk1.8.0_152.jdk/Contents/Home/jre/lib/jfr.jar:/Library/Java/JavaVirtualMachines/jdk1.8.0_152.jdk/Contents/Home/jre/lib/ext/sunec.jar:/Library/Java/JavaVirtualMachines/jdk1.8.0_152.jdk/Contents/Home/jre/lib/ext/nashorn.jar:/Library/Java/JavaVirtualMachines/jdk1.8.0_152.jdk/Contents/Home/jre/lib/ext/cldrdata.jar:/Library/Java/JavaVirtualMachines/jdk1.8.0_152.jdk/Contents/Home/jre/lib/ext/jfxrt.jar:/Library/Java/JavaVirtualMachines/jdk1.8.0_152.jdk/Contents/Home/jre/lib/ext/dnsns.jar:/Library/Java/JavaVirtualMachines/jdk1.8.0_152.jdk/Contents/Home/jre/lib/ext/localedata.jar:/Library/Java/JavaVirtualMachines/jdk1.8.0_152.jdk/Contents/Home/jre/lib/ext/sunjce_provider.jar:/Library/Java/JavaVirtualMachines/jdk1.8.0_152.jdk/Contents/Home/jre/lib/ext/sunpkcs11.jar:/Library/Java/JavaVirtualMachines/jdk1.8.0_152.jdk/Contents/Home/jre/lib/ext/jaccess.jar:/Library/Java/JavaVirtualMachines/jdk1.8.0_152.jdk/Contents/Home/jre/lib/ext/zipfs.jar:/System/Library/Java/Extensions/MRJToolkit.jar:/Users/acrow/projects/genny/bridge/target/classes:/Users/acrow/.m2/repository/javax/money/money-api/1.0.1/money-api-1.0.1.jar:/Users/acrow/.m2/repository/javax/annotation/javax.annotation-api/1.2/javax.annotation-api-1.2.jar:/Users/acrow/.m2/repository/javax/xml/bind/jaxb-api/2.3.0/jaxb-api-2.3.0.jar:/Users/acrow/.m2/repository/javax/activation/activation/1.1/activation-1.1.jar:/Users/acrow/.m2/repository/javax/xml/bind/jsr173_api/1.0/jsr173_api-1.0.jar:/Users/acrow/.m2/repository/javax/mail/mail/1.4.4/mail-1.4.4.jar:/Users/a
Launcher Type: SUN_STANDARD

Environment Variables:
PATH=/usr/bin:/bin:/usr/sbin:/sbin
SHELL=/bin/bash
DISPLAY=/private/tmp/com.apple.launchd.wWKUAFFnBJ/org.macosforge.xquartz:0

Signal Handlers:
SIGSEGV: [libjvm.dylib+0x5b494d], sa_mask[0]=11111111011111110111111111111111, sa_flags=SA_ONSTACK|SA_RESTART|SA_SIGINFO
SIGBUS: [libjvm.dylib+0x5b494d], sa_mask[0]=11111111011111110111111111111111, sa_flags=SA_RESTART|SA_SIGINFO
SIGFPE: [libjvm.dylib+0x48ab54], sa_mask[0]=11111111011111110111111111111111, sa_flags=SA_RESTART|SA_SIGINFO
SIGPIPE: [libjvm.dylib+0x48ab54], sa_mask[0]=11111111011111110111111111111111, sa_flags=SA_RESTART|SA_SIGINFO
SIGXFSZ: [libjvm.dylib+0x48ab54], sa_mask[0]=11111111011111110111111111111111, sa_flags=SA_RESTART|SA_SIGINFO
SIGILL: [libjvm.dylib+0x48ab54], sa_mask[0]=11111111011111110111111111111111, sa_flags=SA_RESTART|SA_SIGINFO
SIGUSR1: SIG_DFL, sa_mask[0]=00000000000000000000000000000000, sa_flags=none
SIGUSR2: [libjvm.dylib+0x48a672], sa_mask[0]=00100000000000000000000000000000, sa_flags=SA_RESTART|SA_SIGINFO
SIGHUP: [libjvm.dylib+0x488c49], sa_mask[0]=11111111011111110111111111111111, sa_flags=SA_RESTART|SA_SIGINFO
SIGINT: [libjvm.dylib+0x488c49], sa_mask[0]=11111111011111110111111111111111, sa_flags=SA_RESTART|SA_SIGINFO
SIGTERM: [libjvm.dylib+0x488c49], sa_mask[0]=11111111011111110111111111111111, sa_flags=SA_RESTART|SA_SIGINFO
SIGQUIT: [libjvm.dylib+0x488c49], sa_mask[0]=11111111011111110111111111111111, sa_flags=SA_RESTART|SA_SIGINFO


---------------  S Y S T E M  ---------------

OS:Bsduname:Darwin 18.2.0 Darwin Kernel Version 18.2.0: Thu Sep 27 21:18:44 PDT 2018; root:xnu-4903.220.48~70/RELEASE_X86_64 x86_64
rlimit: STACK 8192k, CORE 0k, NPROC 1418, NOFILE 10240, AS infinity
load average:5.66 13.77 15.63

CPU:total 8 (initial active 8) (4 cores per cpu, 2 threads per core) family 6 model 158 stepping 9, cmov, cx8, fxsr, mmx, sse, sse2, sse3, ssse3, sse4.1, sse4.2, popcnt, avx, avx2, aes, clmul, erms, rtm, 3dnowpref, lzcnt, ht, tsc, tscinvbit, bmi1, bmi2, adx

Memory: 4k page, physical 16777216k(1312616k free)

/proc/meminfo:


vm_info: Java HotSpot(TM) 64-Bit Server VM (25.152-b16) for bsd-amd64 JRE (1.8.0_152-b16), built on Sep 14 2017 02:31:13 by "java_re" with gcc 4.2.1 (Based on Apple Inc. build 5658) (LLVM build 2336.11.00)

time: Sat Oct  6 20:24:10 2018
elapsed time: 6306 seconds (0d 1h 45m 6s)

