#
# A fatal error has been detected by the Java Runtime Environment:
#
#  SIGSEGV (0xb) at pc=0x0000000108782440, pid=21655, tid=0x0000000000018303
#
# JRE version: Java(TM) SE Runtime Environment (8.0_152-b16) (build 1.8.0_152-b16)
# Java VM: Java HotSpot(TM) 64-Bit Server VM (25.152-b16 mixed mode bsd-amd64 compressed oops)
# Problematic frame:
# V  [libjvm.dylib+0x582440]
#
# Failed to write core dump. Core dumps have been disabled. To enable core dumping, try "ulimit -c unlimited" before starting Java again
#
# If you would like to submit a bug report, please visit:
#   http://bugreport.java.com/bugreport/crash.jsp
#

---------------  T H R E A D  ---------------

Current thread (0x00007fb473ba6000):  JavaThread "vert.x-eventloop-thread-8" [_thread_in_vm, id=99075, stack(0x00007000119da000,0x0000700011ada000)]

siginfo: si_signo: 11 (SIGSEGV), si_code: 1 (SEGV_MAPERR), si_addr: 0x0000000000000010

Registers:
RAX=0x0000000108aec7a0, RBX=0x0000000000000010, RCX=0x0000000108a27360, RDX=0x0000000000000000
RSP=0x0000700011ad8df0, RBP=0x0000700011ad8e30, RSI=0x0000000000000006, RDI=0x0000700011ad8e08
R8 =0x0000000000000000, R9 =0x0000000000000000, R10=0x0000000113a7350c, R11=0x0000000113a734d8
R12=0x00007fb473ba6000, R13=0x0000700011ad8ea0, R14=0x0000000000000000, R15=0x00007fb473ba61f8
RIP=0x0000000108782440, EFLAGS=0x0000000000010202, ERR=0x0000000000000004
  TRAPNO=0x000000000000000e

Top of Stack: (sp=0x0000700011ad8df0)
0x0000700011ad8df0:   000000b400000000 0000700011ad8f00
0x0000700011ad8e00:   00007fb473ba6000 00007fb473ba6000
0x0000700011ad8e10:   0000000112c8a5c8 0000000000000000
0x0000700011ad8e20:   0000700011ad8f20 00007fb473ba6000
0x0000700011ad8e30:   0000700011ad8e80 0000000113a7357e
0x0000700011ad8e40:   00000006c065c4e0 0000000000000000
0x0000700011ad8e50:   0000700011ad8ea0 00000000000000b6
0x0000700011ad8e60:   0000000000000000 0000000130a2666d
0x0000700011ad8e70:   0000700011ad8f20 00007fb473ba6000
0x0000700011ad8e80:   0000700011ad8f00 000000011395d0c0
0x0000700011ad8e90:   0000700011ad8f20 000000011395d0c0
0x0000700011ad8ea0:   0000000000000010 0000000113984104
0x0000700011ad8eb0:   0000000000000000 00000006c065c4e0
0x0000700011ad8ec0:   0000700011ad8ec0 0000000130a2666d
0x0000700011ad8ed0:   0000700011ad8f20 000000012a4f5300
0x0000700011ad8ee0:   0000000000000000 00000001299ce210
0x0000700011ad8ef0:   0000700011ad8ea0 0000700011ad8f10
0x0000700011ad8f00:   0000700011ad8f68 000000011395d0c0
0x0000700011ad8f10:   0000000000000010 00000006c0442d30
0x0000700011ad8f20:   0000000000000000 0000700011ad8f28
0x0000700011ad8f30:   0000000129f6598f 0000700011ad8f90
0x0000700011ad8f40:   0000000129f65a38 0000000000000000
0x0000700011ad8f50:   0000000129f659c8 0000700011ad8f10
0x0000700011ad8f60:   0000700011ad8f80 0000700011ad8fd8
0x0000700011ad8f70:   000000011395d194 00000006c0442d30
0x0000700011ad8f80:   000000076ea02f88 0000000000000000
0x0000700011ad8f90:   000000076ea02f38 0000700011ad8f98
0x0000700011ad8fa0:   0000000112d5ff0e 0000700011ad9030
0x0000700011ad8fb0:   0000000112d61030 0000000000000000
0x0000700011ad8fc0:   0000000112d5ff80 0000700011ad8f80
0x0000700011ad8fd0:   0000700011ad9040 0000700011ad9130
0x0000700011ad8fe0:   000000011571ca24 0000000000000000 

Instructions: (pc=0x0000000108782440)
0x0000000108782420:   88 be ff 4c 89 65 d0 4d 85 f6 75 05 45 31 f6 eb
0x0000000108782430:   03 4d 8b 36 48 8d 05 65 a3 36 00 80 38 00 74 2a
0x0000000108782440:   41 8b 04 1e 89 45 c4 8b 5d c4 48 85 db 75 04 31
0x0000000108782450:   db eb 11 4c 8d 35 66 06 2c 00 41 8a 4e 08 48 d3 

Register to memory mapping:

RAX=0x0000000108aec7a0: UseCompressedOops+0 in /Library/Java/JavaVirtualMachines/jdk1.8.0_152.jdk/Contents/Home/jre/lib/server/libjvm.dylib at 0x0000000108200000
RBX=0x0000000000000010 is an unknown value
RCX=0x0000000108a27360: UseMembar+0 in /Library/Java/JavaVirtualMachines/jdk1.8.0_152.jdk/Contents/Home/jre/lib/server/libjvm.dylib at 0x0000000108200000
RDX=0x0000000000000000 is an unknown value
RSP=0x0000700011ad8df0 is pointing into the stack for thread: 0x00007fb473ba6000
RBP=0x0000700011ad8e30 is pointing into the stack for thread: 0x00007fb473ba6000
RSI=0x0000000000000006 is an unknown value
RDI=0x0000700011ad8e08 is pointing into the stack for thread: 0x00007fb473ba6000
R8 =0x0000000000000000 is an unknown value
R9 =0x0000000000000000 is an unknown value
R10=0x0000000113a7350c is at entry_point+76 in (nmethod*)0x0000000113a73350
R11=0x0000000113a734d8 is at entry_point+24 in (nmethod*)0x0000000113a73350
R12=0x00007fb473ba6000 is a thread
R13=0x0000700011ad8ea0 is pointing into the stack for thread: 0x00007fb473ba6000
R14=0x0000000000000000 is an unknown value
R15=0x00007fb473ba61f8 is an unknown value


Stack: [0x00007000119da000,0x0000700011ada000],  sp=0x0000700011ad8df0,  free space=1019k
Native frames: (J=compiled Java code, j=interpreted, Vv=VM code, C=native code)
V  [libjvm.dylib+0x582440]
J 76  sun.misc.Unsafe.getObjectVolatile(Ljava/lang/Object;J)Ljava/lang/Object; (0 bytes) @ 0x0000000113a7357e [0x0000000113a734c0+0xbe]
j  io.netty.util.internal.shaded.org.jctools.util.UnsafeRefArrayAccess$$M$_jr_19D371833CF6BD1E_1.lvElement([Ljava/lang/Object;J)Ljava/lang/Object;+13
j  sun.reflect.GeneratedMethodAccessor86.invoke(Ljava/lang/Object;[Ljava/lang/Object;)Ljava/lang/Object;+127
j  com.zeroturnaround.jrebelbase.facade.o.invokeWithParams2(Lcom/zeroturnaround/jrebelbase/f;ILcom/zeroturnaround/jrebelbase/i;[Ljava/lang/Object;)Ljava/lang/Object;+94
J 17860 C1 io.netty.util.internal.shaded.org.jctools.util.UnsafeRefArrayAccess.lvElement([Ljava/lang/Object;J)Ljava/lang/Object; (69 bytes) @ 0x000000011571ca24 [0x000000011571c600+0x424]
j  io.netty.util.internal.shaded.org.jctools.queues.BaseMpscLinkedArrayQueue.poll()Ljava/lang/Object;+34
j  sun.reflect.GeneratedMethodAccessor80.invoke(Ljava/lang/Object;[Ljava/lang/Object;)Ljava/lang/Object;+36
j  com.zeroturnaround.jrebelbase.facade.o.invokeWithParams2(Lcom/zeroturnaround/jrebelbase/f;ILcom/zeroturnaround/jrebelbase/i;[Ljava/lang/Object;)Ljava/lang/Object;+94
j  com.zeroturnaround.jrebelbase.facade.o.invokeWithNoParams(Lcom/zeroturnaround/jrebelbase/f;ILcom/zeroturnaround/jrebelbase/i;)Ljava/lang/Object;+7
J 17847 C1 io.netty.util.internal.shaded.org.jctools.queues.MpscChunkedArrayQueue.poll()Ljava/lang/Object; (173 bytes) @ 0x0000000113eb3ee4 [0x0000000113eb3ac0+0x424]
j  io.netty.util.concurrent.SingleThreadEventExecutor$$M$_jr_19D371833CF6BD1E_1.pollTaskFrom(Ljava/util/Queue;)Ljava/lang/Runnable;+10
j  io.netty.util.concurrent.SingleThreadEventExecutor$$M$_jr_19D371833CF6BD1E_1.pollTask()Ljava/lang/Runnable;+49
j  io.netty.channel.nio.NioEventLoop$$M$_jr_19D371833CF6BD1E_1.pollTask()Ljava/lang/Runnable;+8
j  io.netty.util.concurrent.SingleThreadEventExecutor$$M$_jr_19D371833CF6BD1E_1.runAllTasks(J)Z+13
j  sun.reflect.GeneratedMethodAccessor78.invoke(Ljava/lang/Object;[Ljava/lang/Object;)Ljava/lang/Object;+139
j  com.zeroturnaround.jrebelbase.facade.o.invokeWithParams2(Lcom/zeroturnaround/jrebelbase/f;ILcom/zeroturnaround/jrebelbase/i;[Ljava/lang/Object;)Ljava/lang/Object;+94
j  com.zeroturnaround.jrebelbase.facade.o.invokeWithOneParam(Lcom/zeroturnaround/jrebelbase/f;ILcom/zeroturnaround/jrebelbase/i;Ljava/lang/Object;)Ljava/lang/Object;+11
j  io.netty.util.concurrent.SingleThreadEventExecutor.runAllTasks(J)Z+148
j  io.netty.channel.nio.NioEventLoop.run()V+158
j  io.netty.util.concurrent.SingleThreadEventExecutor$5.run()V+48
j  java.lang.Thread.run()V+15
v  ~StubRoutines::call_stub
V  [libjvm.dylib+0x2ef7b2]
V  [libjvm.dylib+0x2eff56]
V  [libjvm.dylib+0x2f0102]
V  [libjvm.dylib+0x34a8c5]
V  [libjvm.dylib+0x56e327]
V  [libjvm.dylib+0x56fa14]
V  [libjvm.dylib+0x48d542]
C  [libsystem_pthread.dylib+0x36c1]  _pthread_body+0x154
C  [libsystem_pthread.dylib+0x356d]  _pthread_body+0x0
C  [libsystem_pthread.dylib+0x2c5d]  thread_start+0xd
C  0x0000000000000000

Java frames: (J=compiled Java code, j=interpreted, Vv=VM code)
J 76  sun.misc.Unsafe.getObjectVolatile(Ljava/lang/Object;J)Ljava/lang/Object; (0 bytes) @ 0x0000000113a7350c [0x0000000113a734c0+0x4c]
j  io.netty.util.internal.shaded.org.jctools.util.UnsafeRefArrayAccess$$M$_jr_19D371833CF6BD1E_1.lvElement([Ljava/lang/Object;J)Ljava/lang/Object;+13
j  sun.reflect.GeneratedMethodAccessor86.invoke(Ljava/lang/Object;[Ljava/lang/Object;)Ljava/lang/Object;+127
j  com.zeroturnaround.jrebelbase.facade.o.invokeWithParams2(Lcom/zeroturnaround/jrebelbase/f;ILcom/zeroturnaround/jrebelbase/i;[Ljava/lang/Object;)Ljava/lang/Object;+94
J 17860 C1 io.netty.util.internal.shaded.org.jctools.util.UnsafeRefArrayAccess.lvElement([Ljava/lang/Object;J)Ljava/lang/Object; (69 bytes) @ 0x000000011571ca24 [0x000000011571c600+0x424]
j  io.netty.util.internal.shaded.org.jctools.queues.BaseMpscLinkedArrayQueue.poll()Ljava/lang/Object;+34
j  sun.reflect.GeneratedMethodAccessor80.invoke(Ljava/lang/Object;[Ljava/lang/Object;)Ljava/lang/Object;+36
j  com.zeroturnaround.jrebelbase.facade.o.invokeWithParams2(Lcom/zeroturnaround/jrebelbase/f;ILcom/zeroturnaround/jrebelbase/i;[Ljava/lang/Object;)Ljava/lang/Object;+94
j  com.zeroturnaround.jrebelbase.facade.o.invokeWithNoParams(Lcom/zeroturnaround/jrebelbase/f;ILcom/zeroturnaround/jrebelbase/i;)Ljava/lang/Object;+7
J 17847 C1 io.netty.util.internal.shaded.org.jctools.queues.MpscChunkedArrayQueue.poll()Ljava/lang/Object; (173 bytes) @ 0x0000000113eb3ee4 [0x0000000113eb3ac0+0x424]
j  io.netty.util.concurrent.SingleThreadEventExecutor$$M$_jr_19D371833CF6BD1E_1.pollTaskFrom(Ljava/util/Queue;)Ljava/lang/Runnable;+10
j  io.netty.util.concurrent.SingleThreadEventExecutor$$M$_jr_19D371833CF6BD1E_1.pollTask()Ljava/lang/Runnable;+49
j  io.netty.channel.nio.NioEventLoop$$M$_jr_19D371833CF6BD1E_1.pollTask()Ljava/lang/Runnable;+8
j  io.netty.util.concurrent.SingleThreadEventExecutor$$M$_jr_19D371833CF6BD1E_1.runAllTasks(J)Z+13
j  sun.reflect.GeneratedMethodAccessor78.invoke(Ljava/lang/Object;[Ljava/lang/Object;)Ljava/lang/Object;+139
j  com.zeroturnaround.jrebelbase.facade.o.invokeWithParams2(Lcom/zeroturnaround/jrebelbase/f;ILcom/zeroturnaround/jrebelbase/i;[Ljava/lang/Object;)Ljava/lang/Object;+94
j  com.zeroturnaround.jrebelbase.facade.o.invokeWithOneParam(Lcom/zeroturnaround/jrebelbase/f;ILcom/zeroturnaround/jrebelbase/i;Ljava/lang/Object;)Ljava/lang/Object;+11
j  io.netty.util.concurrent.SingleThreadEventExecutor.runAllTasks(J)Z+148
j  io.netty.channel.nio.NioEventLoop.run()V+158
j  io.netty.util.concurrent.SingleThreadEventExecutor$5.run()V+48
j  java.lang.Thread.run()V+15
v  ~StubRoutines::call_stub

---------------  P R O C E S S  ---------------

Java Threads: ( => current thread )
  0x00007fb4684d0800 JavaThread "cached9" [_thread_blocked, id=59691, stack(0x000070000d714000,0x000070000d814000)]
  0x00007fb467f43800 JavaThread "rebel-mc-rec-567396696" daemon [_thread_in_native, id=170503, stack(0x0000700013222000,0x0000700013322000)]
  0x00007fb46ee8b800 JavaThread "Intermediate Collector" daemon [_thread_blocked, id=27143, stack(0x00007000081ed000,0x00007000082ed000)]
  0x00007fb47409f000 JavaThread "rebel-IDENotificationsImpl-PostCycle" daemon [_thread_blocked, id=168983, stack(0x000070001311f000,0x000070001321f000)]
  0x00007fb469d33000 JavaThread "cached10" [_thread_blocked, id=112699, stack(0x000070001301c000,0x000070001311c000)]
  0x00007fb4742ad000 JavaThread "cached6" [_thread_blocked, id=134703, stack(0x000070000d817000,0x000070000d917000)]
  0x00007fb4741bd000 JavaThread "cached7" [_thread_blocked, id=174375, stack(0x000070000e235000,0x000070000e335000)]
  0x00007fb46b4f9000 JavaThread "cached3" [_thread_blocked, id=33067, stack(0x0000700009145000,0x0000700009245000)]
  0x00007fb474dbd000 JavaThread "cached3" [_thread_blocked, id=169503, stack(0x0000700012f19000,0x0000700013019000)]
  0x00007fb470416000 JavaThread "cached5" [_thread_blocked, id=113959, stack(0x0000700009042000,0x0000700009142000)]
  0x00007fb474dbc800 JavaThread "cached4" [_thread_blocked, id=170019, stack(0x0000700012e16000,0x0000700012f16000)]
  0x00007fb46b7a6000 JavaThread "vert.x-worker-thread-11" [_thread_blocked, id=169223, stack(0x00007000124fb000,0x00007000125fb000)]
  0x00007fb46b3f5800 JavaThread "vert.x-worker-thread-10" [_thread_blocked, id=114699, stack(0x000070000c0d2000,0x000070000c1d2000)]
  0x00007fb469ed0000 JavaThread "vert.x-internal-blocking-19" [_thread_blocked, id=170755, stack(0x000070001507c000,0x000070001517c000)]
  0x00007fb46b4fe000 JavaThread "vert.x-internal-blocking-18" [_thread_blocked, id=173827, stack(0x0000700014761000,0x0000700014861000)]
  0x00007fb473c9f000 JavaThread "vert.x-worker-thread-9" [_thread_blocked, id=113415, stack(0x0000700013428000,0x0000700013528000)]
  0x00007fb47294b000 JavaThread "vert.x-worker-thread-19" [_thread_blocked, id=106755, stack(0x0000700013f49000,0x0000700014049000)]
  0x00007fb46b7f1000 JavaThread "vert.x-worker-thread-8" [_thread_blocked, id=109827, stack(0x0000700013e46000,0x0000700013f46000)]
  0x00007fb470014800 JavaThread "vert.x-worker-thread-7" [_thread_blocked, id=106499, stack(0x0000700013d43000,0x0000700013e43000)]
  0x00007fb47294a000 JavaThread "vert.x-internal-blocking-19" [_thread_blocked, id=106243, stack(0x0000700013c40000,0x0000700013d40000)]
  0x00007fb4686ea800 JavaThread "vert.x-internal-blocking-18" [_thread_blocked, id=110595, stack(0x0000700013b3d000,0x0000700013c3d000)]
  0x00007fb4686ea000 JavaThread "vert.x-internal-blocking-17" [_thread_blocked, id=111107, stack(0x0000700013a3a000,0x0000700013b3a000)]
  0x00007fb469cb4800 JavaThread "vert.x-internal-blocking-16" [_thread_blocked, id=111363, stack(0x0000700013937000,0x0000700013a37000)]
  0x00007fb4686e9000 JavaThread "vert.x-internal-blocking-15" [_thread_blocked, id=111619, stack(0x0000700013834000,0x0000700013934000)]
  0x00007fb474c6c000 JavaThread "vert.x-internal-blocking-14" [_thread_blocked, id=105219, stack(0x0000700013731000,0x0000700013831000)]
  0x00007fb470728000 JavaThread "vert.x-internal-blocking-13" [_thread_blocked, id=112131, stack(0x000070001362e000,0x000070001372e000)]
  0x00007fb47294e800 JavaThread "vert.x-internal-blocking-12" [_thread_blocked, id=103171, stack(0x0000700012d13000,0x0000700012e13000)]
  0x00007fb4755e0800 JavaThread "vert.x-internal-blocking-11" [_thread_blocked, id=115459, stack(0x0000700012c10000,0x0000700012d10000)]
  0x00007fb467d66800 JavaThread "vert.x-eventloop-thread-15" [_thread_in_vm, id=102915, stack(0x0000700012b0d000,0x0000700012c0d000)]
  0x00007fb4686fc800 JavaThread "vert.x-internal-blocking-10" [_thread_blocked, id=115971, stack(0x0000700012a0a000,0x0000700012b0a000)]
  0x00007fb47294c800 JavaThread "vert.x-eventloop-thread-14" [_thread_in_Java, id=116483, stack(0x0000700012907000,0x0000700012a07000)]
  0x00007fb46b410000 JavaThread "vert.x-worker-thread-18" [_thread_blocked, id=102403, stack(0x0000700012804000,0x0000700012904000)]
  0x00007fb46b530000 JavaThread "vert.x-worker-thread-17" [_thread_blocked, id=117251, stack(0x0000700012701000,0x0000700012801000)]
  0x00007fb4755df000 JavaThread "vert.x-worker-thread-16" [_thread_blocked, id=102147, stack(0x00007000125fe000,0x00007000126fe000)]
  0x00007fb473ba4000 JavaThread "vert.x-worker-thread-15" [_thread_blocked, id=68359, stack(0x00007000123f8000,0x00007000124f8000)]
  0x00007fb467e44800 JavaThread "vert.x-worker-thread-14" [_thread_blocked, id=65799, stack(0x00007000122f5000,0x00007000123f5000)]
  0x00007fb47486e800 JavaThread "vert.x-worker-thread-13" [_thread_blocked, id=67847, stack(0x0000700010bb0000,0x0000700010cb0000)]
  0x00007fb47486e000 JavaThread "vert.x-worker-thread-12" [_thread_blocked, id=61447, stack(0x0000700010aad000,0x0000700010bad000)]
  0x00007fb47486d000 JavaThread "vert.x-worker-thread-11" [_thread_blocked, id=28183, stack(0x0000700009248000,0x0000700009348000)]
  0x00007fb4686fd800 JavaThread "vert.x-worker-thread-10" [_thread_blocked, id=61703, stack(0x00007000109aa000,0x0000700010aaa000)]
  0x00007fb4699c3800 JavaThread "vert.x-worker-thread-9" [_thread_blocked, id=67079, stack(0x00007000108a7000,0x00007000109a7000)]
  0x00007fb474db1000 JavaThread "vert.x-eventloop-thread-13" [_thread_in_Java, id=62215, stack(0x00007000107a4000,0x00007000108a4000)]
  0x00007fb467e44000 JavaThread "vert.x-worker-thread-8" [_thread_blocked, id=66311, stack(0x00007000106a1000,0x00007000107a1000)]
  0x00007fb47052c000 JavaThread "vert.x-worker-thread-6" [_thread_blocked, id=93447, stack(0x000070001059e000,0x000070001069e000)]
  0x00007fb467e43000 JavaThread "vert.x-worker-thread-7" [_thread_blocked, id=94983, stack(0x000070001049b000,0x000070001059b000)]
  0x00007fb472935000 JavaThread "vert.x-worker-thread-6" [_thread_blocked, id=124935, stack(0x000070000e641000,0x000070000e741000)]
  0x00007fb46a707000 JavaThread "vert.x-worker-thread-5" [_thread_blocked, id=118279, stack(0x000070000e53e000,0x000070000e63e000)]
  0x00007fb474c48000 JavaThread "vert.x-worker-thread-4" [_thread_blocked, id=33799, stack(0x000070000e43b000,0x000070000e53b000)]
  0x00007fb470eba800 JavaThread "vert.x-worker-thread-3" [_thread_blocked, id=123411, stack(0x000070000e338000,0x000070000e438000)]
  0x00007fb47293e800 JavaThread "vert.x-eventloop-thread-12" [_thread_in_Java, id=93959, stack(0x000070000e132000,0x000070000e232000)]
  0x00007fb46aba2800 JavaThread "vert.x-worker-thread-5" [_thread_blocked, id=94215, stack(0x000070000e02f000,0x000070000e12f000)]
  0x00007fb47040b800 JavaThread "threadDeathWatcher-2-1" daemon [_thread_blocked, id=123911, stack(0x000070000df2c000,0x000070000e02c000)]
  0x00007fb46b717800 JavaThread "vert.x-worker-thread-4" [_thread_blocked, id=101379, stack(0x00007000121f2000,0x00007000122f2000)]
  0x00007fb47285c000 JavaThread "vert.x-worker-thread-3" [_thread_blocked, id=118787, stack(0x00007000120ef000,0x00007000121ef000)]
  0x00007fb47285b800 JavaThread "vert.x-eventloop-thread-11" [_thread_in_Java, id=101123, stack(0x0000700011fec000,0x00007000120ec000)]
  0x00007fb46b438800 JavaThread "vert.x-internal-blocking-9" [_thread_blocked, id=100611, stack(0x0000700011ee9000,0x0000700011fe9000)]
  0x00007fb46a9de800 JavaThread "vert.x-eventloop-thread-10" [_thread_in_native, id=100355, stack(0x0000700011de6000,0x0000700011ee6000)]
  0x00007fb46ab8f800 JavaThread "vert.x-internal-blocking-8" [_thread_blocked, id=100099, stack(0x0000700011ce3000,0x0000700011de3000)]
  0x00007fb473b1f800 JavaThread "vert.x-eventloop-thread-9" [_thread_in_Java, id=119811, stack(0x0000700011be0000,0x0000700011ce0000)]
  0x00007fb473ba6800 JavaThread "vert.x-internal-blocking-7" [_thread_blocked, id=99331, stack(0x0000700011add000,0x0000700011bdd000)]
=>0x00007fb473ba6000 JavaThread "vert.x-eventloop-thread-8" [_thread_in_vm, id=99075, stack(0x00007000119da000,0x0000700011ada000)]
  0x00007fb467f45000 JavaThread "vert.x-internal-blocking-6" [_thread_blocked, id=98563, stack(0x00007000118d7000,0x00007000119d7000)]
  0x00007fb467f42000 JavaThread "vert.x-eventloop-thread-7" [_thread_in_Java, id=120579, stack(0x00007000117d4000,0x00007000118d4000)]
  0x00007fb4684f4800 JavaThread "vert.x-internal-blocking-5" [_thread_blocked, id=98051, stack(0x00007000116d1000,0x00007000117d1000)]
  0x00007fb46b438000 JavaThread "vert.x-eventloop-thread-6" [_thread_in_Java, id=97539, stack(0x00007000115ce000,0x00007000116ce000)]
  0x00007fb473b0e800 JavaThread "vert.x-internal-blocking-4" [_thread_blocked, id=97283, stack(0x00007000114cb000,0x00007000115cb000)]
  0x00007fb46ab8e800 JavaThread "vert.x-eventloop-thread-5" [_thread_in_Java, id=121347, stack(0x00007000113c8000,0x00007000114c8000)]
  0x00007fb473b88000 JavaThread "vert.x-internal-blocking-3" [_thread_blocked, id=121603, stack(0x00007000112c5000,0x00007000113c5000)]
  0x00007fb46ab8e000 JavaThread "vert.x-eventloop-thread-4" [_thread_in_vm, id=96515, stack(0x00007000111c2000,0x00007000112c2000)]
  0x00007fb473b87800 JavaThread "vert.x-internal-blocking-2" [_thread_blocked, id=121859, stack(0x00007000110bf000,0x00007000111bf000)]
  0x00007fb473b86800 JavaThread "vert.x-eventloop-thread-3" [_thread_in_Java, id=96003, stack(0x0000700010fbc000,0x00007000110bc000)]
  0x00007fb46875b800 JavaThread "vert.x-internal-blocking-1" [_thread_blocked, id=122627, stack(0x0000700010eb9000,0x0000700010fb9000)]
  0x00007fb467f41000 JavaThread "vert.x-eventloop-thread-2" [_thread_in_Java, id=95747, stack(0x0000700010db6000,0x0000700010eb6000)]
  0x00007fb46ab8d000 JavaThread "vert.x-internal-blocking-0" [_thread_blocked, id=95491, stack(0x0000700010cb3000,0x0000700010db3000)]
  0x00007fb47405d800 JavaThread "vert.x-eventloop-thread-1" [_thread_in_Java, id=87559, stack(0x000070000ee59000,0x000070000ef59000)]
  0x00007fb46a6e9000 JavaThread "vert.x-internal-blocking-17" [_thread_blocked, id=125699, stack(0x0000700010398000,0x0000700010498000)]
  0x00007fb46fa37800 JavaThread "vert.x-internal-blocking-16" [_thread_blocked, id=125955, stack(0x0000700010295000,0x0000700010395000)]
  0x00007fb46fc5a000 JavaThread "vert.x-internal-blocking-15" [_thread_blocked, id=126211, stack(0x0000700010192000,0x0000700010292000)]
  0x00007fb46ae1e800 JavaThread "vert.x-internal-blocking-14" [_thread_blocked, id=126723, stack(0x000070001008f000,0x000070001018f000)]
  0x00007fb46c09e800 JavaThread "vert.x-internal-blocking-13" [_thread_blocked, id=126979, stack(0x000070000ff8c000,0x000070001008c000)]
  0x00007fb46ae1d800 JavaThread "vert.x-eventloop-thread-15" [_thread_blocked, id=92419, stack(0x000070000fe89000,0x000070000ff89000)]
  0x00007fb47405c000 JavaThread "vert.x-internal-blocking-12" [_thread_blocked, id=92163, stack(0x000070000fd86000,0x000070000fe86000)]
  0x00007fb469ee7000 JavaThread "vert.x-eventloop-thread-14" [_thread_in_Java, id=91907, stack(0x000070000fc83000,0x000070000fd83000)]
  0x00007fb46f3a5000 JavaThread "vert.x-internal-blocking-11" [_thread_blocked, id=128259, stack(0x000070000fb80000,0x000070000fc80000)]
  0x00007fb467d40000 JavaThread "vert.x-eventloop-thread-13" [_thread_in_vm, id=128515, stack(0x000070000fa7d000,0x000070000fb7d000)]
  0x00007fb46f824800 JavaThread "vert.x-internal-blocking-10" [_thread_blocked, id=91139, stack(0x000070000f97a000,0x000070000fa7a000)]
  0x00007fb46ae1d000 JavaThread "vert.x-eventloop-thread-12" [_thread_in_Java, id=128771, stack(0x000070000f877000,0x000070000f977000)]
  0x00007fb46b288000 JavaThread "vert.x-internal-blocking-9" [_thread_blocked, id=129283, stack(0x000070000f774000,0x000070000f874000)]
  0x00007fb467d3f800 JavaThread "vert.x-eventloop-thread-11" [_thread_blocked, id=90371, stack(0x000070000f671000,0x000070000f771000)]
  0x00007fb46c2e9800 JavaThread "vert.x-internal-blocking-8" [_thread_blocked, id=90115, stack(0x000070000f56e000,0x000070000f66e000)]
  0x00007fb46ae1c000 JavaThread "vert.x-eventloop-thread-10" [_thread_in_Java, id=129795, stack(0x000070000f46b000,0x000070000f56b000)]
  0x00007fb469f91800 JavaThread "vert.x-internal-blocking-7" [_thread_blocked, id=89347, stack(0x000070000f368000,0x000070000f468000)]
  0x00007fb46fad7800 JavaThread "vert.x-eventloop-thread-9" [_thread_in_Java, id=89091, stack(0x000070000f265000,0x000070000f365000)]
  0x00007fb46c2e8800 JavaThread "vert.x-internal-blocking-6" [_thread_blocked, id=88835, stack(0x000070000f162000,0x000070000f262000)]
  0x00007fb4715eb800 JavaThread "vert.x-eventloop-thread-8" [_thread_blocked, id=88579, stack(0x000070000f05f000,0x000070000f15f000)]
  0x00007fb46d0ef000 JavaThread "vert.x-internal-blocking-5" [_thread_blocked, id=88067, stack(0x000070000ef5c000,0x000070000f05c000)]
  0x00007fb4690dc800 JavaThread "vert.x-eventloop-thread-7" [_thread_in_vm, id=87299, stack(0x000070000ed56000,0x000070000ee56000)]
  0x00007fb47493a000 JavaThread "vert.x-internal-blocking-4" [_thread_blocked, id=64259, stack(0x000070000ec53000,0x000070000ed53000)]
  0x00007fb471831800 JavaThread "vert.x-eventloop-thread-6" [_thread_in_vm, id=64003, stack(0x000070000eb50000,0x000070000ec50000)]
  0x00007fb467ab4800 JavaThread "vert.x-internal-blocking-3" [_thread_blocked, id=63747, stack(0x000070000ea4d000,0x000070000eb4d000)]
  0x00007fb469394000 JavaThread "vert.x-worker-thread-2" [_thread_blocked, id=63235, stack(0x000070000e94a000,0x000070000ea4a000)]
  0x00007fb4715ec000 JavaThread "vert.x-eventloop-thread-5" [_thread_in_vm, id=65539, stack(0x000070000e847000,0x000070000e947000)]
  0x00007fb46f60c000 JavaThread "vert.x-internal-blocking-2" [_thread_blocked, id=62723, stack(0x000070000e744000,0x000070000e844000)]
  0x00007fb46c051800 JavaThread "vert.x-worker-thread-1" [_thread_blocked, id=60931, stack(0x000070000de29000,0x000070000df29000)]
  0x00007fb469de8800 JavaThread "vert.x-eventloop-thread-0" [_thread_blocked, id=60675, stack(0x000070000dd26000,0x000070000de26000)]
  0x00007fb46a7a8000 JavaThread "hz._hzInstance_2_192.168.64.45.HealthMonitor" daemon [_thread_blocked, id=60419, stack(0x000070000dc23000,0x000070000dd23000)]
  0x00007fb46aafe800 JavaThread "vert.x-eventloop-thread-4" [_thread_in_Java, id=69379, stack(0x000070000db20000,0x000070000dc20000)]
  0x00007fb46be54000 JavaThread "vert.x-internal-blocking-1" [_thread_blocked, id=69891, stack(0x000070000da1d000,0x000070000db1d000)]
  0x00007fb469de8000 JavaThread "vert.x-eventloop-thread-3" [_thread_blocked, id=81415, stack(0x000070000ab93000,0x000070000ac93000)]
  0x00007fb46adf4000 JavaThread "vert.x-acceptor-thread-0" [_thread_in_Java, id=70147, stack(0x000070000d91a000,0x000070000da1a000)]
  0x00007fb46ad92000 JavaThread "hz._hzInstance_2_192.168.64.45.MulticastThread" [_thread_in_native, id=70403, stack(0x000070000d611000,0x000070000d711000)]
  0x00007fb46adf7000 JavaThread "hz._hzInstance_2_192.168.64.45.IO.thread-Acceptor" [_thread_in_native, id=58627, stack(0x000070000d50e000,0x000070000d60e000)]
  0x00007fb46bb34800 JavaThread "hz._hzInstance_2_192.168.64.45.IOBalancerThread" [_thread_blocked, id=58115, stack(0x000070000d40b000,0x000070000d50b000)]
  0x00007fb4717f5000 JavaThread "hz._hzInstance_2_192.168.64.45.IO.thread-out-2" [_thread_in_native, id=71171, stack(0x000070000d308000,0x000070000d408000)]
  0x00007fb46bab1800 JavaThread "hz._hzInstance_2_192.168.64.45.IO.thread-out-1" [_thread_in_native, id=57859, stack(0x000070000d205000,0x000070000d305000)]
  0x00007fb46cd68000 JavaThread "hz._hzInstance_2_192.168.64.45.IO.thread-out-0" [_thread_in_native, id=57347, stack(0x000070000d102000,0x000070000d202000)]
  0x00007fb46f4a8800 JavaThread "hz._hzInstance_2_192.168.64.45.IO.thread-in-2" [_thread_in_native, id=56835, stack(0x000070000cfff000,0x000070000d0ff000)]
  0x00007fb46a7e7800 JavaThread "hz._hzInstance_2_192.168.64.45.IO.thread-in-1" [_thread_in_native, id=71683, stack(0x000070000cefc000,0x000070000cffc000)]
  0x00007fb46cc97800 JavaThread "hz._hzInstance_2_192.168.64.45.IO.thread-in-0" [_thread_in_native, id=56067, stack(0x000070000cdf9000,0x000070000cef9000)]
  0x00007fb46fa00800 JavaThread "hz._hzInstance_2_192.168.64.45.generic-operation.thread-3" [_thread_blocked, id=55555, stack(0x000070000ccf6000,0x000070000cdf6000)]
  0x00007fb467b8f800 JavaThread "hz._hzInstance_2_192.168.64.45.generic-operation.thread-2" [_thread_blocked, id=55299, stack(0x000070000cbf3000,0x000070000ccf3000)]
  0x00007fb4718a5800 JavaThread "hz._hzInstance_2_192.168.64.45.generic-operation.thread-1" [_thread_blocked, id=72451, stack(0x000070000caf0000,0x000070000cbf0000)]
  0x00007fb46f4ab800 JavaThread "hz._hzInstance_2_192.168.64.45.generic-operation.thread-0" [_thread_blocked, id=54787, stack(0x000070000c9ed000,0x000070000caed000)]
  0x00007fb4718a4800 JavaThread "hz._hzInstance_2_192.168.64.45.partition-operation.thread-7" [_thread_blocked, id=72963, stack(0x000070000c8ea000,0x000070000c9ea000)]
  0x00007fb4694e4000 JavaThread "hz._hzInstance_2_192.168.64.45.partition-operation.thread-6" [_thread_blocked, id=54275, stack(0x000070000c7e7000,0x000070000c8e7000)]
  0x00007fb46852b800 JavaThread "hz._hzInstance_2_192.168.64.45.partition-operation.thread-5" [_thread_blocked, id=73475, stack(0x000070000c6e4000,0x000070000c7e4000)]
  0x00007fb4685f5000 JavaThread "hz._hzInstance_2_192.168.64.45.partition-operation.thread-4" [_thread_blocked, id=73731, stack(0x000070000c5e1000,0x000070000c6e1000)]
  0x00007fb467b8e800 JavaThread "hz._hzInstance_2_192.168.64.45.partition-operation.thread-3" [_thread_blocked, id=53507, stack(0x000070000c4de000,0x000070000c5de000)]
  0x00007fb467f34800 JavaThread "hz._hzInstance_2_192.168.64.45.partition-operation.thread-2" [_thread_blocked, id=52995, stack(0x000070000c3db000,0x000070000c4db000)]
  0x00007fb4696a9800 JavaThread "hz._hzInstance_2_192.168.64.45.partition-operation.thread-1" [_thread_blocked, id=73987, stack(0x000070000c2d8000,0x000070000c3d8000)]
  0x00007fb467f34000 JavaThread "hz._hzInstance_2_192.168.64.45.partition-operation.thread-0" [_thread_blocked, id=74243, stack(0x000070000c1d5000,0x000070000c2d5000)]
  0x00007fb469e6e800 JavaThread "hz._hzInstance_2_192.168.64.45.migration" [_thread_blocked, id=74755, stack(0x000070000bfcf000,0x000070000c0cf000)]
  0x00007fb469e68800 JavaThread "vert.x-internal-blocking-0" [_thread_blocked, id=75267, stack(0x000070000becc000,0x000070000bfcc000)]
  0x00007fb46f1d6000 JavaThread "hz._hzInstance_2_192.168.64.45.wait-notify" [_thread_blocked, id=75523, stack(0x000070000bdc9000,0x000070000bec9000)]
  0x00007fb4692bf000 JavaThread "hz._hzInstance_2_192.168.64.45.event-10" [_thread_blocked, id=76035, stack(0x000070000bcc6000,0x000070000bdc6000)]
  0x00007fb46fb4a000 JavaThread "hz._hzInstance_2_192.168.64.45.event-9" [_thread_blocked, id=76291, stack(0x000070000bbc3000,0x000070000bcc3000)]
  0x00007fb46b771800 JavaThread "hz._hzInstance_2_192.168.64.45.event-8" [_thread_blocked, id=50947, stack(0x000070000bac0000,0x000070000bbc0000)]
  0x00007fb4704e3800 JavaThread "hz._hzInstance_2_192.168.64.45.event-7" [_thread_blocked, id=76547, stack(0x000070000b9bd000,0x000070000babd000)]
  0x00007fb4704e6000 JavaThread "hz._hzInstance_2_192.168.64.45.event-6" [_thread_blocked, id=77059, stack(0x000070000b8ba000,0x000070000b9ba000)]
  0x00007fb470d61800 JavaThread "hz._hzInstance_2_192.168.64.45.SlowOperationDetectorThread" [_thread_blocked, id=77571, stack(0x000070000b7b7000,0x000070000b8b7000)]
  0x00007fb469e80800 JavaThread "vert.x-eventloop-thread-2" [_thread_in_vm, id=50435, stack(0x000070000b6b4000,0x000070000b7b4000)]
  0x00007fb470d60800 JavaThread "hz._hzInstance_2_192.168.64.45.response" [_thread_blocked, id=50179, stack(0x000070000b5b1000,0x000070000b6b1000)]
  0x00007fb46cee0000 JavaThread "hz._hzInstance_2_192.168.64.45.InvocationMonitorThread" [_thread_blocked, id=49923, stack(0x000070000b4ae000,0x000070000b5ae000)]
  0x00007fb468565000 JavaThread "scheduled" [_thread_blocked, id=78851, stack(0x000070000b3ab000,0x000070000b4ab000)]
  0x00007fb469e67800 JavaThread "pool-5-thread-2" [_thread_blocked, id=79363, stack(0x000070000b2a8000,0x000070000b3a8000)]
  0x00007fb46f1d5800 JavaThread "pool-5-thread-1" [_thread_blocked, id=49411, stack(0x000070000b1a5000,0x000070000b2a5000)]
  0x00007fb46a6d0000 JavaThread "vert.x-worker-thread-2" [_thread_blocked, id=49155, stack(0x000070000b0a2000,0x000070000b1a2000)]
  0x00007fb46ac1e800 JavaThread "vert.x-worker-thread-0" [_thread_blocked, id=48643, stack(0x000070000af9f000,0x000070000b09f000)]
  0x00007fb46afe8000 JavaThread "vertx-blocked-thread-checker" daemon [_thread_blocked, id=79875, stack(0x000070000ae9c000,0x000070000af9c000)]
  0x00007fb467d20800 JavaThread "DestroyJavaVM" [_thread_blocked, id=9987, stack(0x0000700005a4d000,0x0000700005b4d000)]
  0x00007fb46c2ea800 JavaThread "vert.x-eventloop-thread-1" [_thread_in_native, id=80387, stack(0x000070000ad99000,0x000070000ae99000)]
  0x00007fb46a752800 JavaThread "vert.x-worker-thread-1" [_thread_blocked, id=80899, stack(0x000070000ac96000,0x000070000ad96000)]
  0x00007fb46b398000 JavaThread "vert.x-eventloop-thread-0" [_thread_in_vm, id=48131, stack(0x000070000aa90000,0x000070000ab90000)]
  0x00007fb46ae8b000 JavaThread "hz._hzInstance_1_dev.HealthMonitor" daemon [_thread_blocked, id=47619, stack(0x000070000a98d000,0x000070000aa8d000)]
  0x00007fb46e3d1000 JavaThread "hz._hzInstance_1_dev.MulticastThread" [_thread_in_native, id=82179, stack(0x000070000a88a000,0x000070000a98a000)]
  0x00007fb46f42e000 JavaThread "hz._hzInstance_1_dev.IO.thread-Acceptor" [_thread_in_native, id=47363, stack(0x000070000a787000,0x000070000a887000)]
  0x00007fb46a9bd000 JavaThread "hz._hzInstance_1_dev.IOBalancerThread" [_thread_blocked, id=82947, stack(0x000070000a684000,0x000070000a784000)]
  0x00007fb467fce800 JavaThread "hz._hzInstance_1_dev.IO.thread-out-2" [_thread_in_native, id=83203, stack(0x000070000a581000,0x000070000a681000)]
  0x00007fb469ef4800 JavaThread "hz._hzInstance_1_dev.IO.thread-out-1" [_thread_in_native, id=83459, stack(0x000070000a47e000,0x000070000a57e000)]
  0x00007fb469ef4000 JavaThread "hz._hzInstance_1_dev.IO.thread-out-0" [_thread_in_native, id=83971, stack(0x000070000a37b000,0x000070000a47b000)]
  0x00007fb46f823800 JavaThread "hz._hzInstance_1_dev.IO.thread-in-2" [_thread_in_native, id=46595, stack(0x000070000a278000,0x000070000a378000)]
  0x00007fb46e1f5000 JavaThread "hz._hzInstance_1_dev.IO.thread-in-1" [_thread_in_native, id=46083, stack(0x000070000a175000,0x000070000a275000)]
  0x00007fb469229800 JavaThread "hz._hzInstance_1_dev.IO.thread-in-0" [_thread_in_native, id=84739, stack(0x000070000a072000,0x000070000a172000)]
  0x00007fb467fce000 JavaThread "hz._hzInstance_1_dev.generic-operation.thread-3" [_thread_blocked, id=85251, stack(0x0000700009f6f000,0x000070000a06f000)]
  0x00007fb46fb39000 JavaThread "hz._hzInstance_1_dev.generic-operation.thread-2" [_thread_blocked, id=45571, stack(0x0000700009e6c000,0x0000700009f6c000)]
  0x00007fb469f8a000 JavaThread "hz._hzInstance_1_dev.generic-operation.thread-1" [_thread_blocked, id=85507, stack(0x0000700009d69000,0x0000700009e69000)]
  0x00007fb467d54000 JavaThread "hz._hzInstance_1_dev.generic-operation.thread-0" [_thread_blocked, id=45059, stack(0x0000700009c66000,0x0000700009d66000)]
  0x00007fb46b412800 JavaThread "hz._hzInstance_1_dev.partition-operation.thread-7" [_thread_blocked, id=44803, stack(0x0000700009b63000,0x0000700009c63000)]
  0x00007fb46c44a800 JavaThread "hz._hzInstance_1_dev.partition-operation.thread-6" [_thread_blocked, id=86275, stack(0x0000700009a60000,0x0000700009b60000)]
  0x00007fb46b412000 JavaThread "hz._hzInstance_1_dev.partition-operation.thread-5" [_thread_blocked, id=86787, stack(0x000070000995d000,0x0000700009a5d000)]
  0x00007fb46fb38000 JavaThread "hz._hzInstance_1_dev.partition-operation.thread-4" [_thread_blocked, id=44035, stack(0x000070000985a000,0x000070000995a000)]
  0x00007fb471019000 JavaThread "hz._hzInstance_1_dev.partition-operation.thread-3" [_thread_blocked, id=43779, stack(0x0000700009757000,0x0000700009857000)]
  0x00007fb469f91000 JavaThread "hz._hzInstance_1_dev.partition-operation.thread-2" [_thread_blocked, id=34819, stack(0x0000700009654000,0x0000700009754000)]
  0x00007fb4679ce800 JavaThread "hz._hzInstance_1_dev.partition-operation.thread-1" [_thread_blocked, id=35331, stack(0x0000700009551000,0x0000700009651000)]
  0x00007fb4708f6800 JavaThread "hz._hzInstance_1_dev.partition-operation.thread-0" [_thread_blocked, id=34307, stack(0x000070000944e000,0x000070000954e000)]
  0x00007fb46e382000 JavaThread "hz._hzInstance_1_dev.migration" [_thread_blocked, id=35843, stack(0x000070000934b000,0x000070000944b000)]
  0x00007fb46eed4000 JavaThread "hz._hzInstance_1_dev.wait-notify" [_thread_blocked, id=32259, stack(0x0000700008f3f000,0x000070000903f000)]
  0x00007fb46f417000 JavaThread "hz._hzInstance_1_dev.event-5" [_thread_blocked, id=31747, stack(0x0000700008e3c000,0x0000700008f3c000)]
  0x00007fb470827000 JavaThread "hz._hzInstance_1_dev.event-4" [_thread_blocked, id=31491, stack(0x0000700008d39000,0x0000700008e39000)]
  0x00007fb47082b800 JavaThread "hz._hzInstance_1_dev.event-3" [_thread_blocked, id=31235, stack(0x0000700008c36000,0x0000700008d36000)]
  0x00007fb46f416800 JavaThread "hz._hzInstance_1_dev.event-2" [_thread_blocked, id=30723, stack(0x0000700008b33000,0x0000700008c33000)]
  0x00007fb469f50000 JavaThread "hz._hzInstance_1_dev.event-1" [_thread_blocked, id=36611, stack(0x0000700008a30000,0x0000700008b30000)]
  0x00007fb46f415000 JavaThread "hz._hzInstance_1_dev.SlowOperationDetectorThread" [_thread_blocked, id=36867, stack(0x000070000892d000,0x0000700008a2d000)]
  0x00007fb469f59000 JavaThread "hz._hzInstance_1_dev.response" [_thread_blocked, id=29699, stack(0x000070000882a000,0x000070000892a000)]
  0x00007fb46df74800 JavaThread "hz._hzInstance_1_dev.InvocationMonitorThread" [_thread_blocked, id=29187, stack(0x0000700008727000,0x0000700008827000)]
  0x00007fb46e2d3800 JavaThread "scheduled" [_thread_blocked, id=4363, stack(0x0000700008624000,0x0000700008724000)]
  0x00007fb46c42b000 JavaThread "pool-3-thread-2" [_thread_blocked, id=37135, stack(0x0000700008521000,0x0000700008621000)]
  0x00007fb469f55800 JavaThread "pool-3-thread-1" [_thread_blocked, id=28943, stack(0x00007000083f3000,0x00007000084f3000)]
  0x00007fb46f94d800 JavaThread "vert.x-worker-thread-0" [_thread_blocked, id=14603, stack(0x00007000082f0000,0x00007000083f0000)]
  0x00007fb467ee0000 JavaThread "vertx-blocked-thread-checker" daemon [_thread_blocked, id=27911, stack(0x0000700005947000,0x0000700005a47000)]
  0x00007fb469c5d800 JavaThread "rebel-mc-rec-1904466663" daemon [_thread_in_native, id=38147, stack(0x00007000080ea000,0x00007000081ea000)]
  0x00007fb46bba0000 JavaThread "rebel-change-detector-thread" daemon [_thread_blocked, id=26627, stack(0x0000700007fe7000,0x00007000080e7000)]
  0x00007fb46a287800 JavaThread "rebel-debugger-thread" daemon [_thread_blocked, id=26371, stack(0x0000700007ee4000,0x0000700007fe4000)]
  0x00007fb469c21800 JavaThread "rebel-mc-rec-1950586732" daemon [_thread_in_native, id=26115, stack(0x0000700007de1000,0x0000700007ee1000)]
  0x00007fb467bc7000 JavaThread "rebel-debugger-attach-notifier" daemon [_thread_blocked, id=25351, stack(0x0000700007cde000,0x0000700007dde000)]
  0x00007fb46bba1800 JavaThread "rebel-heartbeat-thread" daemon [_thread_blocked, id=39943, stack(0x0000700007bdb000,0x0000700007cdb000)]
  0x00007fb46bba1000 JavaThread "rebel-redeploy-thread" daemon [_thread_blocked, id=23559, stack(0x0000700007ad8000,0x0000700007bd8000)]
  0x00007fb469c10000 JavaThread "rebel-mc-dispatcher" daemon [_thread_blocked, id=25607, stack(0x00007000079d5000,0x0000700007ad5000)]
  0x00007fb469c1a000 JavaThread "rebel-mc-maintainer" daemon [_thread_blocked, id=41991, stack(0x000070000749b000,0x000070000759b000)]
  0x00007fb4683b1800 JavaThread "rebel-weak-reaper" daemon [_thread_blocked, id=23047, stack(0x0000700007398000,0x0000700007498000)]
  0x00007fb46bb6c000 JavaThread "rebel-messaging-executor-36" daemon [_thread_blocked, id=41223, stack(0x0000700007295000,0x0000700007395000)]
  0x00007fb46837f000 JavaThread "rebel-cache-writer" daemon [_thread_blocked, id=41479, stack(0x0000700007192000,0x0000700007292000)]
  0x00007fb469b6b000 JavaThread "rebel-fsnotify-OutputReader" daemon [_thread_blocked, id=39431, stack(0x00007000078d2000,0x00007000079d2000)]
  0x00007fb469b6a000 JavaThread "rebel-fsnotify-OutputReader" daemon [_thread_blocked, id=24583, stack(0x00007000077cf000,0x00007000078cf000)]
  0x00007fb469b12000 JavaThread "rebel-fsnotify-ShutdownOnTermination" daemon [_thread_blocked, id=39175, stack(0x00007000076cc000,0x00007000077cc000)]
  0x00007fb469b69800 JavaThread "process reaper" daemon [_thread_in_native, id=24071, stack(0x00007000076a1000,0x00007000076c9000)]
  0x00007fb4679cb800 JavaThread "rebel-CacheKeepAlive" daemon [_thread_blocked, id=40707, stack(0x000070000759e000,0x000070000769e000)]
  0x00007fb4699ad000 JavaThread "rebel-logger" daemon [_thread_blocked, id=22531, stack(0x000070000708f000,0x000070000718f000)]
  0x00007fb4681d7000 JavaThread "Service Thread" daemon [_thread_blocked, id=22275, stack(0x0000700006e89000,0x0000700006f89000)]
  0x00007fb4699ab800 JavaThread "C1 CompilerThread3" daemon [_thread_blocked, id=22019, stack(0x0000700006d86000,0x0000700006e86000)]
  0x00007fb4681d6800 JavaThread "C2 CompilerThread2" daemon [_thread_blocked, id=17411, stack(0x0000700006c83000,0x0000700006d83000)]
  0x00007fb4699a0000 JavaThread "C2 CompilerThread1" daemon [_thread_in_native, id=17667, stack(0x0000700006b80000,0x0000700006c80000)]
  0x00007fb46a985800 JavaThread "C2 CompilerThread0" daemon [_thread_blocked, id=17923, stack(0x0000700006a7d000,0x0000700006b7d000)]
  0x00007fb46803f000 JavaThread "JDWP Command Reader" daemon [_thread_in_native, id=16387, stack(0x000070000697a000,0x0000700006a7a000)]
  0x00007fb46803e800 JavaThread "JDWP Event Helper Thread" daemon [_thread_blocked, id=16131, stack(0x0000700006877000,0x0000700006977000)]
  0x00007fb469011000 JavaThread "JDWP Transport Listener: dt_socket" daemon [_thread_blocked, id=18695, stack(0x0000700006774000,0x0000700006874000)]
  0x00007fb469839000 JavaThread "Signal Dispatcher" daemon [_thread_blocked, id=15879, stack(0x0000700006671000,0x0000700006771000)]
  0x00007fb46b03a800 JavaThread "Finalizer" daemon [_thread_blocked, id=13827, stack(0x000070000656e000,0x000070000666e000)]
  0x00007fb46982e800 JavaThread "Reference Handler" daemon [_thread_blocked, id=13571, stack(0x000070000646b000,0x000070000656b000)]

Other Threads:
  0x00007fb46781c000 VMThread [stack: 0x0000700006368000,0x0000700006468000] [id=13315]
  0x00007fb46a046800 WatcherThread [stack: 0x0000700006f8c000,0x000070000708c000] [id=42755]

VM state:not at safepoint (normal execution)

VM Mutex/Monitor currently owned by a thread: None

Heap:
 PSYoungGen      total 237056K, used 65005K [0x000000076ab00000, 0x000000077d580000, 0x00000007c0000000)
  eden space 199168K, 32% used [0x000000076ab00000,0x000000076ea7b5e8,0x0000000776d80000)
  from space 37888K, 0% used [0x0000000778900000,0x0000000778900000,0x000000077ae00000)
  to   space 40448K, 0% used [0x000000077ae00000,0x000000077ae00000,0x000000077d580000)
 ParOldGen       total 342016K, used 69168K [0x00000006c0000000, 0x00000006d4e00000, 0x000000076ab00000)
  object space 342016K, 20% used [0x00000006c0000000,0x00000006c438c2c0,0x00000006d4e00000)
 Metaspace       used 96067K, capacity 98294K, committed 98712K, reserved 1136640K
  class space    used 10064K, capacity 10570K, committed 10664K, reserved 1048576K

Card table byte_map: [0x0000000109647000,0x0000000109e48000] byte_map_base: 0x0000000106047000

Marking Bits: (ParMarkBitMap*) 0x0000000108af66c0
 Begin Bits: [0x000000010a39e000, 0x000000010e39e000)
 End Bits:   [0x000000010e39e000, 0x000000011239e000)

Polling page: 0x0000000107144000

CodeCache: size=245760Kb used=27941Kb max_used=33657Kb free=217818Kb
 bounds [0x0000000113955000, 0x0000000115ab5000, 0x0000000122955000]
 total_blobs=10393 nmethods=9819 adapters=494
 compilation: enabled

Compilation events (10 events):
Event: 9037.429 Thread 0x00007fb46a985800 nmethod 18101 0x0000000114b23a10 code [0x0000000114b23e20, 0x0000000114b270f8]
Event: 9037.434 Thread 0x00007fb4699ab800 18115       3       com.zeroturnaround.reload.ae::a (8 bytes)
Event: 9037.434 Thread 0x00007fb4699ab800 nmethod 18115 0x00000001141670d0 code [0x0000000114167260, 0x0000000114167558]
Event: 9037.434 Thread 0x00007fb4699ab800 18114       3       com.zeroturnaround.javarebel.gcd::a (20 bytes)
Event: 9037.436 Thread 0x00007fb4699ab800 nmethod 18114 0x000000011424acd0 code [0x000000011424af40, 0x000000011424be98]
Event: 9037.436 Thread 0x00007fb4699ab800 18118       3       java.lang.reflect.Field::<init> (44 bytes)
Event: 9037.437 Thread 0x00007fb4699ab800 nmethod 18118 0x00000001144dea90 code [0x00000001144dec00, 0x00000001144def10]
Event: 9037.437 Thread 0x00007fb4699ab800 18117       3       com.zeroturnaround.javarebel.gpv::a (331 bytes)
Event: 9037.437 Thread 0x00007fb46a985800 18119       4       com.zeroturnaround.reload.ac::compare (13 bytes)
Event: 9037.440 Thread 0x00007fb4681d6800 18123       4       java.lang.Boolean::valueOf (14 bytes)

GC Heap History (10 events):
Event: 8988.488 GC heap before
{Heap before GC invocations=23 (full 3):
 PSYoungGen      total 218624K, used 214825K [0x000000076ab00000, 0x000000077cc80000, 0x00000007c0000000)
  eden space 180736K, 100% used [0x000000076ab00000,0x0000000775b80000,0x0000000775b80000)
  from space 37888K, 89% used [0x0000000775b80000,0x0000000777cca750,0x0000000778080000)
  to   space 41984K, 0% used [0x000000077a380000,0x000000077a380000,0x000000077cc80000)
 ParOldGen       total 243200K, used 45420K [0x00000006c0000000, 0x00000006ced80000, 0x000000076ab00000)
  object space 243200K, 18% used [0x00000006c0000000,0x00000006c2c5b040,0x00000006ced80000)
 Metaspace       used 82330K, capacity 84570K, committed 84888K, reserved 1124352K
  class space    used 9377K, capacity 9890K, committed 9896K, reserved 1048576K
Event: 8988.517 GC heap after
Heap after GC invocations=23 (full 3):
 PSYoungGen      total 251392K, used 34954K [0x000000076ab00000, 0x000000077d500000, 0x00000007c0000000)
  eden space 209408K, 0% used [0x000000076ab00000,0x000000076ab00000,0x0000000777780000)
  from space 41984K, 83% used [0x000000077a380000,0x000000077c5a29d8,0x000000077cc80000)
  to   space 45056K, 0% used [0x0000000777780000,0x0000000777780000,0x000000077a380000)
 ParOldGen       total 243200K, used 45428K [0x00000006c0000000, 0x00000006ced80000, 0x000000076ab00000)
  object space 243200K, 18% used [0x00000006c0000000,0x00000006c2c5d040,0x00000006ced80000)
 Metaspace       used 82330K, capacity 84570K, committed 84888K, reserved 1124352K
  class space    used 9377K, capacity 9890K, committed 9896K, reserved 1048576K
}
Event: 9000.381 GC heap before
{Heap before GC invocations=24 (full 3):
 PSYoungGen      total 251392K, used 244362K [0x000000076ab00000, 0x000000077d500000, 0x00000007c0000000)
  eden space 209408K, 100% used [0x000000076ab00000,0x0000000777780000,0x0000000777780000)
  from space 41984K, 83% used [0x000000077a380000,0x000000077c5a29d8,0x000000077cc80000)
  to   space 45056K, 0% used [0x0000000777780000,0x0000000777780000,0x000000077a380000)
 ParOldGen       total 243200K, used 45428K [0x00000006c0000000, 0x00000006ced80000, 0x000000076ab00000)
  object space 243200K, 18% used [0x00000006c0000000,0x00000006c2c5d040,0x00000006ced80000)
 Metaspace       used 85437K, capacity 87706K, committed 87960K, reserved 1126400K
  class space    used 9546K, capacity 10082K, committed 10152K, reserved 1048576K
Event: 9000.397 GC heap after
Heap after GC invocations=24 (full 3):
 PSYoungGen      total 254464K, used 37329K [0x000000076ab00000, 0x000000077f800000, 0x00000007c0000000)
  eden space 209408K, 0% used [0x000000076ab00000,0x000000076ab00000,0x0000000777780000)
  from space 45056K, 82% used [0x0000000777780000,0x0000000779bf45f0,0x000000077a380000)
  to   space 48640K, 0% used [0x000000077c880000,0x000000077c880000,0x000000077f800000)
 ParOldGen       total 243200K, used 45436K [0x00000006c0000000, 0x00000006ced80000, 0x000000076ab00000)
  object space 243200K, 18% used [0x00000006c0000000,0x00000006c2c5f040,0x00000006ced80000)
 Metaspace       used 85437K, capacity 87706K, committed 87960K, reserved 1126400K
  class space    used 9546K, capacity 10082K, committed 10152K, reserved 1048576K
}
Event: 9029.589 GC heap before
{Heap before GC invocations=25 (full 3):
 PSYoungGen      total 254464K, used 246737K [0x000000076ab00000, 0x000000077f800000, 0x00000007c0000000)
  eden space 209408K, 100% used [0x000000076ab00000,0x0000000777780000,0x0000000777780000)
  from space 45056K, 82% used [0x0000000777780000,0x0000000779bf45f0,0x000000077a380000)
  to   space 48640K, 0% used [0x000000077c880000,0x000000077c880000,0x000000077f800000)
 ParOldGen       total 243200K, used 45436K [0x00000006c0000000, 0x00000006ced80000, 0x000000076ab00000)
  object space 243200K, 18% used [0x00000006c0000000,0x00000006c2c5f040,0x00000006ced80000)
 Metaspace       used 93979K, capacity 96224K, committed 96536K, reserved 1134592K
  class space    used 9956K, capacity 10467K, committed 10536K, reserved 1048576K
Event: 9029.613 GC heap after
Heap after GC invocations=25 (full 3):
 PSYoungGen      total 241664K, used 37268K [0x000000076ab00000, 0x000000077ed00000, 0x00000007c0000000)
  eden space 204288K, 0% used [0x000000076ab00000,0x000000076ab00000,0x0000000777280000)
  from space 37376K, 99% used [0x000000077c880000,0x000000077ece51a8,0x000000077ed00000)
  to   space 51200K, 0% used [0x0000000778900000,0x0000000778900000,0x000000077bb00000)
 ParOldGen       total 243200K, used 45444K [0x00000006c0000000, 0x00000006ced80000, 0x000000076ab00000)
  object space 243200K, 18% used [0x00000006c0000000,0x00000006c2c61040,0x00000006ced80000)
 Metaspace       used 93979K, capacity 96224K, committed 96536K, reserved 1134592K
  class space    used 9956K, capacity 10467K, committed 10536K, reserved 1048576K
}
Event: 9035.816 GC heap before
{Heap before GC invocations=26 (full 3):
 PSYoungGen      total 241664K, used 119332K [0x000000076ab00000, 0x000000077ed00000, 0x00000007c0000000)
  eden space 204288K, 40% used [0x000000076ab00000,0x000000076fb24010,0x0000000777280000)
  from space 37376K, 99% used [0x000000077c880000,0x000000077ece51a8,0x000000077ed00000)
  to   space 51200K, 0% used [0x0000000778900000,0x0000000778900000,0x000000077bb00000)
 ParOldGen       total 243200K, used 45444K [0x00000006c0000000, 0x00000006ced80000, 0x000000076ab00000)
  object space 243200K, 18% used [0x00000006c0000000,0x00000006c2c61040,0x00000006ced80000)
 Metaspace       used 96148K, capacity 98458K, committed 98600K, reserved 1136640K
  class space    used 10095K, capacity 10626K, committed 10664K, reserved 1048576K
Event: 9035.844 GC heap after
Heap after GC invocations=26 (full 3):
 PSYoungGen      total 237056K, used 37477K [0x000000076ab00000, 0x000000077d580000, 0x00000007c0000000)
  eden space 199168K, 0% used [0x000000076ab00000,0x000000076ab00000,0x0000000776d80000)
  from space 37888K, 98% used [0x0000000778900000,0x000000077ad99748,0x000000077ae00000)
  to   space 40448K, 0% used [0x000000077ae00000,0x000000077ae00000,0x000000077d580000)
 ParOldGen       total 243200K, used 45452K [0x00000006c0000000, 0x00000006ced80000, 0x000000076ab00000)
  object space 243200K, 18% used [0x00000006c0000000,0x00000006c2c63040,0x00000006ced80000)
 Metaspace       used 96148K, capacity 98458K, committed 98600K, reserved 1136640K
  class space    used 10095K, capacity 10626K, committed 10664K, reserved 1048576K
}
Event: 9035.845 GC heap before
{Heap before GC invocations=27 (full 4):
 PSYoungGen      total 237056K, used 37477K [0x000000076ab00000, 0x000000077d580000, 0x00000007c0000000)
  eden space 199168K, 0% used [0x000000076ab00000,0x000000076ab00000,0x0000000776d80000)
  from space 37888K, 98% used [0x0000000778900000,0x000000077ad99748,0x000000077ae00000)
  to   space 40448K, 0% used [0x000000077ae00000,0x000000077ae00000,0x000000077d580000)
 ParOldGen       total 243200K, used 45452K [0x00000006c0000000, 0x00000006ced80000, 0x000000076ab00000)
  object space 243200K, 18% used [0x00000006c0000000,0x00000006c2c63040,0x00000006ced80000)
 Metaspace       used 96148K, capacity 98458K, committed 98600K, reserved 1136640K
  class space    used 10095K, capacity 10626K, committed 10664K, reserved 1048576K
Event: 9036.245 GC heap after
Heap after GC invocations=27 (full 4):
 PSYoungGen      total 237056K, used 0K [0x000000076ab00000, 0x000000077d580000, 0x00000007c0000000)
  eden space 199168K, 0% used [0x000000076ab00000,0x000000076ab00000,0x0000000776d80000)
  from space 37888K, 0% used [0x0000000778900000,0x0000000778900000,0x000000077ae00000)
  to   space 40448K, 0% used [0x000000077ae00000,0x000000077ae00000,0x000000077d580000)
 ParOldGen       total 342016K, used 69168K [0x00000006c0000000, 0x00000006d4e00000, 0x000000076ab00000)
  object space 342016K, 20% used [0x00000006c0000000,0x00000006c438c2c0,0x00000006d4e00000)
 Metaspace       used 95876K, capacity 98022K, committed 98600K, reserved 1136640K
  class space    used 10051K, capacity 10546K, committed 10664K, reserved 1048576K
}

Deoptimization events (10 events):
Event: 9037.311 Thread 0x00007fb46bba0000 Uncommon trap: reason=unhandled action=none pc=0x000000011570b0cc method=java.net.URLClassLoader.findClass(Ljava/lang/String;)Ljava/lang/Class; @ 95
Event: 9037.312 Thread 0x00007fb46bba0000 Uncommon trap: reason=unhandled action=none pc=0x00000001152263ec method=com.zeroturnaround.javarebel.ti.beforeDefineClass(Ljava/lang/ClassLoader;Ljava/lang/String;[B)V @ 52
Event: 9037.406 Thread 0x00007fb4690dc800 Uncommon trap: reason=unhandled action=none pc=0x00000001146241d0 method=com.zeroturnaround.javarebel.ggb.a(Lcom/zeroturnaround/reload/z;Ljava/lang/String;)Ljava/lang/Class; @ 32
Event: 9037.408 Thread 0x00007fb4690dc800 Uncommon trap: reason=unhandled action=none pc=0x00000001146241d0 method=com.zeroturnaround.javarebel.ggb.a(Lcom/zeroturnaround/reload/z;Ljava/lang/String;)Ljava/lang/Class; @ 32
Event: 9037.419 Thread 0x00007fb4690dc800 Uncommon trap: reason=unhandled action=none pc=0x000000011570b0cc method=java.net.URLClassLoader.findClass(Ljava/lang/String;)Ljava/lang/Class; @ 95
Event: 9037.430 Thread 0x00007fb4690dc800 Uncommon trap: reason=unhandled action=none pc=0x000000011570b0cc method=java.net.URLClassLoader.findClass(Ljava/lang/String;)Ljava/lang/Class; @ 95
Event: 9037.434 Thread 0x00007fb4690dc800 Uncommon trap: reason=unhandled action=none pc=0x000000011570b0cc method=java.net.URLClassLoader.findClass(Ljava/lang/String;)Ljava/lang/Class; @ 95
Event: 9037.435 Thread 0x00007fb46bba0000 Uncommon trap: reason=unhandled action=none pc=0x000000011570b0cc method=java.net.URLClassLoader.findClass(Ljava/lang/String;)Ljava/lang/Class; @ 95
Event: 9037.435 Thread 0x00007fb46bba0000 Uncommon trap: reason=unhandled action=none pc=0x00000001152263ec method=com.zeroturnaround.javarebel.ti.beforeDefineClass(Ljava/lang/ClassLoader;Ljava/lang/String;[B)V @ 52
Event: 9037.437 Thread 0x00007fb4690dc800 Uncommon trap: reason=unhandled action=none pc=0x000000011570b0cc method=java.net.URLClassLoader.findClass(Ljava/lang/String;)Ljava/lang/Class; @ 95

Classes redefined (10 events):
Event: 9035.001 Thread 0x00007fb46781c000 redefined class name=com.fasterxml.jackson.core.base.ParserMinimalBase, count=3
Event: 9035.059 Thread 0x00007fb46781c000 redefined class name=io.vertx.ext.web.handler.sockjs.impl.HtmlFileTransport, count=3
Event: 9035.117 Thread 0x00007fb46781c000 redefined class name=com.fasterxml.jackson.databind.deser.std.StringDeserializer, count=5
Event: 9035.196 Thread 0x00007fb46781c000 redefined class name=io.vertx.rxjava.core.eventbus.Message, count=2
Event: 9035.258 Thread 0x00007fb46781c000 redefined class name=io.netty.resolver.dns.DnsNameResolver$2, count=5
Event: 9035.334 Thread 0x00007fb46781c000 redefined class name=com.fasterxml.jackson.databind.ser.std.AtomicReferenceSerializer, count=4
Event: 9035.391 Thread 0x00007fb46781c000 redefined class name=com.fasterxml.jackson.databind.ser.std.StdJdkSerializers$AtomicBooleanSerializer, count=5
Event: 9035.452 Thread 0x00007fb46781c000 redefined class name=com.fasterxml.jackson.databind.ser.impl.MapEntrySerializer, count=5
Event: 9035.514 Thread 0x00007fb46781c000 redefined class name=com.fasterxml.jackson.databind.ser.std.MapProperty, count=4
Event: 9035.576 Thread 0x00007fb46781c000 redefined class name=com.fasterxml.jackson.databind.JavaType, count=3

Internal exceptions (10 events):
Event: 9037.429 Thread 0x00007fb469de8800 Exception <a 'java/lang/LinkageError': loader (instance of  sun/misc/Launcher$AppClassLoader): attempted  duplicate class definition for name: "io/netty/util/internal/shaded/org/jctools/queues/BaseMpscLinkedArrayQueuePad3$$C$"> (0x000000076e0bd948) thrown
Event: 9037.429 Thread 0x00007fb469de8800 Exception <a 'java/lang/LinkageError'> (0x000000076e0bd948) thrown at [/Users/java_re/workspace/8-2-build-macosx-x86_64/jdk8u152/9742/hotspot/src/share/vm/classfile/systemDictionary.cpp, line 1541]
Event: 9037.429 Thread 0x00007fb4715eb800 Exception <a 'java/lang/LinkageError': loader (instance of  sun/misc/Launcher$AppClassLoader): attempted  duplicate class definition for name: "io/netty/util/internal/shaded/org/jctools/queues/BaseMpscLinkedArrayQueuePad3$$C$"> (0x000000076e87a8e8) thrown
Event: 9037.429 Thread 0x00007fb4715eb800 Exception <a 'java/lang/LinkageError'> (0x000000076e87a8e8) thrown at [/Users/java_re/workspace/8-2-build-macosx-x86_64/jdk8u152/9742/hotspot/src/share/vm/classfile/systemDictionary.cpp, line 1541]
Event: 9037.431 Thread 0x00007fb467d3f800 Exception <a 'java/lang/LinkageError': loader (instance of  sun/misc/Launcher$AppClassLoader): attempted  duplicate class definition for name: "io/netty/util/internal/shaded/org/jctools/queues/BaseMpscLinkedArrayQueuePad3$$C$"> (0x000000076e8929f0) thrown
Event: 9037.431 Thread 0x00007fb467d3f800 Exception <a 'java/lang/LinkageError'> (0x000000076e8929f0) thrown at [/Users/java_re/workspace/8-2-build-macosx-x86_64/jdk8u152/9742/hotspot/src/share/vm/classfile/systemDictionary.cpp, line 1541]
Event: 9037.436 Thread 0x00007fb46b438000 Exception <a 'java/lang/LinkageError': loader (instance of  sun/misc/Launcher$AppClassLoader): attempted  duplicate class definition for name: "io/netty/util/internal/shaded/org/jctools/queues/BaseMpscLinkedArrayQueueColdProducerFields$$C$"> (0x000000076e
Event: 9037.436 Thread 0x00007fb46b438000 Exception <a 'java/lang/LinkageError'> (0x000000076e92ccf0) thrown at [/Users/java_re/workspace/8-2-build-macosx-x86_64/jdk8u152/9742/hotspot/src/share/vm/classfile/systemDictionary.cpp, line 1541]
Event: 9037.439 Thread 0x00007fb46ae1d800 Exception <a 'java/lang/LinkageError': loader (instance of  sun/misc/Launcher$AppClassLoader): attempted  duplicate class definition for name: "io/netty/util/internal/shaded/org/jctools/queues/BaseMpscLinkedArrayQueuePad3$$C$"> (0x000000076e96bd18) thrown
Event: 9037.439 Thread 0x00007fb46ae1d800 Exception <a 'java/lang/LinkageError'> (0x000000076e96bd18) thrown at [/Users/java_re/workspace/8-2-build-macosx-x86_64/jdk8u152/9742/hotspot/src/share/vm/classfile/systemDictionary.cpp, line 1541]

Events (10 events):
Event: 9037.441 Thread 0x00007fb467d40000 DEOPT PACKING pc=0x000000011413d477 sp=0x000070000fb7bd20
Event: 9037.441 Thread 0x00007fb467d40000 DEOPT UNPACKING pc=0x000000011399c633 sp=0x000070000fb7bb08 mode 1
Event: 9037.441 Thread 0x00007fb467d40000 DEOPT PACKING pc=0x000000011413d477 sp=0x000070000fb7bd20
Event: 9037.441 Thread 0x00007fb467d40000 DEOPT UNPACKING pc=0x000000011399c633 sp=0x000070000fb7bb08 mode 1
Event: 9037.442 Thread 0x00007fb467d66800 DEOPT PACKING pc=0x000000011413d477 sp=0x0000700012c0bd20
Event: 9037.442 Thread 0x00007fb467d66800 DEOPT UNPACKING pc=0x000000011399c633 sp=0x0000700012c0bb08 mode 1
Event: 9037.442 Thread 0x00007fb467d66800 DEOPT PACKING pc=0x000000011413d477 sp=0x0000700012c0bd20
Event: 9037.442 Thread 0x00007fb467d66800 DEOPT UNPACKING pc=0x000000011399c633 sp=0x0000700012c0bb08 mode 1
Event: 9037.442 Thread 0x00007fb467d66800 DEOPT PACKING pc=0x000000011413d477 sp=0x0000700012c0bd20
Event: 9037.442 Thread 0x00007fb467d66800 DEOPT UNPACKING pc=0x000000011399c633 sp=0x0000700012c0bb08 mode 1


Dynamic libraries:
0x000000000767a000 	/System/Library/Frameworks/Cocoa.framework/Versions/A/Cocoa
0x000000000767a000 	/System/Library/Frameworks/Security.framework/Versions/A/Security
0x000000000767a000 	/System/Library/Frameworks/ApplicationServices.framework/Versions/A/ApplicationServices
0x000000000767a000 	/usr/lib/libz.1.dylib
0x000000000767a000 	/usr/lib/libSystem.B.dylib
0x000000000767a000 	/usr/lib/libobjc.A.dylib
0x000000000767a000 	/System/Library/Frameworks/CoreFoundation.framework/Versions/A/CoreFoundation
0x000000000767a000 	/System/Library/Frameworks/Foundation.framework/Versions/C/Foundation
0x000000000767a000 	/System/Library/Frameworks/AppKit.framework/Versions/C/AppKit
0x000000000767a000 	/System/Library/Frameworks/CoreData.framework/Versions/A/CoreData
0x000000000767a000 	/System/Library/PrivateFrameworks/RemoteViewServices.framework/Versions/A/RemoteViewServices
0x000000000767a000 	/System/Library/PrivateFrameworks/UIFoundation.framework/Versions/A/UIFoundation
0x000000000767a000 	/System/Library/PrivateFrameworks/DFRFoundation.framework/Versions/A/DFRFoundation
0x000000000767a000 	/System/Library/Frameworks/Metal.framework/Versions/A/Metal
0x000000000767a000 	/System/Library/PrivateFrameworks/DesktopServicesPriv.framework/Versions/A/DesktopServicesPriv
0x000000000767a000 	/usr/lib/libenergytrace.dylib
0x000000000767a000 	/System/Library/PrivateFrameworks/SkyLight.framework/Versions/A/SkyLight
0x000000000767a000 	/System/Library/Frameworks/CoreGraphics.framework/Versions/A/CoreGraphics
0x000000000767a000 	/usr/lib/libScreenReader.dylib
0x000000000767a000 	/System/Library/Frameworks/Accelerate.framework/Versions/A/Accelerate
0x000000000767a000 	/System/Library/Frameworks/IOSurface.framework/Versions/A/IOSurface
0x000000000767a000 	/System/Library/Frameworks/AudioToolbox.framework/Versions/A/AudioToolbox
0x000000000767a000 	/System/Library/Frameworks/AudioUnit.framework/Versions/A/AudioUnit
0x000000000767a000 	/System/Library/PrivateFrameworks/DataDetectorsCore.framework/Versions/A/DataDetectorsCore
0x000000000767a000 	/System/Library/Frameworks/Carbon.framework/Versions/A/Frameworks/HIToolbox.framework/Versions/A/HIToolbox
0x000000000767a000 	/usr/lib/libicucore.A.dylib
0x000000000767a000 	/System/Library/Frameworks/QuartzCore.framework/Versions/A/QuartzCore
0x000000000767a000 	/System/Library/Frameworks/Carbon.framework/Versions/A/Frameworks/SpeechRecognition.framework/Versions/A/SpeechRecognition
0x000000000767a000 	/usr/lib/libauto.dylib
0x000000000767a000 	/usr/lib/libxml2.2.dylib
0x000000000767a000 	/System/Library/PrivateFrameworks/CoreUI.framework/Versions/A/CoreUI
0x000000000767a000 	/System/Library/Frameworks/CoreAudio.framework/Versions/A/CoreAudio
0x000000000767a000 	/System/Library/Frameworks/DiskArbitration.framework/Versions/A/DiskArbitration
0x000000000767a000 	/usr/lib/liblangid.dylib
0x000000000767a000 	/System/Library/PrivateFrameworks/MultitouchSupport.framework/Versions/A/MultitouchSupport
0x000000000767a000 	/System/Library/Frameworks/IOKit.framework/Versions/A/IOKit
0x000000000767a000 	/usr/lib/libDiagnosticMessagesClient.dylib
0x000000000767a000 	/System/Library/Frameworks/CoreServices.framework/Versions/A/CoreServices
0x000000000767a000 	/System/Library/PrivateFrameworks/PerformanceAnalysis.framework/Versions/A/PerformanceAnalysis
0x000000000767a000 	/System/Library/Frameworks/OpenGL.framework/Versions/A/OpenGL
0x000000000767a000 	/System/Library/Frameworks/ColorSync.framework/Versions/A/ColorSync
0x000000000767a000 	/System/Library/Frameworks/CoreImage.framework/Versions/A/CoreImage
0x000000000767a000 	/System/Library/Frameworks/CoreText.framework/Versions/A/CoreText
0x000000000767a000 	/System/Library/Frameworks/ImageIO.framework/Versions/A/ImageIO
0x000000000767a000 	/System/Library/PrivateFrameworks/Backup.framework/Versions/A/Backup
0x000000000767a000 	/usr/lib/libarchive.2.dylib
0x000000000767a000 	/System/Library/Frameworks/CFNetwork.framework/Versions/A/CFNetwork
0x000000000767a000 	/System/Library/Frameworks/SystemConfiguration.framework/Versions/A/SystemConfiguration
0x000000000767a000 	/usr/lib/libCRFSuite.dylib
0x000000000767a000 	/usr/lib/libc++.1.dylib
0x000000000767a000 	/usr/lib/libc++abi.dylib
0x000000000767a000 	/usr/lib/system/libcache.dylib
0x000000000767a000 	/usr/lib/system/libcommonCrypto.dylib
0x000000000767a000 	/usr/lib/system/libcompiler_rt.dylib
0x000000000767a000 	/usr/lib/system/libcopyfile.dylib
0x000000000767a000 	/usr/lib/system/libcorecrypto.dylib
0x000000000767a000 	/usr/lib/system/libdispatch.dylib
0x000000000767a000 	/usr/lib/system/libdyld.dylib
0x000000000767a000 	/usr/lib/system/libkeymgr.dylib
0x000000000767a000 	/usr/lib/system/liblaunch.dylib
0x000000000767a000 	/usr/lib/system/libmacho.dylib
0x000000000767a000 	/usr/lib/system/libquarantine.dylib
0x000000000767a000 	/usr/lib/system/libremovefile.dylib
0x000000000767a000 	/usr/lib/system/libsystem_asl.dylib
0x000000000767a000 	/usr/lib/system/libsystem_blocks.dylib
0x000000000767a000 	/usr/lib/system/libsystem_c.dylib
0x000000000767a000 	/usr/lib/system/libsystem_configuration.dylib
0x000000000767a000 	/usr/lib/system/libsystem_coreservices.dylib
0x000000000767a000 	/usr/lib/system/libsystem_darwin.dylib
0x000000000767a000 	/usr/lib/system/libsystem_dnssd.dylib
0x000000000767a000 	/usr/lib/system/libsystem_info.dylib
0x000000000767a000 	/usr/lib/system/libsystem_m.dylib
0x000000000767a000 	/usr/lib/system/libsystem_malloc.dylib
0x000000000767a000 	/usr/lib/system/libsystem_network.dylib
0x000000000767a000 	/usr/lib/system/libsystem_networkextension.dylib
0x000000000767a000 	/usr/lib/system/libsystem_notify.dylib
0x000000000767a000 	/usr/lib/system/libsystem_sandbox.dylib
0x000000000767a000 	/usr/lib/system/libsystem_secinit.dylib
0x000000000767a000 	/usr/lib/system/libsystem_kernel.dylib
0x000000000767a000 	/usr/lib/system/libsystem_platform.dylib
0x000000000767a000 	/usr/lib/system/libsystem_pthread.dylib
0x000000000767a000 	/usr/lib/system/libsystem_symptoms.dylib
0x000000000767a000 	/usr/lib/system/libsystem_trace.dylib
0x000000000767a000 	/usr/lib/system/libunwind.dylib
0x000000000767a000 	/usr/lib/system/libxpc.dylib
0x000000000767a000 	/usr/lib/closure/libclosured.dylib
0x000000000767a000 	/usr/lib/libbsm.0.dylib
0x000000000767a000 	/usr/lib/system/libkxld.dylib
0x000000000767a000 	/usr/lib/libOpenScriptingUtil.dylib
0x000000000767a000 	/usr/lib/libcoretls.dylib
0x000000000767a000 	/usr/lib/libcoretls_cfhelpers.dylib
0x000000000767a000 	/usr/lib/libpam.2.dylib
0x000000000767a000 	/usr/lib/libsqlite3.dylib
0x000000000767a000 	/usr/lib/libxar.1.dylib
0x000000000767a000 	/usr/lib/libbz2.1.0.dylib
0x000000000767a000 	/usr/lib/liblzma.5.dylib
0x000000000767a000 	/usr/lib/libnetwork.dylib
0x000000000767a000 	/usr/lib/libapple_nghttp2.dylib
0x000000000767a000 	/usr/lib/libpcap.A.dylib
0x000000000767a000 	/usr/lib/libboringssl.dylib
0x000000000767a000 	/usr/lib/libusrtcp.dylib
0x000000000767a000 	/usr/lib/libapple_crypto.dylib
0x000000000767a000 	/System/Library/Frameworks/CoreServices.framework/Versions/A/Frameworks/FSEvents.framework/Versions/A/FSEvents
0x000000000767a000 	/System/Library/Frameworks/CoreServices.framework/Versions/A/Frameworks/CarbonCore.framework/Versions/A/CarbonCore
0x000000000767a000 	/System/Library/Frameworks/CoreServices.framework/Versions/A/Frameworks/Metadata.framework/Versions/A/Metadata
0x000000000767a000 	/System/Library/Frameworks/CoreServices.framework/Versions/A/Frameworks/OSServices.framework/Versions/A/OSServices
0x000000000767a000 	/System/Library/Frameworks/CoreServices.framework/Versions/A/Frameworks/SearchKit.framework/Versions/A/SearchKit
0x000000000767a000 	/System/Library/Frameworks/CoreServices.framework/Versions/A/Frameworks/AE.framework/Versions/A/AE
0x000000000767a000 	/System/Library/Frameworks/CoreServices.framework/Versions/A/Frameworks/LaunchServices.framework/Versions/A/LaunchServices
0x000000000767a000 	/System/Library/Frameworks/CoreServices.framework/Versions/A/Frameworks/DictionaryServices.framework/Versions/A/DictionaryServices
0x000000000767a000 	/System/Library/Frameworks/CoreServices.framework/Versions/A/Frameworks/SharedFileList.framework/Versions/A/SharedFileList
0x000000000767a000 	/System/Library/Frameworks/NetFS.framework/Versions/A/NetFS
0x000000000767a000 	/System/Library/PrivateFrameworks/NetAuth.framework/Versions/A/NetAuth
0x000000000767a000 	/System/Library/PrivateFrameworks/login.framework/Versions/A/Frameworks/loginsupport.framework/Versions/A/loginsupport
0x000000000767a000 	/System/Library/PrivateFrameworks/TCC.framework/Versions/A/TCC
0x000000000767a000 	/usr/lib/libmecabra.dylib
0x000000000767a000 	/System/Library/Frameworks/ApplicationServices.framework/Versions/A/Frameworks/ATS.framework/Versions/A/ATS
0x000000000767a000 	/System/Library/Frameworks/ApplicationServices.framework/Versions/A/Frameworks/ColorSyncLegacy.framework/Versions/A/ColorSyncLegacy
0x000000000767a000 	/System/Library/Frameworks/ApplicationServices.framework/Versions/A/Frameworks/HIServices.framework/Versions/A/HIServices
0x000000000767a000 	/System/Library/Frameworks/ApplicationServices.framework/Versions/A/Frameworks/LangAnalysis.framework/Versions/A/LangAnalysis
0x000000000767a000 	/System/Library/Frameworks/ApplicationServices.framework/Versions/A/Frameworks/PrintCore.framework/Versions/A/PrintCore
0x000000000767a000 	/System/Library/Frameworks/ApplicationServices.framework/Versions/A/Frameworks/QD.framework/Versions/A/QD
0x000000000767a000 	/System/Library/Frameworks/ApplicationServices.framework/Versions/A/Frameworks/SpeechSynthesis.framework/Versions/A/SpeechSynthesis
0x000000000767a000 	/System/Library/Frameworks/CoreDisplay.framework/Versions/A/CoreDisplay
0x000000000767a000 	/System/Library/Frameworks/Accelerate.framework/Versions/A/Frameworks/vImage.framework/Versions/A/vImage
0x000000000767a000 	/System/Library/Frameworks/Accelerate.framework/Versions/A/Frameworks/vecLib.framework/Versions/A/vecLib
0x000000000767a000 	/System/Library/Frameworks/Accelerate.framework/Versions/A/Frameworks/vecLib.framework/Versions/A/libvDSP.dylib
0x000000000767a000 	/System/Library/Frameworks/Accelerate.framework/Versions/A/Frameworks/vecLib.framework/Versions/A/libBNNS.dylib
0x000000000767a000 	/System/Library/Frameworks/Accelerate.framework/Versions/A/Frameworks/vecLib.framework/Versions/A/libQuadrature.dylib
0x000000000767a000 	/System/Library/Frameworks/Accelerate.framework/Versions/A/Frameworks/vecLib.framework/Versions/A/libvMisc.dylib
0x000000000767a000 	/System/Library/Frameworks/Accelerate.framework/Versions/A/Frameworks/vecLib.framework/Versions/A/libLAPACK.dylib
0x000000000767a000 	/System/Library/Frameworks/Accelerate.framework/Versions/A/Frameworks/vecLib.framework/Versions/A/libBLAS.dylib
0x000000000767a000 	/System/Library/Frameworks/Accelerate.framework/Versions/A/Frameworks/vecLib.framework/Versions/A/libLinearAlgebra.dylib
0x000000000767a000 	/System/Library/Frameworks/Accelerate.framework/Versions/A/Frameworks/vecLib.framework/Versions/A/libSparse.dylib
0x000000000767a000 	/System/Library/Frameworks/Accelerate.framework/Versions/A/Frameworks/vecLib.framework/Versions/A/libSparseBLAS.dylib
0x000000000767a000 	/System/Library/PrivateFrameworks/IOAccelerator.framework/Versions/A/IOAccelerator
0x000000000767a000 	/System/Library/PrivateFrameworks/IOPresentment.framework/Versions/A/IOPresentment
0x000000000767a000 	/System/Library/PrivateFrameworks/DSExternalDisplay.framework/Versions/A/DSExternalDisplay
0x000000000767a000 	/System/Library/Frameworks/OpenGL.framework/Versions/A/Libraries/libCoreFSCache.dylib
0x000000000767a000 	/System/Library/Frameworks/CoreVideo.framework/Versions/A/CoreVideo
0x000000000767a000 	/System/Library/PrivateFrameworks/GraphVisualizer.framework/Versions/A/GraphVisualizer
0x000000000767a000 	/System/Library/Frameworks/MetalPerformanceShaders.framework/Versions/A/MetalPerformanceShaders
0x000000000767a000 	/usr/lib/libFosl_dynamic.dylib
0x000000000767a000 	/System/Library/PrivateFrameworks/FaceCore.framework/Versions/A/FaceCore
0x000000000767a000 	/System/Library/Frameworks/OpenCL.framework/Versions/A/OpenCL
0x000000000767a000 	/usr/lib/libcompression.dylib
0x000000000767a000 	/System/Library/Frameworks/ApplicationServices.framework/Versions/A/Frameworks/ATS.framework/Versions/A/Resources/libFontParser.dylib
0x000000000767a000 	/System/Library/Frameworks/ApplicationServices.framework/Versions/A/Frameworks/ATS.framework/Versions/A/Resources/libFontRegistry.dylib
0x000000000767a000 	/System/Library/Frameworks/ImageIO.framework/Versions/A/Resources/libJPEG.dylib
0x000000000767a000 	/System/Library/Frameworks/ImageIO.framework/Versions/A/Resources/libTIFF.dylib
0x000000000767a000 	/System/Library/Frameworks/ImageIO.framework/Versions/A/Resources/libPng.dylib
0x000000000767a000 	/System/Library/Frameworks/ImageIO.framework/Versions/A/Resources/libGIF.dylib
0x000000000767a000 	/System/Library/Frameworks/ImageIO.framework/Versions/A/Resources/libJP2.dylib
0x000000000767a000 	/System/Library/Frameworks/ImageIO.framework/Versions/A/Resources/libRadiance.dylib
0x000000000767a000 	/System/Library/PrivateFrameworks/AppleJPEG.framework/Versions/A/AppleJPEG
0x000000000767a000 	/System/Library/PrivateFrameworks/MetalTools.framework/Versions/A/MetalTools
0x000000000767a000 	/System/Library/Frameworks/MetalPerformanceShaders.framework/Frameworks/MPSCore.framework/Versions/A/MPSCore
0x000000000767a000 	/System/Library/Frameworks/MetalPerformanceShaders.framework/Frameworks/MPSImage.framework/Versions/A/MPSImage
0x000000000767a000 	/System/Library/Frameworks/MetalPerformanceShaders.framework/Frameworks/MPSMatrix.framework/Versions/A/MPSMatrix
0x000000000767a000 	/System/Library/Frameworks/MetalPerformanceShaders.framework/Frameworks/MPSNeuralNetwork.framework/Versions/A/MPSNeuralNetwork
0x000000000767a000 	/System/Library/Frameworks/OpenGL.framework/Versions/A/Libraries/libGLU.dylib
0x000000000767a000 	/System/Library/Frameworks/OpenGL.framework/Versions/A/Libraries/libGFXShared.dylib
0x000000000767a000 	/System/Library/Frameworks/OpenGL.framework/Versions/A/Libraries/libGL.dylib
0x000000000767a000 	/System/Library/Frameworks/OpenGL.framework/Versions/A/Libraries/libGLImage.dylib
0x000000000767a000 	/System/Library/Frameworks/OpenGL.framework/Versions/A/Libraries/libCVMSPluginSupport.dylib
0x000000000767a000 	/System/Library/Frameworks/OpenGL.framework/Versions/A/Libraries/libCoreVMClient.dylib
0x000000000767a000 	/usr/lib/libcups.2.dylib
0x000000000767a000 	/System/Library/Frameworks/Kerberos.framework/Versions/A/Kerberos
0x000000000767a000 	/System/Library/Frameworks/GSS.framework/Versions/A/GSS
0x000000000767a000 	/usr/lib/libresolv.9.dylib
0x000000000767a000 	/usr/lib/libiconv.2.dylib
0x000000000767a000 	/System/Library/PrivateFrameworks/Heimdal.framework/Versions/A/Heimdal
0x000000000767a000 	/usr/lib/libheimdal-asn1.dylib
0x000000000767a000 	/System/Library/Frameworks/OpenDirectory.framework/Versions/A/OpenDirectory
0x000000000767a000 	/System/Library/PrivateFrameworks/CommonAuth.framework/Versions/A/CommonAuth
0x000000000767a000 	/System/Library/Frameworks/OpenDirectory.framework/Versions/A/Frameworks/CFOpenDirectory.framework/Versions/A/CFOpenDirectory
0x000000000767a000 	/System/Library/Frameworks/SecurityFoundation.framework/Versions/A/SecurityFoundation
0x000000000767a000 	/System/Library/PrivateFrameworks/APFS.framework/Versions/A/APFS
0x000000000767a000 	/usr/lib/libutil.dylib
0x000000000767a000 	/System/Library/PrivateFrameworks/AppleSauce.framework/Versions/A/AppleSauce
0x000000000767a000 	/System/Library/PrivateFrameworks/LinguisticData.framework/Versions/A/LinguisticData
0x000000000767a000 	/usr/lib/libmarisa.dylib
0x000000000767a000 	/System/Library/PrivateFrameworks/Lexicon.framework/Versions/A/Lexicon
0x000000000767a000 	/usr/lib/libChineseTokenizer.dylib
0x000000000767a000 	/usr/lib/libcmph.dylib
0x000000000767a000 	/System/Library/PrivateFrameworks/LanguageModeling.framework/Versions/A/LanguageModeling
0x000000000767a000 	/System/Library/PrivateFrameworks/CoreEmoji.framework/Versions/A/CoreEmoji
0x000000000767a000 	/System/Library/Frameworks/ServiceManagement.framework/Versions/A/ServiceManagement
0x000000000767a000 	/System/Library/PrivateFrameworks/BackgroundTaskManagement.framework/Versions/A/BackgroundTaskManagement
0x000000000767a000 	/usr/lib/libxslt.1.dylib
0x000000000767a000 	/System/Library/Frameworks/Carbon.framework/Versions/A/Frameworks/Ink.framework/Versions/A/Ink
0x000000000767a000 	/System/Library/PrivateFrameworks/TextureIO.framework/Versions/A/TextureIO
0x000000000767a000 	/usr/lib/libate.dylib
0x000000000767a000 	/System/Library/PrivateFrameworks/CrashReporterSupport.framework/Versions/A/CrashReporterSupport
0x000000000767a000 	/System/Library/PrivateFrameworks/Sharing.framework/Versions/A/Sharing
0x000000000767a000 	/System/Library/PrivateFrameworks/IconServices.framework/Versions/A/IconServices
0x000000000767a000 	/System/Library/PrivateFrameworks/ProtocolBuffer.framework/Versions/A/ProtocolBuffer
0x000000000767a000 	/System/Library/PrivateFrameworks/Apple80211.framework/Versions/A/Apple80211
0x000000000767a000 	/System/Library/Frameworks/CoreWLAN.framework/Versions/A/CoreWLAN
0x000000000767a000 	/System/Library/PrivateFrameworks/CoreUtils.framework/Versions/A/CoreUtils
0x000000000767a000 	/System/Library/Frameworks/IOBluetooth.framework/Versions/A/IOBluetooth
0x000000000767a000 	/System/Library/PrivateFrameworks/CoreWiFi.framework/Versions/A/CoreWiFi
0x000000000767a000 	/System/Library/Frameworks/CoreBluetooth.framework/Versions/A/CoreBluetooth
0x000000000767a000 	/System/Library/PrivateFrameworks/SignpostNotification.framework/Versions/A/SignpostNotification
0x000000000767a000 	/System/Library/PrivateFrameworks/DebugSymbols.framework/Versions/A/DebugSymbols
0x000000000767a000 	/System/Library/PrivateFrameworks/CoreSymbolication.framework/Versions/A/CoreSymbolication
0x000000000767a000 	/System/Library/PrivateFrameworks/Symbolication.framework/Versions/A/Symbolication
0x000000000767a000 	/System/Library/PrivateFrameworks/AppleFSCompression.framework/Versions/A/AppleFSCompression
0x000000000767a000 	/System/Library/PrivateFrameworks/SpeechRecognitionCore.framework/Versions/A/SpeechRecognitionCore
0x0000000108200000 	/Library/Java/JavaVirtualMachines/jdk1.8.0_152.jdk/Contents/Home/jre/lib/server/libjvm.dylib
0x000000000767a000 	/usr/lib/libstdc++.6.0.9.dylib
0x0000000107100000 	/Library/Java/JavaVirtualMachines/jdk1.8.0_152.jdk/Contents/Home/jre/lib/libverify.dylib
0x000000010710e000 	/Library/Java/JavaVirtualMachines/jdk1.8.0_152.jdk/Contents/Home/jre/lib/libjava.dylib
0x0000000107145000 	/Library/Java/JavaVirtualMachines/jdk1.8.0_152.jdk/Contents/Home/jre/lib/libjdwp.dylib
0x0000000107190000 	/Library/Java/JavaVirtualMachines/jdk1.8.0_152.jdk/Contents/Home/jre/lib/libnpt.dylib
0x0000000107194000 	/Users/acrow/.p2/pool/plugins/org.zeroturnaround.eclipse.embedder_7.1.5.RELEASE/jrebel/lib/libjrebel64.dylib
0x000000010927e000 	/Library/Java/JavaVirtualMachines/jdk1.8.0_152.jdk/Contents/Home/jre/lib/libzip.dylib
0x000000011389d000 	/Library/Java/JavaVirtualMachines/jdk1.8.0_152.jdk/Contents/Home/jre/lib/libdt_socket.dylib
0x0000000126577000 	/Library/Java/JavaVirtualMachines/jdk1.8.0_152.jdk/Contents/Home/jre/lib/libmanagement.dylib
0x0000000126585000 	/Library/Java/JavaVirtualMachines/jdk1.8.0_152.jdk/Contents/Home/jre/lib/libnet.dylib
0x00000001265e4000 	/Library/Java/JavaVirtualMachines/jdk1.8.0_152.jdk/Contents/Home/jre/lib/libnio.dylib
0x0000000126cc7000 	/Library/Java/JavaVirtualMachines/jdk1.8.0_152.jdk/Contents/Home/jre/lib/libsunec.dylib

VM Arguments:
jvm_args: -agentlib:jdwp=transport=dt_socket,suspend=y,address=localhost:49180 -Drebel.base=/Users/acrow/.jrebel -Drebel.env.ide.plugin.version=7.1.5 -Drebel.env.ide.version=4.7.2 -Drebel.env.ide.product=Eclipse -Drebel.env.ide=eclipse -Drebel.notification.url=http://localhost:17434 -Drebel.workspace.path=/Users/acrow/eclipse-workspace -Drebel.properties=/Users/acrow/.jrebel/jrebel.properties -agentpath:/Users/acrow/eclipse/java-oxygen/Eclipse.app/Contents/Eclipse/../../../../../.p2/pool/plugins/org.zeroturnaround.eclipse.embedder_7.1.5.RELEASE/jrebel/lib/libjrebel64.dylib -Dvertx.options.blockedThreadCheckInterval=2147483647 -Dfile.encoding=UTF-8 
java_command: io.vertx.core.Launcher run life.genny.bridge.ServiceVerticle redeploy=**/*.java launcher-class=io.vertx.core.Launcher -cluster
java_class_path (initial): /Library/Java/JavaVirtualMachines/jdk1.8.0_152.jdk/Contents/Home/jre/lib/resources.jar:/Library/Java/JavaVirtualMachines/jdk1.8.0_152.jdk/Contents/Home/jre/lib/rt.jar:/Library/Java/JavaVirtualMachines/jdk1.8.0_152.jdk/Contents/Home/jre/lib/jsse.jar:/Library/Java/JavaVirtualMachines/jdk1.8.0_152.jdk/Contents/Home/jre/lib/jce.jar:/Library/Java/JavaVirtualMachines/jdk1.8.0_152.jdk/Contents/Home/jre/lib/charsets.jar:/Library/Java/JavaVirtualMachines/jdk1.8.0_152.jdk/Contents/Home/jre/lib/jfr.jar:/Library/Java/JavaVirtualMachines/jdk1.8.0_152.jdk/Contents/Home/jre/lib/ext/sunec.jar:/Library/Java/JavaVirtualMachines/jdk1.8.0_152.jdk/Contents/Home/jre/lib/ext/nashorn.jar:/Library/Java/JavaVirtualMachines/jdk1.8.0_152.jdk/Contents/Home/jre/lib/ext/cldrdata.jar:/Library/Java/JavaVirtualMachines/jdk1.8.0_152.jdk/Contents/Home/jre/lib/ext/jfxrt.jar:/Library/Java/JavaVirtualMachines/jdk1.8.0_152.jdk/Contents/Home/jre/lib/ext/dnsns.jar:/Library/Java/JavaVirtualMachines/jdk1.8.0_152.jdk/Contents/Home/jre/lib/ext/localedata.jar:/Library/Java/JavaVirtualMachines/jdk1.8.0_152.jdk/Contents/Home/jre/lib/ext/sunjce_provider.jar:/Library/Java/JavaVirtualMachines/jdk1.8.0_152.jdk/Contents/Home/jre/lib/ext/sunpkcs11.jar:/Library/Java/JavaVirtualMachines/jdk1.8.0_152.jdk/Contents/Home/jre/lib/ext/jaccess.jar:/Library/Java/JavaVirtualMachines/jdk1.8.0_152.jdk/Contents/Home/jre/lib/ext/zipfs.jar:/System/Library/Java/Extensions/MRJToolkit.jar:/Users/acrow/projects/genny/bridge/target/classes:/Users/acrow/.m2/repository/io/vertx/vertx-redis-client/3.4.2/vertx-redis-client-3.4.2.jar:/Users/acrow/.m2/repository/io/vertx/vertx-web/3.4.2/vertx-web-3.4.2.jar:/Users/acrow/.m2/repository/io/vertx/vertx-core/3.4.2/vertx-core-3.4.2.jar:/Users/acrow/.m2/repository/io/netty/netty-common/4.1.8.Final/netty-common-4.1.8.Final.jar:/Users/acrow/.m2/repository/io/netty/netty-buffer/4.1.8.Final/netty-buffer-4.1.8.Final.jar:/Users/acrow/.m2/repository/io/netty/netty-transport/4.1.8.F
Launcher Type: SUN_STANDARD

Environment Variables:
PATH=/usr/bin:/bin:/usr/sbin:/sbin
SHELL=/bin/bash
DISPLAY=/private/tmp/com.apple.launchd.yWhvWCzYcp/org.macosforge.xquartz:0

Signal Handlers:
SIGSEGV: [libjvm.dylib+0x5b494d], sa_mask[0]=11111111011111110111111111111111, sa_flags=SA_ONSTACK|SA_RESTART|SA_SIGINFO
SIGBUS: [libjvm.dylib+0x5b494d], sa_mask[0]=11111111011111110111111111111111, sa_flags=SA_RESTART|SA_SIGINFO
SIGFPE: [libjvm.dylib+0x48ab54], sa_mask[0]=11111111011111110111111111111111, sa_flags=SA_RESTART|SA_SIGINFO
SIGPIPE: [libjvm.dylib+0x48ab54], sa_mask[0]=11111111011111110111111111111111, sa_flags=SA_RESTART|SA_SIGINFO
SIGXFSZ: [libjvm.dylib+0x48ab54], sa_mask[0]=11111111011111110111111111111111, sa_flags=SA_RESTART|SA_SIGINFO
SIGILL: [libjvm.dylib+0x48ab54], sa_mask[0]=11111111011111110111111111111111, sa_flags=SA_RESTART|SA_SIGINFO
SIGUSR1: SIG_DFL, sa_mask[0]=00000000000000000000000000000000, sa_flags=none
SIGUSR2: [libjvm.dylib+0x48a672], sa_mask[0]=00100000000000000000000000000000, sa_flags=SA_RESTART|SA_SIGINFO
SIGHUP: [libjvm.dylib+0x488c49], sa_mask[0]=11111111011111110111111111111111, sa_flags=SA_RESTART|SA_SIGINFO
SIGINT: [libjvm.dylib+0x488c49], sa_mask[0]=11111111011111110111111111111111, sa_flags=SA_RESTART|SA_SIGINFO
SIGTERM: [libjvm.dylib+0x488c49], sa_mask[0]=11111111011111110111111111111111, sa_flags=SA_RESTART|SA_SIGINFO
SIGQUIT: [libjvm.dylib+0x488c49], sa_mask[0]=11111111011111110111111111111111, sa_flags=SA_RESTART|SA_SIGINFO


---------------  S Y S T E M  ---------------

OS:Bsduname:Darwin 17.4.0 Darwin Kernel Version 17.4.0: Sun Dec 17 09:19:54 PST 2017; root:xnu-4570.41.2~1/RELEASE_X86_64 x86_64
rlimit: STACK 8192k, CORE 0k, NPROC 1418, NOFILE 10240, AS infinity
load average:4.77 3.64 3.32

CPU:total 8 (initial active 8) (4 cores per cpu, 2 threads per core) family 6 model 158 stepping 9, cmov, cx8, fxsr, mmx, sse, sse2, sse3, ssse3, sse4.1, sse4.2, popcnt, avx, avx2, aes, clmul, erms, rtm, 3dnowpref, lzcnt, ht, tsc, tscinvbit, bmi1, bmi2, adx

Memory: 4k page, physical 16777216k(402896k free)

/proc/meminfo:


vm_info: Java HotSpot(TM) 64-Bit Server VM (25.152-b16) for bsd-amd64 JRE (1.8.0_152-b16), built on Sep 14 2017 02:31:13 by "java_re" with gcc 4.2.1 (Based on Apple Inc. build 5658) (LLVM build 2336.11.00)

time: Sat Mar 10 14:08:20 2018
elapsed time: 9037 seconds (0d 2h 30m 37s)

